Log file open, 09/03/20 07:23:46
LogWindows: Failed to load 'aqProf.dll' (GetLastError=126)
LogWindows: File 'aqProf.dll' does not exist
LogWindows: Failed to load 'VtuneApi.dll' (GetLastError=126)
LogWindows: File 'VtuneApi.dll' does not exist
LogWindows: Failed to load 'VtuneApi32e.dll' (GetLastError=126)
LogWindows: File 'VtuneApi32e.dll' does not exist
LogConsoleResponse: Display: Failed to find resolution value strings in scalability ini. Falling back to default.
LogInit: Display: Running engine for game: UltimateShooterKit
LogPlatformFile: Not using cached read wrapper
LogTaskGraph: Started task graph with 5 named threads and 20 total threads with 3 sets of task threads.
LogStats: Stats thread started at 0.061734
LogD3D11RHI: Loaded GFSDK_Aftermath_Lib.x64.dll
LogICUInternationalization: ICU TimeZone Detection - Raw Offset: -6:00, Platform Override: ''
LogPluginManager: Mounting plugin Paper2D
LogPluginManager: Mounting plugin AISupport
LogPluginManager: Mounting plugin LightPropagationVolume
LogPluginManager: Mounting plugin ActorLayerUtilities
LogPluginManager: Mounting plugin AnimationSharing
LogPluginManager: Mounting plugin CLionSourceCodeAccess
LogPluginManager: Mounting plugin CodeLiteSourceCodeAccess
LogPluginManager: Mounting plugin GitSourceControl
LogPluginManager: Mounting plugin KDevelopSourceCodeAccess
LogPluginManager: Mounting plugin NullSourceCodeAccess
LogPluginManager: Mounting plugin PerforceSourceControl
LogPluginManager: Mounting plugin PlasticSourceControl
LogPluginManager: Mounting plugin SubversionSourceControl
LogPluginManager: Mounting plugin UObjectPlugin
LogPluginManager: Mounting plugin VisualStudioCodeSourceCodeAccess
LogPluginManager: Mounting plugin VisualStudioSourceCodeAccess
LogPluginManager: Mounting plugin XCodeSourceCodeAccess
LogPluginManager: Mounting plugin AssetManagerEditor
LogPluginManager: Mounting plugin CryptoKeys
LogPluginManager: Mounting plugin CurveEditorTools
LogPluginManager: Mounting plugin DataValidation
LogPluginManager: Mounting plugin FacialAnimation
LogPluginManager: Mounting plugin GameplayTagsEditor
LogPluginManager: Mounting plugin MacGraphicsSwitching
LogPluginManager: Mounting plugin MaterialAnalyzer
LogPluginManager: Mounting plugin MobileLauncherProfileWizard
LogPluginManager: Mounting plugin PluginBrowser
LogPluginManager: Mounting plugin SpeedTreeImporter
LogPluginManager: Mounting plugin DatasmithContent
LogPluginManager: Mounting plugin VariantManagerContent
LogPluginManager: Mounting plugin AlembicImporter
LogPluginManager: Mounting plugin AutomationUtils
LogPluginManager: Mounting plugin BackChannel
LogPluginManager: Mounting plugin CharacterAI
LogPluginManager: Mounting plugin GeometryCache
LogPluginManager: Mounting plugin PlatformCrypto
LogPluginManager: Mounting plugin ProxyLODPlugin
LogPluginManager: Mounting plugin SkeletalReduction
LogPluginManager: Mounting plugin MagicLeap
LogPluginManager: Mounting plugin MagicLeapMedia
LogPluginManager: Mounting plugin MLSDK
LogPluginManager: Mounting plugin AndroidMedia
LogPluginManager: Mounting plugin AvfMedia
LogPluginManager: Mounting plugin ImgMedia
LogPluginManager: Mounting plugin MediaCompositing
LogPluginManager: Mounting plugin MediaPlayerEditor
LogPluginManager: Mounting plugin WebMMedia
LogPluginManager: Mounting plugin WmfMedia
LogPluginManager: Mounting plugin TcpMessaging
LogPluginManager: Mounting plugin UdpMessaging
LogPluginManager: Mounting plugin ActorSequence
LogPluginManager: Mounting plugin LevelSequenceEditor
LogPluginManager: Mounting plugin MatineeToLevelSequence
LogPluginManager: Mounting plugin NetcodeUnitTest
LogPluginManager: Mounting plugin NUTUnrealEngine4
LogPluginManager: Mounting plugin OnlineSubsystemGooglePlay
LogPluginManager: Mounting plugin OnlineSubsystemIOS
LogPluginManager: Mounting plugin OnlineSubsystem
LogPluginManager: Mounting plugin OnlineSubsystemNull
LogPluginManager: Mounting plugin OnlineSubsystemUtils
LogPluginManager: Mounting plugin LauncherChunkInstaller
LogPluginManager: Mounting plugin AndroidDeviceProfileSelector
LogPluginManager: Mounting plugin AndroidMoviePlayer
LogPluginManager: Mounting plugin AndroidPermission
LogPluginManager: Mounting plugin AppleImageUtils
LogPluginManager: Mounting plugin AppleMoviePlayer
LogPluginManager: Mounting plugin ArchVisCharacter
LogPluginManager: Mounting plugin AssetTags
LogPluginManager: Mounting plugin AudioCapture
LogPluginManager: Mounting plugin CableComponent
LogPluginManager: Mounting plugin CustomMeshComponent
LogPluginManager: Mounting plugin EditableMesh
LogPluginManager: Mounting plugin ExampleDeviceProfileSelector
LogPluginManager: Mounting plugin GoogleCloudMessaging
LogPluginManager: Mounting plugin IOSDeviceProfileSelector
LogPluginManager: Mounting plugin LinuxDeviceProfileSelector
LogPluginManager: Mounting plugin LocationServicesBPLibrary
LogPluginManager: Mounting plugin MobilePatchingUtils
LogPluginManager: Mounting plugin PhysXVehicles
LogPluginManager: Mounting plugin PostSplashScreen
LogPluginManager: Mounting plugin ProceduralMeshComponent
LogPluginManager: Mounting plugin RuntimePhysXCooking
LogPluginManager: Mounting plugin SignificanceManager
LogPluginManager: Mounting plugin WebMMoviePlayer
LogPluginManager: Mounting plugin WindowsMoviePlayer
LogPluginManager: Mounting plugin ScreenshotTools
LogInit: Using libcurl 7.55.1-DEV
LogInit:  - built for x86_64-pc-win32
LogInit:  - supports SSL with OpenSSL/1.1.1
LogInit:  - supports HTTP deflate (compression) using libz 1.2.8
LogInit:  - other features:
LogInit:      CURL_VERSION_SSL
LogInit:      CURL_VERSION_LIBZ
LogInit:      CURL_VERSION_IPV6
LogInit:      CURL_VERSION_ASYNCHDNS
LogInit:      CURL_VERSION_LARGEFILE
LogInit:      CURL_VERSION_IDN
LogInit:  CurlRequestOptions (configurable via config and command line):
LogInit:  - bVerifyPeer = true  - Libcurl will verify peer certificate
LogInit:  - bUseHttpProxy = false  - Libcurl will NOT use HTTP proxy
LogInit:  - bDontReuseConnections = false  - Libcurl will reuse connections
LogInit:  - MaxHostConnections = 16  - Libcurl will limit the number of connections to a host
LogInit:  - LocalHostAddr = Default
LogInit:  - BufferSize = 65536
LogOnline: OSS: Creating online subsystem instance for: NULL
LogInit: WinSock: version 1.1 (2.2), MaxSocks=32767, MaxUdp=65467
LogOnline: OSS: TryLoadSubsystemAndSetDefault: Loaded subsystem for module [NULL]
LogInit: Build: ++UE4+Release-4.24-CL-11590370
LogInit: Engine Version: 4.24.3-11590370+++UE4+Release-4.24
LogInit: Compatible Engine Version: 4.24.0-10570792+++UE4+Release-4.24
LogInit: Net CL: 10570792
LogInit: OS: Windows 10 (Release 2004) (), CPU: Intel(R) Core(TM) i5-9600K CPU @ 3.70GHz, GPU: AMD Radeon RX 5600 XT
LogInit: Compiled (64-bit): Feb 24 2020 15:39:18
LogInit: Compiled with Visual C++: 19.16.27032.01
LogInit: Build Configuration: Development
LogInit: Branch Name: ++UE4+Release-4.24
LogInit: Command Line: 
LogInit: Base Directory: C:/Program Files/UE_4.24/Engine/Binaries/Win64/
LogInit: Installed Engine Build: 1
LogDevObjectVersion: Number of dev versions registered: 25
LogDevObjectVersion:   Dev-Blueprints (B0D832E4-1F89-4F0D-ACCF-7EB736FD4AA2): 10
LogDevObjectVersion:   Dev-Build (E1C64328-A22C-4D53-A36C-8E866417BD8C): 0
LogDevObjectVersion:   Dev-Core (375EC13C-06E4-48FB-B500-84F0262A717E): 3
LogDevObjectVersion:   Dev-Editor (E4B068ED-F494-42E9-A231-DA0B2E46BB41): 37
LogDevObjectVersion:   Dev-Framework (CFFC743F-43B0-4480-9391-14DF171D2073): 36
LogDevObjectVersion:   Dev-Mobile (B02B49B5-BB20-44E9-A304-32B752E40360): 2
LogDevObjectVersion:   Dev-Networking (A4E4105C-59A1-49B5-A7C5-40C4547EDFEE): 0
LogDevObjectVersion:   Dev-Online (39C831C9-5AE6-47DC-9A44-9C173E1C8E7C): 0
LogDevObjectVersion:   Dev-Physics (78F01B33-EBEA-4F98-B9B4-84EACCB95AA2): 2
LogDevObjectVersion:   Dev-Platform (6631380F-2D4D-43E0-8009-CF276956A95A): 0
LogDevObjectVersion:   Dev-Rendering (12F88B9F-8875-4AFC-A67C-D90C383ABD29): 36
LogDevObjectVersion:   Dev-Sequencer (7B5AE74C-D270-4C10-A958-57980B212A5A): 11
LogDevObjectVersion:   Dev-VR (D7296918-1DD6-4BDD-9DE2-64A83CC13884): 2
LogDevObjectVersion:   Dev-LoadTimes (C2A15278-BFE7-4AFE-6C17-90FF531DF755): 1
LogDevObjectVersion:   Private-Geometry (6EACA3D4-40EC-4CC1-B786-8BED09428FC5): 3
LogDevObjectVersion:   Dev-AnimPhys (29E575DD-E0A3-4627-9D10-D276232CDCEA): 17
LogDevObjectVersion:   Dev-Anim (AF43A65D-7FD3-4947-9873-3E8ED9C1BB05): 2
LogDevObjectVersion:   Dev-ReflectionCapture (6B266CEC-1EC7-4B8F-A30B-E4D90942FC07): 1
LogDevObjectVersion:   Dev-Automation (0DF73D61-A23F-47EA-B727-89E90C41499A): 1
LogDevObjectVersion:   FortniteMain (601D1886-AC64-4F84-AA16-D3DE0DEAC7D6): 31
LogDevObjectVersion:   Dev-Enterprise (9DFFBCD6-494F-0158-E221-12823C92A888): 8
LogDevObjectVersion:   Dev-Niagara (F2AED0AC-9AFE-416F-8664-AA7FFA26D6FC): 1
LogDevObjectVersion:   Dev-Destruction (174F1F0B-B4C6-45A5-B13F-2EE8D0FB917D): 9
LogDevObjectVersion:   Dev-Physics-Ext (35F94A83-E258-406C-A318-09F59610247C): 8
LogDevObjectVersion:   Dev-CineCamera (B2E18506-4273-CFC2-A54E-F4BB758BBA07): 1
LogInit: Presizing for max 25165824 objects, including 0 objects not considered by GC, pre-allocating 0 bytes for permanent pool.
LogInit: Object subsystem initialized
LogConfig: Setting CVar [[con.DebugEarlyDefault:1]]
LogConfig: Setting CVar [[r.setres:1280x720]]
[2020.09.03-12.23.46:620][  0]LogConfig: Setting CVar [[r.VSync:0]]
[2020.09.03-12.23.46:620][  0]LogConfig: Setting CVar [[r.RHICmdBypass:0]]
[2020.09.03-12.23.46:620][  0]LogConfig: Applying CVar settings from Section [/Script/Engine.RendererSettings] File [C:/Users/randy/Documents/RGS_Upgrade/Saved/Config/Windows/Engine.ini]
[2020.09.03-12.23.46:620][  0]LogConfig: Setting CVar [[r.GPUCrashDebugging:0]]
[2020.09.03-12.23.46:620][  0]LogConfig: Setting CVar [[r.DefaultFeature.MotionBlur:0]]
[2020.09.03-12.23.46:620][  0]LogConfig: Setting CVar [[r.DefaultFeature.AntiAliasing:2]]
[2020.09.03-12.23.46:620][  0]LogConfig: Applying CVar settings from Section [/Script/Engine.RendererOverrideSettings] File [C:/Users/randy/Documents/RGS_Upgrade/Saved/Config/Windows/Engine.ini]
[2020.09.03-12.23.46:620][  0]LogConfig: Applying CVar settings from Section [/Script/Engine.StreamingSettings] File [C:/Users/randy/Documents/RGS_Upgrade/Saved/Config/Windows/Engine.ini]
[2020.09.03-12.23.46:620][  0]LogConfig: Setting CVar [[s.MinBulkDataSizeForAsyncLoading:131072]]
[2020.09.03-12.23.46:620][  0]LogConfig: Setting CVar [[s.AsyncLoadingThreadEnabled:0]]
[2020.09.03-12.23.46:620][  0]LogConfig: Setting CVar [[s.EventDrivenLoaderEnabled:1]]
[2020.09.03-12.23.46:620][  0]LogConfig: Setting CVar [[s.WarnIfTimeLimitExceeded:0]]
[2020.09.03-12.23.46:620][  0]LogConfig: Setting CVar [[s.TimeLimitExceededMultiplier:1.5]]
[2020.09.03-12.23.46:620][  0]LogConfig: Setting CVar [[s.TimeLimitExceededMinTime:0.005]]
[2020.09.03-12.23.46:620][  0]LogConfig: Setting CVar [[s.UseBackgroundLevelStreaming:1]]
[2020.09.03-12.23.46:620][  0]LogConfig: Setting CVar [[s.PriorityAsyncLoadingExtraTime:15.0]]
[2020.09.03-12.23.46:620][  0]LogConfig: Setting CVar [[s.LevelStreamingActorsUpdateTimeLimit:5.0]]
[2020.09.03-12.23.46:620][  0]LogConfig: Setting CVar [[s.PriorityLevelStreamingActorsUpdateExtraTime:5.0]]
[2020.09.03-12.23.46:620][  0]LogConfig: Setting CVar [[s.LevelStreamingComponentsRegistrationGranularity:10]]
[2020.09.03-12.23.46:620][  0]LogConfig: Setting CVar [[s.UnregisterComponentsTimeLimit:1.0]]
[2020.09.03-12.23.46:620][  0]LogConfig: Setting CVar [[s.LevelStreamingComponentsUnregistrationGranularity:5]]
[2020.09.03-12.23.46:620][  0]LogConfig: Setting CVar [[s.FlushStreamingOnExit:1]]
[2020.09.03-12.23.46:620][  0]LogConfig: Applying CVar settings from Section [/Script/Engine.GarbageCollectionSettings] File [C:/Users/randy/Documents/RGS_Upgrade/Saved/Config/Windows/Engine.ini]
[2020.09.03-12.23.46:620][  0]LogConfig: Setting CVar [[gc.MaxObjectsNotConsideredByGC:1]]
[2020.09.03-12.23.46:620][  0]LogConfig: Setting CVar [[gc.SizeOfPermanentObjectPool:0]]
[2020.09.03-12.23.46:620][  0]LogConfig: Setting CVar [[gc.FlushStreamingOnGC:0]]
[2020.09.03-12.23.46:620][  0]LogConfig: Setting CVar [[gc.NumRetriesBeforeForcingGC:10]]
[2020.09.03-12.23.46:620][  0]LogConfig: Setting CVar [[gc.AllowParallelGC:1]]
[2020.09.03-12.23.46:620][  0]LogConfig: Setting CVar [[gc.TimeBetweenPurgingPendingKillObjects:61.1]]
[2020.09.03-12.23.46:620][  0]LogConfig: Setting CVar [[gc.MaxObjectsInEditor:25165824]]
[2020.09.03-12.23.46:620][  0]LogConfig: Setting CVar [[gc.IncrementalBeginDestroyEnabled:1]]
[2020.09.03-12.23.46:620][  0]LogConfig: Setting CVar [[gc.CreateGCClusters:1]]
[2020.09.03-12.23.46:620][  0]LogConfig: Setting CVar [[gc.MinGCClusterSize:5]]
[2020.09.03-12.23.46:620][  0]LogConfig: Setting CVar [[gc.ActorClusteringEnabled:0]]
[2020.09.03-12.23.46:620][  0]LogConfig: Setting CVar [[gc.BlueprintClusteringEnabled:0]]
[2020.09.03-12.23.46:620][  0]LogConfig: Setting CVar [[gc.UseDisregardForGCOnDedicatedServers:0]]
[2020.09.03-12.23.46:620][  0]LogConfig: Applying CVar settings from Section [/Script/Engine.NetworkSettings] File [C:/Users/randy/Documents/RGS_Upgrade/Saved/Config/Windows/Engine.ini]
[2020.09.03-12.23.46:620][  0]LogConfig: Applying CVar settings from Section [/Script/UnrealEd.CookerSettings] File [C:/Users/randy/Documents/RGS_Upgrade/Saved/Config/Windows/Engine.ini]
[2020.09.03-12.23.46:623][  0]LogConfig: Applying CVar settings from Section [ViewDistanceQuality@3] File [C:/Users/randy/Documents/RGS_Upgrade/Saved/Config/Windows/Scalability.ini]
[2020.09.03-12.23.46:623][  0]LogConfig: Setting CVar [[r.SkeletalMeshLODBias:0]]
[2020.09.03-12.23.46:623][  0]LogConfig: Setting CVar [[r.ViewDistanceScale:1.0]]
[2020.09.03-12.23.46:623][  0]LogConfig: Applying CVar settings from Section [AntiAliasingQuality@3] File [C:/Users/randy/Documents/RGS_Upgrade/Saved/Config/Windows/Scalability.ini]
[2020.09.03-12.23.46:623][  0]LogConfig: Setting CVar [[r.PostProcessAAQuality:4]]
[2020.09.03-12.23.46:623][  0]LogConfig: Applying CVar settings from Section [ShadowQuality@3] File [C:/Users/randy/Documents/RGS_Upgrade/Saved/Config/Windows/Scalability.ini]
[2020.09.03-12.23.46:623][  0]LogConfig: Setting CVar [[r.LightFunctionQuality:1]]
[2020.09.03-12.23.46:623][  0]LogConfig: Setting CVar [[r.ShadowQuality:5]]
[2020.09.03-12.23.46:623][  0]LogConfig: Setting CVar [[r.Shadow.CSM.MaxCascades:10]]
[2020.09.03-12.23.46:624][  0]LogConfig: Setting CVar [[r.Shadow.MaxResolution:2048]]
[2020.09.03-12.23.46:624][  0]LogConfig: Setting CVar [[r.Shadow.MaxCSMResolution:2048]]
[2020.09.03-12.23.46:624][  0]LogConfig: Setting CVar [[r.Shadow.RadiusThreshold:0.01]]
[2020.09.03-12.23.46:624][  0]LogConfig: Setting CVar [[r.Shadow.DistanceScale:1.0]]
[2020.09.03-12.23.46:624][  0]LogConfig: Setting CVar [[r.Shadow.CSM.TransitionScale:1.0]]
[2020.09.03-12.23.46:624][  0]LogConfig: Setting CVar [[r.Shadow.PreShadowResolutionFactor:1.0]]
[2020.09.03-12.23.46:624][  0]LogConfig: Setting CVar [[r.DistanceFieldShadowing:1]]
[2020.09.03-12.23.46:624][  0]LogConfig: Setting CVar [[r.DistanceFieldAO:1]]
[2020.09.03-12.23.46:624][  0]LogConfig: Setting CVar [[r.AOQuality:2]]
[2020.09.03-12.23.46:624][  0]LogConfig: Setting CVar [[r.VolumetricFog:1]]
[2020.09.03-12.23.46:624][  0]LogConfig: Setting CVar [[r.VolumetricFog.GridPixelSize:8]]
[2020.09.03-12.23.46:624][  0]LogConfig: Setting CVar [[r.VolumetricFog.GridSizeZ:128]]
[2020.09.03-12.23.46:624][  0]LogConfig: Setting CVar [[r.VolumetricFog.HistoryMissSupersampleCount:4]]
[2020.09.03-12.23.46:624][  0]LogConfig: Setting CVar [[r.LightMaxDrawDistanceScale:1]]
[2020.09.03-12.23.46:624][  0]LogConfig: Setting CVar [[r.CapsuleShadows:1]]
[2020.09.03-12.23.46:624][  0]LogConfig: Applying CVar settings from Section [PostProcessQuality@3] File [C:/Users/randy/Documents/RGS_Upgrade/Saved/Config/Windows/Scalability.ini]
[2020.09.03-12.23.46:624][  0]LogConfig: Setting CVar [[r.MotionBlurQuality:4]]
[2020.09.03-12.23.46:624][  0]LogConfig: Setting CVar [[r.AmbientOcclusionMipLevelFactor:0.4]]
[2020.09.03-12.23.46:624][  0]LogConfig: Setting CVar [[r.AmbientOcclusionMaxQuality:100]]
[2020.09.03-12.23.46:624][  0]LogConfig: Setting CVar [[r.AmbientOcclusionLevels:-1]]
[2020.09.03-12.23.46:624][  0]LogConfig: Setting CVar [[r.AmbientOcclusionRadiusScale:1.0]]
[2020.09.03-12.23.46:624][  0]LogConfig: Setting CVar [[r.DepthOfFieldQuality:2]]
[2020.09.03-12.23.46:624][  0]LogConfig: Setting CVar [[r.RenderTargetPoolMin:400]]
[2020.09.03-12.23.46:624][  0]LogConfig: Setting CVar [[r.LensFlareQuality:2]]
[2020.09.03-12.23.46:624][  0]LogConfig: Setting CVar [[r.SceneColorFringeQuality:1]]
[2020.09.03-12.23.46:624][  0]LogConfig: Setting CVar [[r.EyeAdaptationQuality:2]]
[2020.09.03-12.23.46:624][  0]LogConfig: Setting CVar [[r.BloomQuality:5]]
[2020.09.03-12.23.46:624][  0]LogConfig: Setting CVar [[r.FastBlurThreshold:100]]
[2020.09.03-12.23.46:624][  0]LogConfig: Setting CVar [[r.Upscale.Quality:3]]
[2020.09.03-12.23.46:624][  0]LogConfig: Setting CVar [[r.Tonemapper.GrainQuantization:1]]
[2020.09.03-12.23.46:624][  0]LogConfig: Setting CVar [[r.LightShaftQuality:1]]
[2020.09.03-12.23.46:624][  0]LogConfig: Setting CVar [[r.Filter.SizeScale:1]]
[2020.09.03-12.23.46:624][  0]LogConfig: Setting CVar [[r.Tonemapper.Quality:5]]
[2020.09.03-12.23.46:624][  0]LogConfig: Setting CVar [[r.DOF.Gather.AccumulatorQuality:1        ; higher gathering accumulator quality]]
[2020.09.03-12.23.46:624][  0]LogConfig: Setting CVar [[r.DOF.Gather.PostfilterMethod:1          ; Median3x3 postfilering method]]
[2020.09.03-12.23.46:624][  0]LogConfig: Setting CVar [[r.DOF.Gather.EnableBokehSettings:0       ; no bokeh simulation when gathering]]
[2020.09.03-12.23.46:624][  0]LogConfig: Setting CVar [[r.DOF.Gather.RingCount:4                 ; medium number of samples when gathering]]
[2020.09.03-12.23.46:624][  0]LogConfig: Setting CVar [[r.DOF.Scatter.ForegroundCompositing:1    ; additive foreground scattering]]
[2020.09.03-12.23.46:624][  0]LogConfig: Setting CVar [[r.DOF.Scatter.BackgroundCompositing:2    ; additive background scattering]]
[2020.09.03-12.23.46:624][  0]LogConfig: Setting CVar [[r.DOF.Scatter.EnableBokehSettings:1      ; bokeh simulation when scattering]]
[2020.09.03-12.23.46:624][  0]LogConfig: Setting CVar [[r.DOF.Scatter.MaxSpriteRatio:0.1         ; only a maximum of 10% of scattered bokeh]]
[2020.09.03-12.23.46:624][  0]LogConfig: Setting CVar [[r.DOF.Recombine.Quality:1                ; cheap slight out of focus]]
[2020.09.03-12.23.46:624][  0]LogConfig: Setting CVar [[r.DOF.Recombine.EnableBokehSettings:0    ; no bokeh simulation on slight out of focus]]
[2020.09.03-12.23.46:624][  0]LogConfig: Setting CVar [[r.DOF.TemporalAAQuality:1                ; more stable temporal accumulation]]
[2020.09.03-12.23.46:624][  0]LogConfig: Setting CVar [[r.DOF.Kernel.MaxForegroundRadius:0.025]]
[2020.09.03-12.23.46:624][  0]LogConfig: Setting CVar [[r.DOF.Kernel.MaxBackgroundRadius:0.025]]
[2020.09.03-12.23.46:624][  0]LogConfig: Applying CVar settings from Section [TextureQuality@3] File [C:/Users/randy/Documents/RGS_Upgrade/Saved/Config/Windows/Scalability.ini]
[2020.09.03-12.23.46:624][  0]LogConfig: Setting CVar [[r.Streaming.MipBias:0]]
[2020.09.03-12.23.46:624][  0]LogConfig: Setting CVar [[r.Streaming.AmortizeCPUToGPUCopy:0]]
[2020.09.03-12.23.46:624][  0]LogConfig: Setting CVar [[r.Streaming.MaxNumTexturesToStreamPerFrame:0]]
[2020.09.03-12.23.46:624][  0]LogConfig: Setting CVar [[r.Streaming.Boost:1]]
[2020.09.03-12.23.46:624][  0]LogConfig: Setting CVar [[r.MaxAnisotropy:8]]
[2020.09.03-12.23.46:624][  0]LogConfig: Setting CVar [[r.VT.MaxAnisotropy:8]]
[2020.09.03-12.23.46:624][  0]LogConfig: Setting CVar [[r.Streaming.LimitPoolSizeToVRAM:0]]
[2020.09.03-12.23.46:624][  0]LogConfig: Setting CVar [[r.Streaming.PoolSize:1000]]
[2020.09.03-12.23.46:624][  0]LogConfig: Setting CVar [[r.Streaming.MaxEffectiveScreenSize:0]]
[2020.09.03-12.23.46:624][  0]LogConfig: Applying CVar settings from Section [EffectsQuality@3] File [C:/Users/randy/Documents/RGS_Upgrade/Saved/Config/Windows/Scalability.ini]
[2020.09.03-12.23.46:624][  0]LogConfig: Setting CVar [[r.TranslucencyLightingVolumeDim:64]]
[2020.09.03-12.23.46:624][  0]LogConfig: Setting CVar [[r.RefractionQuality:2]]
[2020.09.03-12.23.46:624][  0]LogConfig: Setting CVar [[r.SSR.Quality:3]]
[2020.09.03-12.23.46:624][  0]LogConfig: Setting CVar [[r.SSR.HalfResSceneColor:0]]
[2020.09.03-12.23.46:624][  0]LogConfig: Setting CVar [[r.SceneColorFormat:4]]
[2020.09.03-12.23.46:624][  0]LogConfig: Setting CVar [[r.DetailMode:2]]
[2020.09.03-12.23.46:624][  0]LogConfig: Setting CVar [[r.TranslucencyVolumeBlur:1]]
[2020.09.03-12.23.46:624][  0]LogConfig: Setting CVar [[r.MaterialQualityLevel:1 ; High quality]]
[2020.09.03-12.23.46:624][  0]LogConfig: Setting CVar [[r.SSS.Scale:1]]
[2020.09.03-12.23.46:624][  0]LogConfig: Setting CVar [[r.SSS.SampleSet:2]]
[2020.09.03-12.23.46:624][  0]LogConfig: Setting CVar [[r.SSS.Quality:1]]
[2020.09.03-12.23.46:624][  0]LogConfig: Setting CVar [[r.SSS.HalfRes:1]]
[2020.09.03-12.23.46:624][  0]LogConfig: Setting CVar [[r.SSGI.Quality:3]]
[2020.09.03-12.23.46:624][  0]LogConfig: Setting CVar [[r.EmitterSpawnRateScale:1.0]]
[2020.09.03-12.23.46:624][  0]LogConfig: Setting CVar [[r.ParticleLightQuality:2]]
[2020.09.03-12.23.46:624][  0]LogConfig: Setting CVar [[r.SkyAtmosphere.AerialPerspectiveLUT.FastApplyOnOpaque:1 ; Always have FastSkyLUT 1 in this case to avoid wrong sky]]
[2020.09.03-12.23.46:624][  0]LogConfig: Setting CVar [[r.SkyAtmosphere.AerialPerspectiveLUT.SampleCountPerSlice:1]]
[2020.09.03-12.23.46:624][  0]LogConfig: Setting CVar [[r.SkyAtmosphere.AerialPerspectiveLUT.DepthResolution:16.0]]
[2020.09.03-12.23.46:624][  0]LogConfig: Setting CVar [[r.SkyAtmosphere.FastSkyLUT:1]]
[2020.09.03-12.23.46:624][  0]LogConfig: Setting CVar [[r.SkyAtmosphere.FastSkyLUT.SampleCountMin:4.0]]
[2020.09.03-12.23.46:624][  0]LogConfig: Setting CVar [[r.SkyAtmosphere.FastSkyLUT.SampleCountMax:32.0]]
[2020.09.03-12.23.46:624][  0]LogConfig: Setting CVar [[r.SkyAtmosphere.SampleCountMin:4.0]]
[2020.09.03-12.23.46:624][  0]LogConfig: Setting CVar [[r.SkyAtmosphere.SampleCountMax:32.0]]
[2020.09.03-12.23.46:624][  0]LogConfig: Setting CVar [[r.SkyAtmosphere.TransmittanceLUT.UseSmallFormat:0]]
[2020.09.03-12.23.46:624][  0]LogConfig: Setting CVar [[r.SkyAtmosphere.TransmittanceLUT.SampleCount:10.0]]
[2020.09.03-12.23.46:625][  0]LogConfig: Setting CVar [[r.SkyAtmosphere.MultiScatteringLUT.SampleCount:15.0]]
[2020.09.03-12.23.46:625][  0]LogConfig: Applying CVar settings from Section [FoliageQuality@3] File [C:/Users/randy/Documents/RGS_Upgrade/Saved/Config/Windows/Scalability.ini]
[2020.09.03-12.23.46:625][  0]LogConfig: Setting CVar [[foliage.DensityScale:1.0]]
[2020.09.03-12.23.46:625][  0]LogConfig: Setting CVar [[grass.DensityScale:1.0]]
[2020.09.03-12.23.46:625][  0]LogConfig: Applying CVar settings from Section [ShadingQuality@3] File [C:/Users/randy/Documents/RGS_Upgrade/Saved/Config/Windows/Scalability.ini]
[2020.09.03-12.23.46:625][  0]LogConfig: Setting CVar [[r.HairStrands.SkyLighting.SampleCount:16]]
[2020.09.03-12.23.46:625][  0]LogConfig: Setting CVar [[r.HairStrands.SkyLighting.JitterIntegration:0]]
[2020.09.03-12.23.46:625][  0]LogConfig: Setting CVar [[r.HairStrands.SkyAO.SampleCount:16]]
[2020.09.03-12.23.46:625][  0]LogInit: Selected Device Profile: [Windows]
[2020.09.03-12.23.46:625][  0]LogInit: Applying CVar settings loaded from the selected device profile: [Windows]
[2020.09.03-12.23.46:627][  0]LogHAL: Display: Platform has ~ 16 GB [17110740992 / 17179869184 / 16], which maps to Larger [LargestMinGB=32, LargerMinGB=12, DefaultMinGB=8, SmallerMinGB=6, SmallestMinGB=0)
[2020.09.03-12.23.46:627][  0]LogInit: Going up to parent DeviceProfile []
[2020.09.03-12.23.46:627][  0]LogConfig: Applying CVar settings from Section [ViewDistanceQuality@3] File [C:/Users/randy/Documents/RGS_Upgrade/Saved/Config/Windows/Scalability.ini]
[2020.09.03-12.23.46:627][  0]LogConfig: Setting CVar [[r.SkeletalMeshLODBias:0]]
[2020.09.03-12.23.46:627][  0]LogConfig: Setting CVar [[r.ViewDistanceScale:1.0]]
[2020.09.03-12.23.46:627][  0]LogConfig: Applying CVar settings from Section [AntiAliasingQuality@3] File [C:/Users/randy/Documents/RGS_Upgrade/Saved/Config/Windows/Scalability.ini]
[2020.09.03-12.23.46:627][  0]LogConfig: Setting CVar [[r.PostProcessAAQuality:4]]
[2020.09.03-12.23.46:627][  0]LogConfig: Applying CVar settings from Section [ShadowQuality@3] File [C:/Users/randy/Documents/RGS_Upgrade/Saved/Config/Windows/Scalability.ini]
[2020.09.03-12.23.46:627][  0]LogConfig: Setting CVar [[r.LightFunctionQuality:1]]
[2020.09.03-12.23.46:627][  0]LogConfig: Setting CVar [[r.ShadowQuality:5]]
[2020.09.03-12.23.46:627][  0]LogConfig: Setting CVar [[r.Shadow.CSM.MaxCascades:10]]
[2020.09.03-12.23.46:627][  0]LogConfig: Setting CVar [[r.Shadow.MaxResolution:2048]]
[2020.09.03-12.23.46:627][  0]LogConfig: Setting CVar [[r.Shadow.MaxCSMResolution:2048]]
[2020.09.03-12.23.46:627][  0]LogConfig: Setting CVar [[r.Shadow.RadiusThreshold:0.01]]
[2020.09.03-12.23.46:628][  0]LogConfig: Setting CVar [[r.Shadow.DistanceScale:1.0]]
[2020.09.03-12.23.46:628][  0]LogConfig: Setting CVar [[r.Shadow.CSM.TransitionScale:1.0]]
[2020.09.03-12.23.46:628][  0]LogConfig: Setting CVar [[r.Shadow.PreShadowResolutionFactor:1.0]]
[2020.09.03-12.23.46:628][  0]LogConfig: Setting CVar [[r.DistanceFieldShadowing:1]]
[2020.09.03-12.23.46:628][  0]LogConfig: Setting CVar [[r.DistanceFieldAO:1]]
[2020.09.03-12.23.46:628][  0]LogConfig: Setting CVar [[r.AOQuality:2]]
[2020.09.03-12.23.46:628][  0]LogConfig: Setting CVar [[r.VolumetricFog:1]]
[2020.09.03-12.23.46:628][  0]LogConfig: Setting CVar [[r.VolumetricFog.GridPixelSize:8]]
[2020.09.03-12.23.46:628][  0]LogConfig: Setting CVar [[r.VolumetricFog.GridSizeZ:128]]
[2020.09.03-12.23.46:628][  0]LogConfig: Setting CVar [[r.VolumetricFog.HistoryMissSupersampleCount:4]]
[2020.09.03-12.23.46:628][  0]LogConfig: Setting CVar [[r.LightMaxDrawDistanceScale:1]]
[2020.09.03-12.23.46:628][  0]LogConfig: Setting CVar [[r.CapsuleShadows:1]]
[2020.09.03-12.23.46:628][  0]LogConfig: Applying CVar settings from Section [PostProcessQuality@3] File [C:/Users/randy/Documents/RGS_Upgrade/Saved/Config/Windows/Scalability.ini]
[2020.09.03-12.23.46:628][  0]LogConfig: Setting CVar [[r.MotionBlurQuality:4]]
[2020.09.03-12.23.46:628][  0]LogConfig: Setting CVar [[r.AmbientOcclusionMipLevelFactor:0.4]]
[2020.09.03-12.23.46:628][  0]LogConfig: Setting CVar [[r.AmbientOcclusionMaxQuality:100]]
[2020.09.03-12.23.46:628][  0]LogConfig: Setting CVar [[r.AmbientOcclusionLevels:-1]]
[2020.09.03-12.23.46:628][  0]LogConfig: Setting CVar [[r.AmbientOcclusionRadiusScale:1.0]]
[2020.09.03-12.23.46:628][  0]LogConfig: Setting CVar [[r.DepthOfFieldQuality:2]]
[2020.09.03-12.23.46:628][  0]LogConfig: Setting CVar [[r.RenderTargetPoolMin:400]]
[2020.09.03-12.23.46:628][  0]LogConfig: Setting CVar [[r.LensFlareQuality:2]]
[2020.09.03-12.23.46:628][  0]LogConfig: Setting CVar [[r.SceneColorFringeQuality:1]]
[2020.09.03-12.23.46:628][  0]LogConfig: Setting CVar [[r.EyeAdaptationQuality:2]]
[2020.09.03-12.23.46:628][  0]LogConfig: Setting CVar [[r.BloomQuality:5]]
[2020.09.03-12.23.46:628][  0]LogConfig: Setting CVar [[r.FastBlurThreshold:100]]
[2020.09.03-12.23.46:628][  0]LogConfig: Setting CVar [[r.Upscale.Quality:3]]
[2020.09.03-12.23.46:628][  0]LogConfig: Setting CVar [[r.Tonemapper.GrainQuantization:1]]
[2020.09.03-12.23.46:628][  0]LogConfig: Setting CVar [[r.LightShaftQuality:1]]
[2020.09.03-12.23.46:628][  0]LogConfig: Setting CVar [[r.Filter.SizeScale:1]]
[2020.09.03-12.23.46:628][  0]LogConfig: Setting CVar [[r.Tonemapper.Quality:5]]
[2020.09.03-12.23.46:628][  0]LogConfig: Setting CVar [[r.DOF.Gather.AccumulatorQuality:1        ; higher gathering accumulator quality]]
[2020.09.03-12.23.46:628][  0]LogConfig: Setting CVar [[r.DOF.Gather.PostfilterMethod:1          ; Median3x3 postfilering method]]
[2020.09.03-12.23.46:628][  0]LogConfig: Setting CVar [[r.DOF.Gather.EnableBokehSettings:0       ; no bokeh simulation when gathering]]
[2020.09.03-12.23.46:628][  0]LogConfig: Setting CVar [[r.DOF.Gather.RingCount:4                 ; medium number of samples when gathering]]
[2020.09.03-12.23.46:628][  0]LogConfig: Setting CVar [[r.DOF.Scatter.ForegroundCompositing:1    ; additive foreground scattering]]
[2020.09.03-12.23.46:628][  0]LogConfig: Setting CVar [[r.DOF.Scatter.BackgroundCompositing:2    ; additive background scattering]]
[2020.09.03-12.23.46:628][  0]LogConfig: Setting CVar [[r.DOF.Scatter.EnableBokehSettings:1      ; bokeh simulation when scattering]]
[2020.09.03-12.23.46:628][  0]LogConfig: Setting CVar [[r.DOF.Scatter.MaxSpriteRatio:0.1         ; only a maximum of 10% of scattered bokeh]]
[2020.09.03-12.23.46:628][  0]LogConfig: Setting CVar [[r.DOF.Recombine.Quality:1                ; cheap slight out of focus]]
[2020.09.03-12.23.46:628][  0]LogConfig: Setting CVar [[r.DOF.Recombine.EnableBokehSettings:0    ; no bokeh simulation on slight out of focus]]
[2020.09.03-12.23.46:628][  0]LogConfig: Setting CVar [[r.DOF.TemporalAAQuality:1                ; more stable temporal accumulation]]
[2020.09.03-12.23.46:628][  0]LogConfig: Setting CVar [[r.DOF.Kernel.MaxForegroundRadius:0.025]]
[2020.09.03-12.23.46:628][  0]LogConfig: Setting CVar [[r.DOF.Kernel.MaxBackgroundRadius:0.025]]
[2020.09.03-12.23.46:628][  0]LogConfig: Applying CVar settings from Section [TextureQuality@3] File [C:/Users/randy/Documents/RGS_Upgrade/Saved/Config/Windows/Scalability.ini]
[2020.09.03-12.23.46:628][  0]LogConfig: Setting CVar [[r.Streaming.MipBias:0]]
[2020.09.03-12.23.46:628][  0]LogConfig: Setting CVar [[r.Streaming.AmortizeCPUToGPUCopy:0]]
[2020.09.03-12.23.46:628][  0]LogConfig: Setting CVar [[r.Streaming.MaxNumTexturesToStreamPerFrame:0]]
[2020.09.03-12.23.46:628][  0]LogConfig: Setting CVar [[r.Streaming.Boost:1]]
[2020.09.03-12.23.46:628][  0]LogConfig: Setting CVar [[r.MaxAnisotropy:8]]
[2020.09.03-12.23.46:628][  0]LogConfig: Setting CVar [[r.VT.MaxAnisotropy:8]]
[2020.09.03-12.23.46:628][  0]LogConfig: Setting CVar [[r.Streaming.LimitPoolSizeToVRAM:0]]
[2020.09.03-12.23.46:628][  0]LogConfig: Setting CVar [[r.Streaming.PoolSize:1000]]
[2020.09.03-12.23.46:628][  0]LogConfig: Setting CVar [[r.Streaming.MaxEffectiveScreenSize:0]]
[2020.09.03-12.23.46:628][  0]LogConfig: Applying CVar settings from Section [EffectsQuality@3] File [C:/Users/randy/Documents/RGS_Upgrade/Saved/Config/Windows/Scalability.ini]
[2020.09.03-12.23.46:628][  0]LogConfig: Setting CVar [[r.TranslucencyLightingVolumeDim:64]]
[2020.09.03-12.23.46:628][  0]LogConfig: Setting CVar [[r.RefractionQuality:2]]
[2020.09.03-12.23.46:628][  0]LogConfig: Setting CVar [[r.SSR.Quality:3]]
[2020.09.03-12.23.46:628][  0]LogConfig: Setting CVar [[r.SSR.HalfResSceneColor:0]]
[2020.09.03-12.23.46:628][  0]LogConfig: Setting CVar [[r.SceneColorFormat:4]]
[2020.09.03-12.23.46:628][  0]LogConfig: Setting CVar [[r.DetailMode:2]]
[2020.09.03-12.23.46:628][  0]LogConfig: Setting CVar [[r.TranslucencyVolumeBlur:1]]
[2020.09.03-12.23.46:628][  0]LogConfig: Setting CVar [[r.MaterialQualityLevel:1 ; High quality]]
[2020.09.03-12.23.46:628][  0]LogConfig: Setting CVar [[r.SSS.Scale:1]]
[2020.09.03-12.23.46:628][  0]LogConfig: Setting CVar [[r.SSS.SampleSet:2]]
[2020.09.03-12.23.46:628][  0]LogConfig: Setting CVar [[r.SSS.Quality:1]]
[2020.09.03-12.23.46:628][  0]LogConfig: Setting CVar [[r.SSS.HalfRes:1]]
[2020.09.03-12.23.46:628][  0]LogConfig: Setting CVar [[r.SSGI.Quality:3]]
[2020.09.03-12.23.46:628][  0]LogConfig: Setting CVar [[r.EmitterSpawnRateScale:1.0]]
[2020.09.03-12.23.46:628][  0]LogConfig: Setting CVar [[r.ParticleLightQuality:2]]
[2020.09.03-12.23.46:628][  0]LogConfig: Setting CVar [[r.SkyAtmosphere.AerialPerspectiveLUT.FastApplyOnOpaque:1 ; Always have FastSkyLUT 1 in this case to avoid wrong sky]]
[2020.09.03-12.23.46:628][  0]LogConfig: Setting CVar [[r.SkyAtmosphere.AerialPerspectiveLUT.SampleCountPerSlice:1]]
[2020.09.03-12.23.46:628][  0]LogConfig: Setting CVar [[r.SkyAtmosphere.AerialPerspectiveLUT.DepthResolution:16.0]]
[2020.09.03-12.23.46:628][  0]LogConfig: Setting CVar [[r.SkyAtmosphere.FastSkyLUT:1]]
[2020.09.03-12.23.46:628][  0]LogConfig: Setting CVar [[r.SkyAtmosphere.FastSkyLUT.SampleCountMin:4.0]]
[2020.09.03-12.23.46:628][  0]LogConfig: Setting CVar [[r.SkyAtmosphere.FastSkyLUT.SampleCountMax:32.0]]
[2020.09.03-12.23.46:628][  0]LogConfig: Setting CVar [[r.SkyAtmosphere.SampleCountMin:4.0]]
[2020.09.03-12.23.46:628][  0]LogConfig: Setting CVar [[r.SkyAtmosphere.SampleCountMax:32.0]]
[2020.09.03-12.23.46:628][  0]LogConfig: Setting CVar [[r.SkyAtmosphere.TransmittanceLUT.UseSmallFormat:0]]
[2020.09.03-12.23.46:628][  0]LogConfig: Setting CVar [[r.SkyAtmosphere.TransmittanceLUT.SampleCount:10.0]]
[2020.09.03-12.23.46:628][  0]LogConfig: Setting CVar [[r.SkyAtmosphere.MultiScatteringLUT.SampleCount:15.0]]
[2020.09.03-12.23.46:628][  0]LogConfig: Applying CVar settings from Section [FoliageQuality@3] File [C:/Users/randy/Documents/RGS_Upgrade/Saved/Config/Windows/Scalability.ini]
[2020.09.03-12.23.46:628][  0]LogConfig: Setting CVar [[foliage.DensityScale:1.0]]
[2020.09.03-12.23.46:628][  0]LogConfig: Setting CVar [[grass.DensityScale:1.0]]
[2020.09.03-12.23.46:628][  0]LogConfig: Applying CVar settings from Section [ShadingQuality@3] File [C:/Users/randy/Documents/RGS_Upgrade/Saved/Config/Windows/Scalability.ini]
[2020.09.03-12.23.46:628][  0]LogConfig: Setting CVar [[r.HairStrands.SkyLighting.SampleCount:16]]
[2020.09.03-12.23.46:628][  0]LogConfig: Setting CVar [[r.HairStrands.SkyLighting.JitterIntegration:0]]
[2020.09.03-12.23.46:628][  0]LogConfig: Setting CVar [[r.HairStrands.SkyAO.SampleCount:16]]
[2020.09.03-12.23.46:628][  0]LogConfig: Applying CVar settings from Section [Startup] File [../../../Engine/Config/ConsoleVariables.ini]
[2020.09.03-12.23.46:629][  0]LogConfig: Setting CVar [[net.UseAdaptiveNetUpdateFrequency:0]]
[2020.09.03-12.23.46:629][  0]LogConfig: Setting CVar [[p.chaos.AllowCreatePhysxBodies:1]]
[2020.09.03-12.23.46:629][  0]LogConfig: Applying CVar settings from Section [ConsoleVariables] File [C:/Users/randy/Documents/RGS_Upgrade/Saved/Config/Windows/Engine.ini]
[2020.09.03-12.23.46:629][  0]LogInit: Computer: DESKTOP-US7O0DG
[2020.09.03-12.23.46:629][  0]LogInit: User: randy
[2020.09.03-12.23.46:629][  0]LogInit: CPU Page size=4096, Cores=6
[2020.09.03-12.23.46:629][  0]LogInit: High frequency timer resolution =10.000000 MHz
[2020.09.03-12.23.46:629][  0]LogMemory: Memory total: Physical=15.9GB (16GB approx)
[2020.09.03-12.23.46:629][  0]LogMemory: Platform Memory Stats for Windows
[2020.09.03-12.23.46:629][  0]LogMemory: Process Physical Memory: 105.14 MB used, 105.14 MB peak
[2020.09.03-12.23.46:629][  0]LogMemory: Process Virtual Memory: 100.28 MB used, 100.28 MB peak
[2020.09.03-12.23.46:629][  0]LogMemory: Physical Memory: 5962.70 MB used,  10355.37 MB free, 16318.07 MB total
[2020.09.03-12.23.46:629][  0]LogMemory: Virtual Memory: 5130.42 MB used,  134212600.00 MB free, 134217728.00 MB total
[2020.09.03-12.23.46:631][  0]LogWindows: WindowsPlatformFeatures enabled
[2020.09.03-12.23.46:642][  0]LogInit: Using OS detected language (en-US).
[2020.09.03-12.23.46:642][  0]LogInit: Using OS detected locale (en-US).
[2020.09.03-12.23.46:643][  0]LogTextLocalizationManager: No specific localization for 'en-US' exists, so the 'en' localization will be used.
[2020.09.03-12.23.46:785][  0]LogInit: Setting process to per monitor DPI aware
[2020.09.03-12.23.46:807][  0]LogSlate: New Slate User Created.  User Index 0, Is Virtual User: 0
[2020.09.03-12.23.46:807][  0]LogSlate: Slate User Registered.  User Index 0, Is Virtual User: 0
[2020.09.03-12.23.46:905][  0]LogD3D11RHI: D3D11 min allowed feature level: 11_0
[2020.09.03-12.23.46:905][  0]LogD3D11RHI: D3D11 max allowed feature level: 11_0
[2020.09.03-12.23.46:905][  0]LogD3D11RHI: D3D11 adapters:
[2020.09.03-12.23.46:933][  0]LogD3D11RHI:    0. 'AMD Radeon RX 5600 XT' (Feature Level 11_0)
[2020.09.03-12.23.46:933][  0]LogD3D11RHI:       6103/0/8159 MB DedicatedVideo/DedicatedSystem/SharedSystem, Outputs:1, VendorId:0x1002
[2020.09.03-12.23.46:935][  0]LogD3D11RHI:    1. 'Microsoft Basic Render Driver' (Feature Level 11_0)
[2020.09.03-12.23.46:935][  0]LogD3D11RHI:       0/0/8159 MB DedicatedVideo/DedicatedSystem/SharedSystem, Outputs:0, VendorId:0x1414
[2020.09.03-12.23.46:935][  0]LogD3D11RHI: Chosen D3D11 Adapter: 0
[2020.09.03-12.23.46:941][  0]LogD3D11RHI: Creating new Direct3DDevice
[2020.09.03-12.23.46:941][  0]LogD3D11RHI:     GPU DeviceId: 0x731f (for the marketing name, search the web for "GPU Device Id")
[2020.09.03-12.23.46:941][  0]LogWindows: EnumDisplayDevices:
[2020.09.03-12.23.46:941][  0]LogWindows:    0. 'AMD Radeon RX 5600 XT' (P:1 D:1)
[2020.09.03-12.23.46:941][  0]LogWindows:    1. 'AMD Radeon RX 5600 XT' (P:0 D:0)
[2020.09.03-12.23.46:941][  0]LogWindows:    2. 'AMD Radeon RX 5600 XT' (P:0 D:0)
[2020.09.03-12.23.46:942][  0]LogWindows:    3. 'AMD Radeon RX 5600 XT' (P:0 D:0)
[2020.09.03-12.23.46:942][  0]LogWindows:    4. 'AMD Radeon RX 5600 XT' (P:0 D:0)
[2020.09.03-12.23.46:942][  0]LogWindows:    5. 'AMD Radeon RX 5600 XT' (P:0 D:0)
[2020.09.03-12.23.46:943][  0]LogWindows:    6. 'AMD Radeon RX 5600 XT' (P:0 D:0)
[2020.09.03-12.23.46:943][  0]LogWindows:    7. 'AMD Radeon RX 5600 XT' (P:0 D:0)
[2020.09.03-12.23.46:943][  0]LogWindows: DebugString: FoundDriverCount:8 
[2020.09.03-12.23.46:943][  0]LogD3D11RHI:     Adapter Name: AMD Radeon RX 5600 XT
[2020.09.03-12.23.46:943][  0]LogD3D11RHI:   Driver Version: Adrenalin 2020 20.4.1 (internal:26.20.15029.20013, unified:26.20.15029.20013)
[2020.09.03-12.23.46:943][  0]LogD3D11RHI:      Driver Date: 4-1-2020
[2020.09.03-12.23.46:943][  0]LogRHI: Texture pool is 4272 MB (70% of 6103 MB)
[2020.09.03-12.23.46:989][  0]LogD3D11RHI: RHI does not have support for 64 bit atomics
[2020.09.03-12.23.46:989][  0]LogD3D11RHI: Async texture creation enabled
[2020.09.03-12.23.47:001][  0]LogD3D11RHI: GPU Timing Frequency: 100.000000 (Debug: 2 1)
[2020.09.03-12.23.47:218][  0]LogTargetPlatformManager: Display: Loaded TargetPlatform 'AllDesktop'
[2020.09.03-12.23.47:245][  0]LogTargetPlatformManager: Display: Loaded TargetPlatform 'Android'
[2020.09.03-12.23.47:245][  0]LogTargetPlatformManager: Display: Loaded TargetPlatform 'Android_ASTC'
[2020.09.03-12.23.47:245][  0]LogTargetPlatformManager: Display: Loaded TargetPlatform 'Android_ATC'
[2020.09.03-12.23.47:245][  0]LogTargetPlatformManager: Display: Loaded TargetPlatform 'Android_DXT'
[2020.09.03-12.23.47:245][  0]LogTargetPlatformManager: Display: Loaded TargetPlatform 'Android_ETC1'
[2020.09.03-12.23.47:245][  0]LogTargetPlatformManager: Display: Loaded TargetPlatform 'Android_ETC1a'
[2020.09.03-12.23.47:245][  0]LogTargetPlatformManager: Display: Loaded TargetPlatform 'Android_ETC2'
[2020.09.03-12.23.47:245][  0]LogTargetPlatformManager: Display: Loaded TargetPlatform 'Android_PVRTC'
[2020.09.03-12.23.47:245][  0]LogTargetPlatformManager: Display: Loaded TargetPlatform 'AndroidClient'
[2020.09.03-12.23.47:245][  0]LogTargetPlatformManager: Display: Loaded TargetPlatform 'Android_ASTCClient'
[2020.09.03-12.23.47:245][  0]LogTargetPlatformManager: Display: Loaded TargetPlatform 'Android_ATCClient'
[2020.09.03-12.23.47:245][  0]LogTargetPlatformManager: Display: Loaded TargetPlatform 'Android_DXTClient'
[2020.09.03-12.23.47:245][  0]LogTargetPlatformManager: Display: Loaded TargetPlatform 'Android_ETC1Client'
[2020.09.03-12.23.47:245][  0]LogTargetPlatformManager: Display: Loaded TargetPlatform 'Android_ETC1aClient'
[2020.09.03-12.23.47:245][  0]LogTargetPlatformManager: Display: Loaded TargetPlatform 'Android_ETC2Client'
[2020.09.03-12.23.47:245][  0]LogTargetPlatformManager: Display: Loaded TargetPlatform 'Android_PVRTCClient'
[2020.09.03-12.23.47:245][  0]LogTargetPlatformManager: Display: Loaded TargetPlatform 'Android_Multi'
[2020.09.03-12.23.47:245][  0]LogTargetPlatformManager: Display: Loaded TargetPlatform 'Android_MultiClient'
[2020.09.03-12.23.47:259][  0]LogTargetPlatformManager: Display: Loaded TargetPlatform 'IOSClient'
[2020.09.03-12.23.47:259][  0]LogTargetPlatformManager: Display: Loaded TargetPlatform 'IOS'
[2020.09.03-12.23.47:265][  0]LogTargetPlatformManager: Display: Loaded TargetPlatform 'LinuxNoEditor'
[2020.09.03-12.23.47:271][  0]LogTargetPlatformManager: Display: Loaded TargetPlatform 'LinuxClient'
[2020.09.03-12.23.47:276][  0]LogTargetPlatformManager: Display: Loaded TargetPlatform 'LinuxServer'
[2020.09.03-12.23.47:282][  0]LogTargetPlatformManager: Display: Loaded TargetPlatform 'LinuxAArch64NoEditor'
[2020.09.03-12.23.47:288][  0]LogTargetPlatformManager: Display: Loaded TargetPlatform 'LinuxAArch64Client'
[2020.09.03-12.23.47:294][  0]LogTargetPlatformManager: Display: Loaded TargetPlatform 'LinuxAArch64Server'
[2020.09.03-12.23.47:313][  0]LogTargetPlatformManager: Display: Loaded TargetPlatform 'Lumin'
[2020.09.03-12.23.47:313][  0]LogTargetPlatformManager: Display: Loaded TargetPlatform 'LuminClient'
[2020.09.03-12.23.47:324][  0]LogTargetPlatformManager: Display: Loaded TargetPlatform 'TVOSClient'
[2020.09.03-12.23.47:324][  0]LogTargetPlatformManager: Display: Loaded TargetPlatform 'TVOS'
[2020.09.03-12.23.47:330][  0]LogTargetPlatformManager: Display: Loaded TargetPlatform 'WindowsNoEditor'
[2020.09.03-12.23.47:336][  0]LogTargetPlatformManager: Display: Loaded TargetPlatform 'Windows'
[2020.09.03-12.23.47:342][  0]LogTargetPlatformManager: Display: Loaded TargetPlatform 'WindowsClient'
[2020.09.03-12.23.47:347][  0]LogTargetPlatformManager: Display: Loaded TargetPlatform 'WindowsServer'
[2020.09.03-12.23.47:348][  0]LogTargetPlatformManager: Display: Building Assets For Windows
[2020.09.03-12.23.47:349][  0]LogAudioDebug: Display: Lib vorbis DLL was dynamically loaded.
[2020.09.03-12.23.47:367][  0]LogShaderCompilers: Guid format shader working directory is -2 characters bigger than the processId version (../../../../../Users/randy/Documents/RGS_Upgrade/Intermediate/Shaders/WorkingDirectory/7236/).
[2020.09.03-12.23.47:367][  0]LogShaderCompilers: Cleaned the shader compiler working directory 'C:/Users/randy/AppData/Local/Temp/UnrealShaderWorkingDir/2AA7AEE547E5DC3B3FF58E8C50854938/'.
[2020.09.03-12.23.47:367][  0]LogXGEController: Cannot use XGE Controller as Incredibuild is not installed on this machine.
[2020.09.03-12.23.47:367][  0]LogShaderCompilers: Cannot use XGE Shader Compiler as Incredibuild is not installed on this machine.
[2020.09.03-12.23.47:367][  0]LogShaderCompilers: Display: Using Local Shader Compiler.
[2020.09.03-12.23.47:924][  0]LogDerivedDataCache: Display: Max Cache Size: 512 MB
[2020.09.03-12.23.47:971][  0]LogDerivedDataCache: Loaded boot cache 0.05s 78MB C:/Users/randy/AppData/Local/UnrealEngine/4.24/DerivedDataCache/Boot.ddc.
[2020.09.03-12.23.47:971][  0]LogDerivedDataCache: Display: Loaded Boot cache: C:/Users/randy/AppData/Local/UnrealEngine/4.24/DerivedDataCache/Boot.ddc
[2020.09.03-12.23.47:971][  0]LogDerivedDataCache: FDerivedDataBackendGraph:  Pak pak cache file ../../../../../Users/randy/Documents/RGS_Upgrade/DerivedDataCache/DDC.ddp not found, will not use a pak cache.
[2020.09.03-12.23.47:971][  0]LogDerivedDataCache: Unable to find inner node Pak for hierarchical cache Hierarchy.
[2020.09.03-12.23.47:971][  0]LogDerivedDataCache: FDerivedDataBackendGraph:  CompressedPak pak cache file ../../../../../Users/randy/Documents/RGS_Upgrade/DerivedDataCache/Compressed.ddp not found, will not use a pak cache.
[2020.09.03-12.23.47:971][  0]LogDerivedDataCache: Unable to find inner node CompressedPak for hierarchical cache Hierarchy.
[2020.09.03-12.23.47:979][  0]LogDerivedDataCache: Display: Pak cache opened for reading ../../../Engine/DerivedDataCache/Compressed.ddp.
[2020.09.03-12.23.47:980][  0]LogDerivedDataCache: FDerivedDataBackendGraph:  EnterprisePak pak cache file ../../../Enterprise/DerivedDataCache/Compressed.ddp not found, will not use a pak cache.
[2020.09.03-12.23.47:980][  0]LogDerivedDataCache: Unable to find inner node EnterprisePak for hierarchical cache Hierarchy.
[2020.09.03-12.23.47:981][  0]LogDerivedDataCache: Using Local data cache path C:/Users/randy/AppData/Local/UnrealEngine/Common/DerivedDataCache: Writable
[2020.09.03-12.23.47:981][  0]LogDerivedDataCache: Shared data cache path not found in *engine.ini, will not use an Shared cache.
[2020.09.03-12.23.47:981][  0]LogDerivedDataCache: Unable to find inner node Shared for hierarchical cache Hierarchy.
[2020.09.03-12.23.48:000][  0]LogMaterial: Verifying Global Shaders for PCD3D_SM5
[2020.09.03-12.23.48:002][  0]LogSlate: Using FreeType 2.10.0
[2020.09.03-12.23.48:002][  0]LogSlate: SlateFontServices - WITH_FREETYPE: 1, WITH_HARFBUZZ: 1
[2020.09.03-12.23.48:040][  0]LogAssetRegistry: FAssetRegistry took 0.0019 seconds to start up
[2020.09.03-12.23.48:263][  0]LogInit: Selected Device Profile: [Windows]
[2020.09.03-12.23.48:382][  0]LogMeshReduction: Using QuadricMeshReduction for automatic static mesh reduction
[2020.09.03-12.23.48:382][  0]LogMeshReduction: Using SimplygonMeshReduction for automatic skeletal mesh reduction
[2020.09.03-12.23.48:382][  0]LogMeshReduction: Using ProxyLODMeshReduction for automatic mesh merging
[2020.09.03-12.23.48:382][  0]LogMeshReduction: No distributed automatic mesh merging module available
[2020.09.03-12.23.48:382][  0]LogMeshMerging: No distributed automatic mesh merging module available
[2020.09.03-12.23.48:391][  0]LogNetVersion: UltimateShooterKit 1.0.0, NetCL: 10570792, EngineNetVer: 13, GameNetVer: 0 (Checksum: 2231880095)
[2020.09.03-12.23.48:796][  0]LogStreaming: Warning: Failed to read file '../../../Engine/Platforms/XXX/Engine/Content/Launcher/Platform_XXX_24x.png' error.
[2020.09.03-12.23.48:796][  0]LogSlate: Could not find file for Slate resource: ../../../Engine/Platforms/XXX/Engine/Content/Launcher/Platform_XXX_24x.png
[2020.09.03-12.23.48:796][  0]LogStreaming: Warning: Failed to read file '../../../Engine/Platforms/XXX/Engine/Content/Launcher/Platform_XXX_128x.png' error.
[2020.09.03-12.23.48:796][  0]LogSlate: Could not find file for Slate resource: ../../../Engine/Platforms/XXX/Engine/Content/Launcher/Platform_XXX_128x.png
[2020.09.03-12.23.48:796][  0]LogStreaming: Warning: Failed to read file '../../../Engine/Platforms/XXX/Engine/Content/Launcher/Platform_XXX_128x.png' error.
[2020.09.03-12.23.48:796][  0]LogSlate: Could not find file for Slate resource: ../../../Engine/Platforms/XXX/Engine/Content/Launcher/Platform_XXX_128x.png
[2020.09.03-12.23.49:169][  0]LogPackageLocalizationCache: Processed 8 localized package path(s) for 1 prioritized culture(s) in 0.026662 seconds
[2020.09.03-12.23.49:175][  0]LogUObjectArray: 46098 objects as part of root set at end of initial load.
[2020.09.03-12.23.49:175][  0]LogUObjectAllocator: 8030680 out of 0 bytes used by permanent object pool.
[2020.09.03-12.23.49:175][  0]LogUObjectArray: CloseDisregardForGC: 0/0 objects in disregard for GC pool
[2020.09.03-12.23.49:462][  0]LogTcpMessaging: Initializing TcpMessaging bridge
[2020.09.03-12.23.49:464][  0]LogUdpMessaging: Initializing bridge on interface 0.0.0.0:0 to multicast group 230.0.0.1:6666.
[2020.09.03-12.23.49:501][  0]SourceControl: Source control is disabled
[2020.09.03-12.23.49:501][  0]SourceControl: Source control is disabled
[2020.09.03-12.23.49:502][  0]SourceControl: Source control is disabled
[2020.09.03-12.23.49:502][  0]SourceControl: Source control is disabled
[2020.09.03-12.23.49:503][  0]SourceControl: Source control is disabled
[2020.09.03-12.23.49:564][  0]LogAndroidPermission: UAndroidPermissionCallbackProxy::GetInstance
[2020.09.03-12.23.49:571][  0]LogAudioCaptureCore: Display: No Audio Capture implementations found. Audio input will be silent.
[2020.09.03-12.23.49:571][  0]LogAudioCaptureCore: Display: No Audio Capture implementations found. Audio input will be silent.
[2020.09.03-12.23.49:645][  0]LogEngine: Initializing Engine...
[2020.09.03-12.23.49:646][  0]LogStats: UGameplayTagsManager::InitializeManager -  0.000 s
[2020.09.03-12.23.49:898][  0]LogInit: Initializing FReadOnlyCVARCache
[2020.09.03-12.23.49:903][  0]LogAIModule: Creating AISystem for world Untitled
[2020.09.03-12.23.49:917][  0]LogAudioMixer: Display: Audio Mixer Platform Settings:
[2020.09.03-12.23.49:917][  0]LogAudioMixer: Display: 	Sample Rate:						  48000
[2020.09.03-12.23.49:917][  0]LogAudioMixer: Display: 	Callback Buffer Frame Size Requested: 1024
[2020.09.03-12.23.49:917][  0]LogAudioMixer: Display: 	Callback Buffer Frame Size To Use:	  1024
[2020.09.03-12.23.49:917][  0]LogAudioMixer: Display: 	Number of buffers to queue:			  2
[2020.09.03-12.23.49:917][  0]LogAudioMixer: Display: 	Max Channels (voices):				  32
[2020.09.03-12.23.49:917][  0]LogAudioMixer: Display: 	Number of Async Source Workers:		  0
[2020.09.03-12.23.49:917][  0]LogAudio: Display: AudioDevice MaxSources: 32
[2020.09.03-12.23.49:917][  0]LogAudio: Display: Using built-in audio occlusion.
[2020.09.03-12.23.49:917][  0]LogAudioMixer: Display: Initializing audio mixer.
[2020.09.03-12.23.49:942][  0]LogAudioMixer: Display: Audio Device Output Speaker Info:
[2020.09.03-12.23.49:942][  0]LogAudioMixer: Display: Name: 4 - HP VH240a (AMD High Definition Audio Device)
[2020.09.03-12.23.49:942][  0]LogAudioMixer: Display: Is Default: Yes
[2020.09.03-12.23.49:942][  0]LogAudioMixer: Display: Sample Rate: 48000
[2020.09.03-12.23.49:942][  0]LogAudioMixer: Display: Channel Count Used: 2
[2020.09.03-12.23.49:942][  0]LogAudioMixer: Display: Device Channel Count: 2
[2020.09.03-12.23.49:942][  0]LogAudioMixer: Display: Channel Order:
[2020.09.03-12.23.49:942][  0]LogAudioMixer: Display: 0: FrontLeft
[2020.09.03-12.23.49:942][  0]LogAudioMixer: Display: 1: FrontRight
[2020.09.03-12.23.49:953][  0]LogAudioMixer: Display: Using Audio Device 4 - HP VH240a (AMD High Definition Audio Device)
[2020.09.03-12.23.49:956][  0]LogInit: FAudioDevice initialized.
[2020.09.03-12.23.49:957][  0]LogNetVersion: Set ProjectVersion to 1.0.0.0. Version Checksum will be recalculated on next use.
[2020.09.03-12.23.49:999][  0]LogDerivedDataCache: Saved boot cache 0.04s 78MB C:/Users/randy/AppData/Local/UnrealEngine/4.24/DerivedDataCache/Boot.ddc.
[2020.09.03-12.23.50:004][  0]LogInit: Texture streaming: Enabled
[2020.09.03-12.23.50:011][  0]LogEngineSessionManager: EngineSessionManager initialized
[2020.09.03-12.23.50:011][  0]LogEditorSessionSummary: Verbose: Initializing EditorSessionSummaryWriter for editor session tracking
[2020.09.03-12.23.50:012][  0]LogEditorSessionSummary: EditorSessionSummaryWriter initialized
[2020.09.03-12.23.50:052][  0]LogInit: Transaction tracking system initialized
[2020.09.03-12.23.50:058][  0]BlueprintLog: New page: Editor Load
[2020.09.03-12.23.50:079][  0]LocalizationService: Localization service is disabled
[2020.09.03-12.23.50:281][  0]LogCook: Display: Max memory allowance for cook 16384mb min free memory 0mb
[2020.09.03-12.23.50:281][  0]LogCook: Display: Mobile HDR setting 1
[2020.09.03-12.23.50:354][  0]LogFileCache: Scanning file cache for directory 'C:/Users/randy/Documents/RGS_Upgrade/Content/' took 0.02s
[2020.09.03-12.23.50:354][  0]SourceControl: Source control is disabled
[2020.09.03-12.23.50:355][  0]Cmd: MAP LOAD FILE="../../../../../Users/randy/Documents/RGS_Upgrade/Content/UltimateShooterKit/Environment/Maps/TestLevel.umap" TEMPLATE=0 SHOWPROGRESS=1 FEATURELEVEL=3
[2020.09.03-12.23.50:355][  0]LightingResults: New page: Lighting Build
[2020.09.03-12.23.50:355][  0]LogWorld: UWorld::CleanupWorld for Untitled, bSessionEnded=true, bCleanupResources=true
[2020.09.03-12.23.50:355][  0]LogSlate: InvalidateAllWidgets triggered.  All widgets were invalidated
[2020.09.03-12.23.50:355][  0]MapCheck: New page: Map Check
[2020.09.03-12.23.50:355][  0]LightingResults: New page: Lighting Build
[2020.09.03-12.23.50:376][  0]LogUObjectHash: Compacting FUObjectHashTables data took   1.30ms
[2020.09.03-12.23.50:415][  0]LogProperty: Error: UStructProperty::Serialize Loading: Property 'StructProperty /Game/UltimateShooterKit/Blueprints/BP_BaseItem.BP_BaseItem_C:ResetAttachmentToDefault.CallFunc_GetItemAsWeapon_AsMasterWeapon'. Unknown structure.
[2020.09.03-12.23.50:417][  0]LogProperty: Error: UStructProperty::Serialize Loading: Property 'StructProperty /Game/UltimateShooterKit/Blueprints/BP_BaseItem.BP_BaseItem_C:OnRep_CurrentClip.CallFunc_GetItemAsWeapon_AsMasterWeapon'. Unknown structure.
[2020.09.03-12.23.50:419][  0]LogProperty: Error: UStructProperty::Serialize Loading: Property 'StructProperty /Game/UltimateShooterKit/Blueprints/BP_BaseItem.BP_BaseItem_C:UpdateItemMesh.CallFunc_GetItemAsWeapon_AsMasterWeapon'. Unknown structure.
[2020.09.03-12.23.50:420][  0]LogProperty: Error: UStructProperty::Serialize Loading: Property 'StructProperty /Game/UltimateShooterKit/Blueprints/BP_BaseItem.BP_BaseItem_C:ExecuteUbergraph_BP_BaseItem.CallFunc_GetItemAsWeapon_AsMasterWeapon'. Unknown structure.
[2020.09.03-12.23.50:420][  0]LogProperty: Error: UStructProperty::Serialize Loading: Property 'StructProperty /Game/UltimateShooterKit/Blueprints/BP_BaseItem.BP_BaseItem_C:ExecuteUbergraph_BP_BaseItem.CallFunc_GetItemAsWeapon_AsMasterWeapon_1'. Unknown structure.
[2020.09.03-12.23.50:475][  0]LogProperty: Error: UStructProperty::Serialize Loading: Property 'StructProperty /Game/UltimateShooterKit/Blueprints/Data/Interfaces/BP_BaseItemInterface.BP_BaseItemInterface_C:UpdateMasterItemInfo.NewItemInfo'. Unknown structure.
[2020.09.03-12.23.50:477][  0]LogProperty: Error: UStructProperty::Serialize Loading: Property 'StructProperty /Game/UltimateShooterKit/Blueprints/Data/Interfaces/BP_BaseItemInterface.BP_BaseItemInterface_C:GetItemInfo.ReturnValue'. Unknown structure.
[2020.09.03-12.23.50:479][  0]LogProperty: Error: UStructProperty::Serialize Loading: Property 'StructProperty /Game/UltimateShooterKit/UserInterface/Widget_InteractableItem.Widget_InteractableItem_C:Display_Interaction_Widget.ItemInfo'. Unknown structure.
[2020.09.03-12.23.50:479][  0]LogProperty: Error: UStructProperty::Serialize Loading: Property 'StructProperty /Game/UltimateShooterKit/UserInterface/Widget_InteractableItem.Widget_InteractableItem_C:ReConstruct_ItemWidget.ItemInfo'. Unknown structure.
[2020.09.03-12.23.50:479][  0]LogProperty: Error: UStructProperty::Serialize Loading: Property 'StructProperty /Game/UltimateShooterKit/UserInterface/Widget_InteractableItem.Widget_InteractableItem_C:ExecuteUbergraph_Widget_InteractableItem.K2Node_CustomEvent_ItemInfo_1'. Unknown structure.
[2020.09.03-12.23.50:479][  0]LogProperty: Error: UStructProperty::Serialize Loading: Property 'StructProperty /Game/UltimateShooterKit/UserInterface/Widget_InteractableItem.Widget_InteractableItem_C:ExecuteUbergraph_Widget_InteractableItem.K2Node_CustomEvent_ItemInfo'. Unknown structure.
[2020.09.03-12.23.50:479][  0]LogProperty: Error: UStructProperty::Serialize Loading: Property 'StructProperty /Game/UltimateShooterKit/UserInterface/Widget_InteractableItem.Widget_InteractableItem_C:ItemInfo'. Unknown structure.
[2020.09.03-12.23.50:485][  0]LogProperty: Error: UStructProperty::Serialize Loading: Property 'StructProperty /Game/UltimateShooterKit/UserInterface/Widget_SingleAttachment.Widget_SingleAttachment_C:ExecuteUbergraph_Widget_SingleAttachment.CallFunc_GetItemInfo_AsMasterItem'. Unknown structure.
[2020.09.03-12.23.50:492][  0]LogProperty: Error: UStructProperty::Serialize Loading: Property 'StructProperty /Game/UltimateShooterKit/Blueprints/Components/Component_Shooter.Component_Shooter_C:OnRep_HeldWeapon.CallFunc_GetItemAsWeapon_AsMasterWeapon'. Unknown structure.
[2020.09.03-12.23.50:492][  0]LogProperty: Error: UStructProperty::Serialize Loading: Property 'StructProperty /Game/UltimateShooterKit/Blueprints/Components/Component_Shooter.Component_Shooter_C:OnRep_HeldWeapon.K2Node_MakeStruct_Struct_MasterWeapon'. Unknown structure.
[2020.09.03-12.23.50:496][  0]LogProperty: Error: UStructProperty::Serialize Loading: Property 'StructProperty /Game/UltimateShooterKit/Blueprints/Components/Component_Shooter.Component_Shooter_C:HeldWeaponInfo'. Unknown structure.
[2020.09.03-12.23.50:520][  0]LogProperty: Error: UStructProperty::Serialize Loading: Property 'StructProperty /Game/UltimateShooterKit/Blueprints/ShooterOverlay_AnimBP.ShooterOverlay_AnimBP_C:Set_HeldWeaponInfo.WeaponInfo'. Unknown structure.
[2020.09.03-12.23.50:521][  0]LogProperty: Error: UStructProperty::Serialize Loading: Property 'StructProperty /Game/UltimateShooterKit/Blueprints/ShooterOverlay_AnimBP.ShooterOverlay_AnimBP_C:ExecuteUbergraph_ShooterOverlay_AnimBP.K2Node_Event_WeaponInfo'. Unknown structure.
[2020.09.03-12.23.50:569][  0]LogProperty: Error: UStructProperty::Serialize Loading: Property 'StructProperty /Game/UltimateShooterKit/Blueprints/Data/Interfaces/BP_OverlayAnimBPInterface.BP_OverlayAnimBPInterface_C:Set_HeldWeaponInfo.WeaponInfo'. Unknown structure.
[2020.09.03-12.23.50:619][  0]LogProperty: Error: UStructProperty::Serialize Loading: Property 'StructProperty /Game/UltimateShooterKit/Blueprints/Data/Libraries/BP_ShooterFL.BP_ShooterFL_C:GetItemAsWeapon.AsMasterWeapon'. Unknown structure.
[2020.09.03-12.23.50:620][  0]LogProperty: Error: UStructProperty::Serialize Loading: Property 'StructProperty /Game/UltimateShooterKit/Blueprints/Data/Libraries/BP_ShooterFL.BP_ShooterFL_C:GetItemAsWeapon.CallFunc_GetDataTableRowFromName_OutRow'. Unknown structure.
[2020.09.03-12.23.50:622][  0]LogProperty: Error: UStructProperty::Serialize Loading: Property 'StructProperty /Game/UltimateShooterKit/UserInterface/Widget_SingleConsumableLayout.Widget_SingleConsumableLayout_C:OnHovered__DelegateSignature.ConsumableInfo'. Unknown structure.
[2020.09.03-12.23.50:622][  0]LogProperty: Error: UStructProperty::Serialize Loading: Property 'StructProperty /Game/UltimateShooterKit/UserInterface/Widget_SingleConsumableLayout.Widget_SingleConsumableLayout_C:ConsumableInfo'. Unknown structure.
[2020.09.03-12.23.50:633][  0]LogClass: Warning: Property ConsumableInfo of ConsumableInfo has a struct type mismatch (tag STRUCT_REINST_Struct_MasterItem_1 != prop FallbackStruct) in package:  ../../../../../Users/randy/Documents/RGS_Upgrade/Content/UltimateShooterKit/UserInterface/Widget_SingleConsumableLayout.uasset. If that struct got renamed, add an entry to ActiveStructRedirects.
[2020.09.03-12.23.50:701][  0]LogProperty: Error: UStructProperty::Serialize Loading: Property 'StructProperty /Game/UltimateShooterKit/UserInterface/Widget_WeaponAttachment.Widget_WeaponAttachment_C:UpdateAttachmentCustomizer.CallFunc_GetItemInfo_AsMasterItem'. Unknown structure.
[2020.09.03-12.23.50:749][  0]LogClass: Warning: Property HeldWeaponInfo of HeldWeaponInfo has a struct type mismatch (tag STRUCT_REINST_Struct_MasterWeapon_4 != prop FallbackStruct) in package:  ../../../../../Users/randy/Documents/RGS_Upgrade/Content/UltimateShooterKit/Blueprints/Components/Component_Shooter.uasset. If that struct got renamed, add an entry to ActiveStructRedirects.
[2020.09.03-12.23.50:920][  0]LogClass: Warning: Property ItemInfo of ItemInfo has a struct type mismatch (tag STRUCT_REINST_Struct_MasterItem_1 != prop FallbackStruct) in package:  ../../../../../Users/randy/Documents/RGS_Upgrade/Content/UltimateShooterKit/UserInterface/Widget_InteractableItem.uasset. If that struct got renamed, add an entry to ActiveStructRedirects.
[2020.09.03-12.23.51:979][  0]LogClass: Warning: Property HeldWeaponInfo of HeldWeaponInfo has a struct type mismatch (tag FallbackStruct != prop Struct_MasterWeapon) in package:  FObjectReader. If that struct got renamed, add an entry to ActiveStructRedirects.
[2020.09.03-12.23.51:986][  0]LogClass: Warning: Property ItemInfo of ItemInfo has a struct type mismatch (tag FallbackStruct != prop Struct_MasterItem) in package:  FObjectReader. If that struct got renamed, add an entry to ActiveStructRedirects.
[2020.09.03-12.23.51:987][  0]LogClass: Warning: Property ConsumableInfo of ConsumableInfo has a struct type mismatch (tag FallbackStruct != prop Struct_MasterItem) in package:  FObjectReader. If that struct got renamed, add an entry to ActiveStructRedirects.
[2020.09.03-12.23.52:179][  0]LogProperty: Error: UStructProperty::Serialize Loading: Property 'StructProperty /Game/UltimateShooterKit/UserInterface/Widget_SingleWeaponLayout.Widget_SingleWeaponLayout_C:ExecuteUbergraph_Widget_SingleWeaponLayout.CallFunc_GetItemAsWeapon_AsMasterWeapon'. Unknown structure.
[2020.09.03-12.23.53:276][  0]LogBlueprint: Warning: Node '/Game/MilitaryWeapSilver/Sound/Rifle/Cues/Rifle_ImpactSurface_Cue.Rifle_ImpactSurface_Cue:SoundCueGraph_6.SoundCueGraphNode_106' missing NodeGuid because of upgrade from old package version, this can cause deterministic cooking issues please resave package.
[2020.09.03-12.23.53:276][  0]LogBlueprint: Warning: Node '/Game/MilitaryWeapSilver/Sound/Rifle/Cues/Rifle_ImpactSurface_Cue.Rifle_ImpactSurface_Cue:SoundCueGraph_6.SoundCueGraphNode_107' missing NodeGuid because of upgrade from old package version, this can cause deterministic cooking issues please resave package.
[2020.09.03-12.23.53:276][  0]LogBlueprint: Warning: Node '/Game/MilitaryWeapSilver/Sound/Rifle/Cues/Rifle_ImpactSurface_Cue.Rifle_ImpactSurface_Cue:SoundCueGraph_6.SoundCueGraphNode_108' missing NodeGuid because of upgrade from old package version, this can cause deterministic cooking issues please resave package.
[2020.09.03-12.23.53:276][  0]LogBlueprint: Warning: Node '/Game/MilitaryWeapSilver/Sound/Rifle/Cues/Rifle_ImpactSurface_Cue.Rifle_ImpactSurface_Cue:SoundCueGraph_6.SoundCueGraphNode_109' missing NodeGuid because of upgrade from old package version, this can cause deterministic cooking issues please resave package.
[2020.09.03-12.23.53:276][  0]LogBlueprint: Warning: Node '/Game/MilitaryWeapSilver/Sound/Rifle/Cues/Rifle_ImpactSurface_Cue.Rifle_ImpactSurface_Cue:SoundCueGraph_6.SoundCueGraphNode_110' missing NodeGuid because of upgrade from old package version, this can cause deterministic cooking issues please resave package.
[2020.09.03-12.23.53:276][  0]LogBlueprint: Warning: Node '/Game/MilitaryWeapSilver/Sound/Rifle/Cues/Rifle_ImpactSurface_Cue.Rifle_ImpactSurface_Cue:SoundCueGraph_6.SoundCueGraphNode_111' missing NodeGuid because of upgrade from old package version, this can cause deterministic cooking issues please resave package.
[2020.09.03-12.23.53:276][  0]LogBlueprint: Warning: Node '/Game/MilitaryWeapSilver/Sound/Rifle/Cues/Rifle_ImpactSurface_Cue.Rifle_ImpactSurface_Cue:SoundCueGraph_6.SoundCueGraphNode_112' missing NodeGuid because of upgrade from old package version, this can cause deterministic cooking issues please resave package.
[2020.09.03-12.23.53:276][  0]LogBlueprint: Warning: Node '/Game/MilitaryWeapSilver/Sound/Rifle/Cues/Rifle_ImpactSurface_Cue.Rifle_ImpactSurface_Cue:SoundCueGraph_6.SoundCueGraphNode_131' missing NodeGuid because of upgrade from old package version, this can cause deterministic cooking issues please resave package.
[2020.09.03-12.23.53:276][  0]LogBlueprint: Warning: Node '/Game/MilitaryWeapSilver/Sound/Rifle/Cues/Rifle_ImpactSurface_Cue.Rifle_ImpactSurface_Cue:SoundCueGraph_6.SoundCueGraphNode_Root_6' missing NodeGuid because of upgrade from old package version, this can cause deterministic cooking issues please resave package.
[2020.09.03-12.23.53:277][  0]LogBlueprint: Warning: Node '/Game/MilitaryWeapSilver/Sound/Rifle/Cues/Rifle_ImpactBody_Cue.Rifle_ImpactBody_Cue:SoundCueGraph_5.SoundCueGraphNode_113' missing NodeGuid because of upgrade from old package version, this can cause deterministic cooking issues please resave package.
[2020.09.03-12.23.53:277][  0]LogBlueprint: Warning: Node '/Game/MilitaryWeapSilver/Sound/Rifle/Cues/Rifle_ImpactBody_Cue.Rifle_ImpactBody_Cue:SoundCueGraph_5.SoundCueGraphNode_114' missing NodeGuid because of upgrade from old package version, this can cause deterministic cooking issues please resave package.
[2020.09.03-12.23.53:277][  0]LogBlueprint: Warning: Node '/Game/MilitaryWeapSilver/Sound/Rifle/Cues/Rifle_ImpactBody_Cue.Rifle_ImpactBody_Cue:SoundCueGraph_5.SoundCueGraphNode_115' missing NodeGuid because of upgrade from old package version, this can cause deterministic cooking issues please resave package.
[2020.09.03-12.23.53:277][  0]LogBlueprint: Warning: Node '/Game/MilitaryWeapSilver/Sound/Rifle/Cues/Rifle_ImpactBody_Cue.Rifle_ImpactBody_Cue:SoundCueGraph_5.SoundCueGraphNode_116' missing NodeGuid because of upgrade from old package version, this can cause deterministic cooking issues please resave package.
[2020.09.03-12.23.53:277][  0]LogBlueprint: Warning: Node '/Game/MilitaryWeapSilver/Sound/Rifle/Cues/Rifle_ImpactBody_Cue.Rifle_ImpactBody_Cue:SoundCueGraph_5.SoundCueGraphNode_117' missing NodeGuid because of upgrade from old package version, this can cause deterministic cooking issues please resave package.
[2020.09.03-12.23.53:277][  0]LogBlueprint: Warning: Node '/Game/MilitaryWeapSilver/Sound/Rifle/Cues/Rifle_ImpactBody_Cue.Rifle_ImpactBody_Cue:SoundCueGraph_5.SoundCueGraphNode_118' missing NodeGuid because of upgrade from old package version, this can cause deterministic cooking issues please resave package.
[2020.09.03-12.23.53:277][  0]LogBlueprint: Warning: Node '/Game/MilitaryWeapSilver/Sound/Rifle/Cues/Rifle_ImpactBody_Cue.Rifle_ImpactBody_Cue:SoundCueGraph_5.SoundCueGraphNode_119' missing NodeGuid because of upgrade from old package version, this can cause deterministic cooking issues please resave package.
[2020.09.03-12.23.53:277][  0]LogBlueprint: Warning: Node '/Game/MilitaryWeapSilver/Sound/Rifle/Cues/Rifle_ImpactBody_Cue.Rifle_ImpactBody_Cue:SoundCueGraph_5.SoundCueGraphNode_138' missing NodeGuid because of upgrade from old package version, this can cause deterministic cooking issues please resave package.
[2020.09.03-12.23.53:277][  0]LogBlueprint: Warning: Node '/Game/MilitaryWeapSilver/Sound/Rifle/Cues/Rifle_ImpactBody_Cue.Rifle_ImpactBody_Cue:SoundCueGraph_5.SoundCueGraphNode_Root_5' missing NodeGuid because of upgrade from old package version, this can cause deterministic cooking issues please resave package.
[2020.09.03-12.23.53:367][  0]LogBlueprint: Warning: Node '/Game/MilitaryWeapSilver/Sound/Shotgun/Cues/Shotgun_ImpactBody_Cue.Shotgun_ImpactBody_Cue:SoundCueGraph_55.SoundCueGraphNode_144' missing NodeGuid because of upgrade from old package version, this can cause deterministic cooking issues please resave package.
[2020.09.03-12.23.53:367][  0]LogBlueprint: Warning: Node '/Game/MilitaryWeapSilver/Sound/Shotgun/Cues/Shotgun_ImpactBody_Cue.Shotgun_ImpactBody_Cue:SoundCueGraph_55.SoundCueGraphNode_145' missing NodeGuid because of upgrade from old package version, this can cause deterministic cooking issues please resave package.
[2020.09.03-12.23.53:367][  0]LogBlueprint: Warning: Node '/Game/MilitaryWeapSilver/Sound/Shotgun/Cues/Shotgun_ImpactBody_Cue.Shotgun_ImpactBody_Cue:SoundCueGraph_55.SoundCueGraphNode_146' missing NodeGuid because of upgrade from old package version, this can cause deterministic cooking issues please resave package.
[2020.09.03-12.23.53:367][  0]LogBlueprint: Warning: Node '/Game/MilitaryWeapSilver/Sound/Shotgun/Cues/Shotgun_ImpactBody_Cue.Shotgun_ImpactBody_Cue:SoundCueGraph_55.SoundCueGraphNode_147' missing NodeGuid because of upgrade from old package version, this can cause deterministic cooking issues please resave package.
[2020.09.03-12.23.53:367][  0]LogBlueprint: Warning: Node '/Game/MilitaryWeapSilver/Sound/Shotgun/Cues/Shotgun_ImpactBody_Cue.Shotgun_ImpactBody_Cue:SoundCueGraph_55.SoundCueGraphNode_148' missing NodeGuid because of upgrade from old package version, this can cause deterministic cooking issues please resave package.
[2020.09.03-12.23.53:367][  0]LogBlueprint: Warning: Node '/Game/MilitaryWeapSilver/Sound/Shotgun/Cues/Shotgun_ImpactBody_Cue.Shotgun_ImpactBody_Cue:SoundCueGraph_55.SoundCueGraphNode_149' missing NodeGuid because of upgrade from old package version, this can cause deterministic cooking issues please resave package.
[2020.09.03-12.23.53:367][  0]LogBlueprint: Warning: Node '/Game/MilitaryWeapSilver/Sound/Shotgun/Cues/Shotgun_ImpactBody_Cue.Shotgun_ImpactBody_Cue:SoundCueGraph_55.SoundCueGraphNode_Root_55' missing NodeGuid because of upgrade from old package version, this can cause deterministic cooking issues please resave package.
[2020.09.03-12.23.53:448][  0]LogBlueprint: Warning: Node '/Game/MilitaryWeapSilver/Sound/SniperRifle/Cues/SniperRifle_ImpactSurface_Cue.SniperRifle_ImpactSurface_Cue:SoundCueGraph_63.SoundCueGraphNode_62' missing NodeGuid because of upgrade from old package version, this can cause deterministic cooking issues please resave package.
[2020.09.03-12.23.53:448][  0]LogBlueprint: Warning: Node '/Game/MilitaryWeapSilver/Sound/SniperRifle/Cues/SniperRifle_ImpactSurface_Cue.SniperRifle_ImpactSurface_Cue:SoundCueGraph_63.SoundCueGraphNode_Root_63' missing NodeGuid because of upgrade from old package version, this can cause deterministic cooking issues please resave package.
[2020.09.03-12.23.53:505][  0]LogBlueprint: Warning: Node '/Game/MilitaryWeapSilver/Sound/SniperRifle/Cues/SniperRifle_ImpactBody_Cue.SniperRifle_ImpactBody_Cue:SoundCueGraph_62.SoundCueGraphNode_19' missing NodeGuid because of upgrade from old package version, this can cause deterministic cooking issues please resave package.
[2020.09.03-12.23.53:505][  0]LogBlueprint: Warning: Node '/Game/MilitaryWeapSilver/Sound/SniperRifle/Cues/SniperRifle_ImpactBody_Cue.SniperRifle_ImpactBody_Cue:SoundCueGraph_62.SoundCueGraphNode_20' missing NodeGuid because of upgrade from old package version, this can cause deterministic cooking issues please resave package.
[2020.09.03-12.23.53:505][  0]LogBlueprint: Warning: Node '/Game/MilitaryWeapSilver/Sound/SniperRifle/Cues/SniperRifle_ImpactBody_Cue.SniperRifle_ImpactBody_Cue:SoundCueGraph_62.SoundCueGraphNode_21' missing NodeGuid because of upgrade from old package version, this can cause deterministic cooking issues please resave package.
[2020.09.03-12.23.53:505][  0]LogBlueprint: Warning: Node '/Game/MilitaryWeapSilver/Sound/SniperRifle/Cues/SniperRifle_ImpactBody_Cue.SniperRifle_ImpactBody_Cue:SoundCueGraph_62.SoundCueGraphNode_22' missing NodeGuid because of upgrade from old package version, this can cause deterministic cooking issues please resave package.
[2020.09.03-12.23.53:505][  0]LogBlueprint: Warning: Node '/Game/MilitaryWeapSilver/Sound/SniperRifle/Cues/SniperRifle_ImpactBody_Cue.SniperRifle_ImpactBody_Cue:SoundCueGraph_62.SoundCueGraphNode_23' missing NodeGuid because of upgrade from old package version, this can cause deterministic cooking issues please resave package.
[2020.09.03-12.23.53:505][  0]LogBlueprint: Warning: Node '/Game/MilitaryWeapSilver/Sound/SniperRifle/Cues/SniperRifle_ImpactBody_Cue.SniperRifle_ImpactBody_Cue:SoundCueGraph_62.SoundCueGraphNode_24' missing NodeGuid because of upgrade from old package version, this can cause deterministic cooking issues please resave package.
[2020.09.03-12.23.53:505][  0]LogBlueprint: Warning: Node '/Game/MilitaryWeapSilver/Sound/SniperRifle/Cues/SniperRifle_ImpactBody_Cue.SniperRifle_ImpactBody_Cue:SoundCueGraph_62.SoundCueGraphNode_Root_62' missing NodeGuid because of upgrade from old package version, this can cause deterministic cooking issues please resave package.
[2020.09.03-12.23.53:506][  0]LogBlueprint: Warning: Node '/Game/MilitaryWeapSilver/Sound/Shotgun/Cues/Shotgun_ImpactSurface_Cue.Shotgun_ImpactSurface_Cue:SoundCueGraph_54.SoundCueGraphNode_138' missing NodeGuid because of upgrade from old package version, this can cause deterministic cooking issues please resave package.
[2020.09.03-12.23.53:506][  0]LogBlueprint: Warning: Node '/Game/MilitaryWeapSilver/Sound/Shotgun/Cues/Shotgun_ImpactSurface_Cue.Shotgun_ImpactSurface_Cue:SoundCueGraph_54.SoundCueGraphNode_139' missing NodeGuid because of upgrade from old package version, this can cause deterministic cooking issues please resave package.
[2020.09.03-12.23.53:506][  0]LogBlueprint: Warning: Node '/Game/MilitaryWeapSilver/Sound/Shotgun/Cues/Shotgun_ImpactSurface_Cue.Shotgun_ImpactSurface_Cue:SoundCueGraph_54.SoundCueGraphNode_140' missing NodeGuid because of upgrade from old package version, this can cause deterministic cooking issues please resave package.
[2020.09.03-12.23.53:506][  0]LogBlueprint: Warning: Node '/Game/MilitaryWeapSilver/Sound/Shotgun/Cues/Shotgun_ImpactSurface_Cue.Shotgun_ImpactSurface_Cue:SoundCueGraph_54.SoundCueGraphNode_141' missing NodeGuid because of upgrade from old package version, this can cause deterministic cooking issues please resave package.
[2020.09.03-12.23.53:506][  0]LogBlueprint: Warning: Node '/Game/MilitaryWeapSilver/Sound/Shotgun/Cues/Shotgun_ImpactSurface_Cue.Shotgun_ImpactSurface_Cue:SoundCueGraph_54.SoundCueGraphNode_142' missing NodeGuid because of upgrade from old package version, this can cause deterministic cooking issues please resave package.
[2020.09.03-12.23.53:506][  0]LogBlueprint: Warning: Node '/Game/MilitaryWeapSilver/Sound/Shotgun/Cues/Shotgun_ImpactSurface_Cue.Shotgun_ImpactSurface_Cue:SoundCueGraph_54.SoundCueGraphNode_143' missing NodeGuid because of upgrade from old package version, this can cause deterministic cooking issues please resave package.
[2020.09.03-12.23.53:506][  0]LogBlueprint: Warning: Node '/Game/MilitaryWeapSilver/Sound/Shotgun/Cues/Shotgun_ImpactSurface_Cue.Shotgun_ImpactSurface_Cue:SoundCueGraph_54.SoundCueGraphNode_Root_54' missing NodeGuid because of upgrade from old package version, this can cause deterministic cooking issues please resave package.
[2020.09.03-12.23.54:201][  0]LogAIModule: Creating AISystem for world TestLevel
[2020.09.03-12.23.54:205][  0]LogSkeletalMesh: USkeletalMeshComponent::InitArticulated : Could not find root physics body: '/Game/UltimateShooterKit/Environment/Maps/TestLevel.TestLevel:PersistentLevel.BP_BaseItem6.NODE_AddSkeletalMeshComponent-0'
[2020.09.03-12.23.54:213][  0]LogSkeletalMesh: USkeletalMeshComponent::InitArticulated : Could not find root physics body: '/Game/UltimateShooterKit/Environment/Maps/TestLevel.TestLevel:PersistentLevel.BP_BaseItem6.NODE_AddSkeletalMeshComponent-0'
[2020.09.03-12.23.54:217][  0]LogEditorServer: Finished looking for orphan Actors (0.000 secs)
[2020.09.03-12.23.54:273][  0]LogUObjectHash: Compacting FUObjectHashTables data took   3.48ms
[2020.09.03-12.23.54:275][  0]Cmd: MAP CHECKDEP NOCLEARLOG
[2020.09.03-12.23.54:275][  0]MapCheck: Map check complete: 0 Error(s), 0 Warning(s), took 0.108ms to complete.
[2020.09.03-12.23.54:275][  0]LogFileHelpers: Loading map 'TestLevel' took 3.921
[2020.09.03-12.23.54:402][  0]LogSlate: Updating window title bar state: overlay mode, drag disabled, window buttons hidden, title bar hidden
[2020.09.03-12.23.54:408][  0]LogSlate: Updating window title bar state: overlay mode, drag disabled, window buttons hidden, title bar hidden
[2020.09.03-12.23.54:414][  0]LogSlate: Updating window title bar state: overlay mode, drag disabled, window buttons hidden, title bar hidden
[2020.09.03-12.23.54:419][  0]LogSlate: Updating window title bar state: overlay mode, drag disabled, window buttons hidden, title bar hidden
[2020.09.03-12.23.54:423][  0]LogCollectionManager: Loaded 0 collections in 0.001367 seconds
[2020.09.03-12.23.54:432][  0]LogFileCache: Scanning file cache for directory 'C:/Users/randy/Documents/RGS_Upgrade/Saved/Collections/' took 0.00s
[2020.09.03-12.23.54:432][  0]LogFileCache: Scanning file cache for directory 'C:/Users/randy/Documents/RGS_Upgrade/Content/Developers/randy/Collections/' took 0.00s
[2020.09.03-12.23.54:432][  0]LogFileCache: Scanning file cache for directory 'C:/Users/randy/Documents/RGS_Upgrade/Content/Collections/' took 0.00s
[2020.09.03-12.23.54:432][  0]LogContentBrowser: Native class hierarchy populated in 0.0064 seconds. Added 2997 classes and 701 folders.
[2020.09.03-12.23.54:434][  0]LogContentBrowser: Native class hierarchy updated for 'WidgetCarousel' in 0.0002 seconds. Added 0 classes and 0 folders.
[2020.09.03-12.23.54:469][  0]LogContentBrowser: Native class hierarchy updated for 'AddContentDialog' in 0.0002 seconds. Added 0 classes and 0 folders.
[2020.09.03-12.23.54:475][  0]LogContentBrowser: Native class hierarchy updated for 'SceneOutliner' in 0.0002 seconds. Added 2 classes and 3 folders.
[2020.09.03-12.23.54:524][  0]LogSlate: Took 0.000125 seconds to synchronously load lazily loaded font '../../../Engine/Content/Slate/Fonts/Roboto-Regular.ttf' (155K)
[2020.09.03-12.23.54:526][  0]LogSlate: Took 0.000085 seconds to synchronously load lazily loaded font '../../../Engine/Content/Slate/Fonts/Roboto-Bold.ttf' (160K)
[2020.09.03-12.23.54:529][  0]LogSlate: Took 0.000085 seconds to synchronously load lazily loaded font '../../../Engine/Content/Editor/Slate/Fonts/FontAwesome.ttf' (139K)
[2020.09.03-12.23.54:584][  0]LogRenderer: Reallocating scene render targets to support 1140x572 Format 10 NumSamples 1 (Frame:1).
[2020.09.03-12.23.54:808][  0]LogContentBrowser: Native class hierarchy updated for 'HierarchicalLODOutliner' in 0.0002 seconds. Added 0 classes and 0 folders.
[2020.09.03-12.23.54:808][  0]LogLoad: (Engine Initialization) Total time: 9.19 seconds
[2020.09.03-12.23.54:808][  0]LogLoad: (Engine Initialization) Total Blueprint compile time: 0.00 seconds
[2020.09.03-12.23.54:860][  0]LogAssetRegistry: Asset discovery search completed in 6.8207 seconds
[2020.09.03-12.23.54:862][  0]LogCollectionManager: Fixed up redirectors for 0 collections in 0.000006 seconds (updated 0 objects)
[2020.09.03-12.23.54:863][  0]LogContentStreaming: Texture pool size now 1000 MB
[2020.09.03-12.23.54:898][  0]LogSlate: Took 0.000112 seconds to synchronously load lazily loaded font '../../../Engine/Content/Slate/Fonts/Roboto-Light.ttf' (167K)
[2020.09.03-12.23.54:914][  1]LogFileCache: Retrieving MD5 hashes for directory 'C:/Users/randy/Documents/RGS_Upgrade/Content/' took 0.09s
[2020.09.03-12.23.55:847][ 59]LogSlate: Took 0.000146 seconds to synchronously load lazily loaded font '../../../Engine/Content/Slate/Fonts/Roboto-Light.ttf' (167K)
[2020.09.03-12.24.01:440][477]LogAssetEditorSubsystem: Opening Asset editor for SkeletalMesh /Game/IBFPSStarterPack/Meshes/Weapons/SKM_Strike.SKM_Strike
[2020.09.03-12.24.01:443][477]LogContentBrowser: Native class hierarchy updated for 'SkeletonEditor' in 0.0002 seconds. Added 1 classes and 2 folders.
[2020.09.03-12.24.01:600][477]LogActorComponent: RegisterComponentWithWorld: (/Engine/Transient.World_3:PersistentLevel.AnimationEditorPreviewActor_0.DebugSkelMeshComponent_0) Already registered. Aborting.
[2020.09.03-12.24.01:601][477]LogContentBrowser: Native class hierarchy updated for 'PinnedCommandList' in 0.0002 seconds. Added 1 classes and 0 folders.
[2020.09.03-12.24.01:677][477]LogSkeletalMesh: USkeletalMeshComponent::InitArticulated : Bodies already created (/Engine/Transient.World_3:PersistentLevel.AnimationEditorPreviewActor_0.DebugSkelMeshComponent_0) - call TermArticulated first.
[2020.09.03-12.24.03:877][678]LogRenderer: Reallocating scene render targets to support 1140x884 Format 10 NumSamples 1 (Frame:1).
[2020.09.03-12.24.06:210][898]LogSlate: Took 0.000131 seconds to synchronously load lazily loaded font '../../../Engine/Content/Slate/Fonts/Roboto-Italic.ttf' (157K)
[2020.09.03-12.24.14:906][598]LogEditorFactories: Performing atomic reimport of [C:/Users/randy/Downloads/SKM_Strike.FBX]
[2020.09.03-12.24.14:948][598]LogFbx: Loading FBX Scene from C:/Users/randy/Downloads/SKM_Strike.FBX
[2020.09.03-12.24.14:958][598]LogFbx: FBX Scene Loaded Succesfully
[2020.09.03-12.24.14:987][598]LogFbx: Valid bind pose for Pose (SKM_Strike) - SKM_Strike.001
[2020.09.03-12.24.14:993][598]LogFbx: Warning: Bones digested - 8  Depth of hierarchy - 2
[2020.09.03-12.24.15:021][598]LogSkeletalMesh: Warning: Skeletal ComputeTangents MikkTSpace function: Compute a zero length normal vector.
[2020.09.03-12.24.15:139][598]LogSkeletalMesh: Section 0: 5277 vertices, 6 active bones
[2020.09.03-12.24.15:139][598]LogSkeletalMesh: Section 0: Material=0, 6134 triangles
[2020.09.03-12.24.17:277][598]LogSlate: Window 'Reimport Material Conflicts Resolution' being destroyed
[2020.09.03-12.24.17:319][598]LogEditorFactories: -- imported successfully
[2020.09.03-12.24.17:320][598]FBXImport: Warning: New mesh is missing bone 'stock2_joint' required by an LOD. 
[2020.09.03-12.24.17:324][598]LogSkeletalMesh: Building Skeletal Mesh SKM_Strike...
[2020.09.03-12.24.17:444][598]LogSkeletalMesh: Warning: Skeletal ComputeTangents MikkTSpace function: Compute a zero length normal vector.
[2020.09.03-12.24.17:561][598]LogSkeletalMesh: Section 0: 5277 vertices, 6 active bones
[2020.09.03-12.24.17:561][598]LogSkeletalMesh: Section 0: Material=0, 6134 triangles
[2020.09.03-12.24.17:643][598]LogSkeletalMesh: Built Skeletal Mesh [0.32s] /Game/IBFPSStarterPack/Meshes/Weapons/SKM_Strike.SKM_Strike
[2020.09.03-12.24.17:646][598]LogSkinnedMeshComp: Warning: GetBoneMatrix : BoneIndex(8) out of range of SpaceBases for /Engine/Transient.World_3:PersistentLevel.AnimationEditorPreviewActor_0.DebugSkelMeshComponent_0 (SkeletalMesh /Game/IBFPSStarterPack/Meshes/Weapons/SKM_Strike.SKM_Strike)
[2020.09.03-12.24.17:789][600]LogOutputDevice: Warning: 

Script Stack (0 frames):

[2020.09.03-12.24.18:264][600]LogStats: FPlatformStackWalk::StackWalkAndDump -  0.475 s
[2020.09.03-12.24.18:264][600]LogOutputDevice: Error: === Handled ensure: ===
[2020.09.03-12.24.18:264][600]LogOutputDevice: Error: 
[2020.09.03-12.24.18:264][600]LogOutputDevice: Error: Ensure condition failed: EditableBoneVisibilityStates.Num() >= OutRequiredBones.Num() [File:D:/Build/++UE4/Sync/Engine/Source/Runtime/Engine/Private/Components/SkeletalMeshComponent.cpp] [Line: 1595]
[2020.09.03-12.24.18:264][600]LogOutputDevice: Error: Skeletal Mesh asset 'SKM_Strike' has incorrect BoneVisibilityStates. # of BoneVisibilityStatese (8), # of OutRequiredBones (9)
[2020.09.03-12.24.18:264][600]LogOutputDevice: Error: Stack: 
[2020.09.03-12.24.18:264][600]LogOutputDevice: Error: [Callstack] 0x00007ffb58193c69 UE4Editor-Engine.dll!UnknownFunction []
[2020.09.03-12.24.18:264][600]LogOutputDevice: Error: [Callstack] 0x00007ffb56dc8517 UE4Editor-Engine.dll!UnknownFunction []
[2020.09.03-12.24.18:264][600]LogOutputDevice: Error: [Callstack] 0x00007ffb56de4b91 UE4Editor-Engine.dll!UnknownFunction []
[2020.09.03-12.24.18:264][600]LogOutputDevice: Error: [Callstack] 0x00007ffb56de538b UE4Editor-Engine.dll!UnknownFunction []
[2020.09.03-12.24.18:264][600]LogOutputDevice: Error: [Callstack] 0x00007ffb59bedbc6 UE4Editor-UnrealEd.dll!UnknownFunction []
[2020.09.03-12.24.18:264][600]LogOutputDevice: Error: [Callstack] 0x00007ffb56e54819 UE4Editor-Engine.dll!UnknownFunction []
[2020.09.03-12.24.18:264][600]LogOutputDevice: Error: [Callstack] 0x00007ffb56df5671 UE4Editor-Engine.dll!UnknownFunction []
[2020.09.03-12.24.18:264][600]LogOutputDevice: Error: [Callstack] 0x00007ffb59c09818 UE4Editor-UnrealEd.dll!UnknownFunction []
[2020.09.03-12.24.18:264][600]LogOutputDevice: Error: [Callstack] 0x00007ffb56cd1cc8 UE4Editor-Engine.dll!UnknownFunction []
[2020.09.03-12.24.18:264][600]LogOutputDevice: Error: [Callstack] 0x00007ffb56d02c74 UE4Editor-Engine.dll!UnknownFunction []
[2020.09.03-12.24.18:264][600]LogOutputDevice: Error: [Callstack] 0x00007ffb57a77223 UE4Editor-Engine.dll!UnknownFunction []
[2020.09.03-12.24.18:264][600]LogOutputDevice: Error: [Callstack] 0x00007ffb57a85256 UE4Editor-Engine.dll!UnknownFunction []
[2020.09.03-12.24.18:264][600]LogOutputDevice: Error: [Callstack] 0x00007ffb5be19ff2 UE4Editor-Core.dll!UnknownFunction []
[2020.09.03-12.24.18:264][600]LogOutputDevice: Error: [Callstack] 0x00007ffb5be1a393 UE4Editor-Core.dll!UnknownFunction []
[2020.09.03-12.24.18:264][600]LogOutputDevice: Error: [Callstack] 0x00007ffb5be2aa68 UE4Editor-Core.dll!UnknownFunction []
[2020.09.03-12.24.18:264][600]LogOutputDevice: Error: [Callstack] 0x00007ffb57aa38b0 UE4Editor-Engine.dll!UnknownFunction []
[2020.09.03-12.24.18:264][600]LogOutputDevice: Error: [Callstack] 0x00007ffb57aa97c2 UE4Editor-Engine.dll!UnknownFunction []
[2020.09.03-12.24.18:264][600]LogOutputDevice: Error: [Callstack] 0x00007ffb5722a25f UE4Editor-Engine.dll!UnknownFunction []
[2020.09.03-12.24.18:264][600]LogOutputDevice: Error: [Callstack] 0x00007ffb57235127 UE4Editor-Engine.dll!UnknownFunction []
[2020.09.03-12.24.18:264][600]LogOutputDevice: Error: [Callstack] 0x00007ffb4759c7bd UE4Editor-Persona.dll!UnknownFunction []
[2020.09.03-12.24.18:264][600]LogOutputDevice: Error: [Callstack] 0x00007ffb59b486fd UE4Editor-UnrealEd.dll!UnknownFunction []
[2020.09.03-12.24.18:264][600]LogOutputDevice: Error: [Callstack] 0x00007ffb59ef9fcd UE4Editor-UnrealEd.dll!UnknownFunction []
[2020.09.03-12.24.18:264][600]LogOutputDevice: Error: [Callstack] 0x00007ffb5a75e476 UE4Editor-UnrealEd.dll!UnknownFunction []
[2020.09.03-12.24.18:264][600]LogOutputDevice: Error: [Callstack] 0x00007ff6ff997f62 UE4Editor.exe!UnknownFunction []
[2020.09.03-12.24.18:264][600]LogOutputDevice: Error: [Callstack] 0x00007ff6ff9ac3ec UE4Editor.exe!UnknownFunction []
[2020.09.03-12.24.18:264][600]LogOutputDevice: Error: [Callstack] 0x00007ff6ff9ac4ca UE4Editor.exe!UnknownFunction []
[2020.09.03-12.24.18:264][600]LogOutputDevice: Error: [Callstack] 0x00007ff6ff9bceae UE4Editor.exe!UnknownFunction []
[2020.09.03-12.24.18:264][600]LogOutputDevice: Error: [Callstack] 0x00007ff6ff9bfcbe UE4Editor.exe!UnknownFunction []
[2020.09.03-12.24.18:264][600]LogOutputDevice: Error: [Callstack] 0x00007ffbbeec6fd4 KERNEL32.DLL!UnknownFunction []
[2020.09.03-12.24.18:264][600]LogOutputDevice: Error: [Callstack] 0x00007ffbbfc3cec1 ntdll.dll!UnknownFunction []
[2020.09.03-12.24.18:264][600]LogOutputDevice: Error: 
[2020.09.03-12.24.18:267][600]LogStats:                SubmitErrorReport -  0.000 s
[2020.09.03-12.24.19:235][600]LogStats:                    SendNewReport -  0.968 s
[2020.09.03-12.24.19:235][600]LogStats:             FDebug::EnsureFailed -  1.445 s
[2020.09.03-12.24.19:235][600]LogOutputDevice: Warning: 

Script Stack (0 frames):

[2020.09.03-12.24.19:235][600]LogWindows: Windows GetLastError: The operation completed successfully. (0)
[2020.09.03-12.24.23:146][600]LogWindows: Error: === Critical error: ===
[2020.09.03-12.24.23:146][600]LogWindows: Error: 
[2020.09.03-12.24.23:146][600]LogWindows: Error: Assertion failed: (Index >= 0) & (Index < ArrayNum) [File:D:\Build\++UE4\Sync\Engine\Source\Runtime\Core\Public\Containers/Array.h] [Line: 614] 
[2020.09.03-12.24.23:146][600]LogWindows: Error: Array index out of bounds: 8 from an array of size 8
[2020.09.03-12.24.23:146][600]LogWindows: Error: 
[2020.09.03-12.24.23:146][600]LogWindows: Error: 
[2020.09.03-12.24.23:146][600]LogWindows: Error: [Callstack] 0x00007ffbbd6a3e49 KERNELBASE.dll!UnknownFunction []
[2020.09.03-12.24.23:146][600]LogWindows: Error: [Callstack] 0x00007ffb5c28a7b6 UE4Editor-Core.dll!UnknownFunction []
[2020.09.03-12.24.23:146][600]LogWindows: Error: [Callstack] 0x00007ffb5c28dc58 UE4Editor-Core.dll!UnknownFunction []
[2020.09.03-12.24.23:146][600]LogWindows: Error: [Callstack] 0x00007ffb5c042c7d UE4Editor-Core.dll!UnknownFunction []
[2020.09.03-12.24.23:146][600]LogWindows: Error: [Callstack] 0x00007ffb5bfcfd43 UE4Editor-Core.dll!UnknownFunction []
[2020.09.03-12.24.23:146][600]LogWindows: Error: [Callstack] 0x00007ffb5bfd20c0 UE4Editor-Core.dll!UnknownFunction []
[2020.09.03-12.24.23:146][600]LogWindows: Error: [Callstack] 0x00007ffb5814c998 UE4Editor-Engine.dll!UnknownFunction []
[2020.09.03-12.24.23:146][600]LogWindows: Error: [Callstack] 0x00007ffb56c3648b UE4Editor-Engine.dll!UnknownFunction []
[2020.09.03-12.24.23:146][600]LogWindows: Error: [Callstack] 0x00007ffb56aae1f9 UE4Editor-Engine.dll!UnknownFunction []
[2020.09.03-12.24.23:146][600]LogWindows: Error: [Callstack] 0x00007ffb56a5ff09 UE4Editor-Engine.dll!UnknownFunction []
[2020.09.03-12.24.23:146][600]LogWindows: Error: [Callstack] 0x00007ffb56de4bbc UE4Editor-Engine.dll!UnknownFunction []
[2020.09.03-12.24.23:146][600]LogWindows: Error: [Callstack] 0x00007ffb56de538b UE4Editor-Engine.dll!UnknownFunction []
[2020.09.03-12.24.23:146][600]LogWindows: Error: [Callstack] 0x00007ffb59bedbc6 UE4Editor-UnrealEd.dll!UnknownFunction []
[2020.09.03-12.24.23:146][600]LogWindows: Error: [Callstack] 0x00007ffb56e54819 UE4Editor-Engine.dll!UnknownFunction []
[2020.09.03-12.24.23:146][600]LogWindows: Error: [Callstack] 0x00007ffb56df5671 UE4Editor-Engine.dll!UnknownFunction []
[2020.09.03-12.24.23:146][600]LogWindows: Error: [Callstack] 0x00007ffb59c09818 UE4Editor-UnrealEd.dll!UnknownFunction []
[2020.09.03-12.24.23:146][600]LogWindows: Error: [Callstack] 0x00007ffb56cd1cc8 UE4Editor-Engine.dll!UnknownFunction []
[2020.09.03-12.24.23:146][600]LogWindows: Error: [Callstack] 0x00007ffb56d02c74 UE4Editor-Engine.dll!UnknownFunction []
[2020.09.03-12.24.23:146][600]LogWindows: Error: [Callstack] 0x00007ffb57a77223 UE4Editor-Engine.dll!UnknownFunction []
[2020.09.03-12.24.23:146][600]LogWindows: Error: [Callstack] 0x00007ffb57a85256 UE4Editor-Engine.dll!UnknownFunction []
[2020.09.03-12.24.23:146][600]LogWindows: Error: [Callstack] 0x00007ffb5be19ff2 UE4Editor-Core.dll!UnknownFunction []
[2020.09.03-12.24.23:146][600]LogWindows: Error: [Callstack] 0x00007ffb5be1a393 UE4Editor-Core.dll!UnknownFunction []
[2020.09.03-12.24.23:146][600]LogWindows: Error: [Callstack] 0x00007ffb5be2aa68 UE4Editor-Core.dll!UnknownFunction []
[2020.09.03-12.24.23:146][600]LogWindows: Error: [Callstack] 0x00007ffb57aa38b0 UE4Editor-Engine.dll!UnknownFunction []
[2020.09.03-12.24.23:146][600]LogWindows: Error: [Callstack] 0x00007ffb57aa97c2 UE4Editor-Engine.dll!UnknownFunction []
[2020.09.03-12.24.23:146][600]LogWindows: Error: [Callstack] 0x00007ffb5722a25f UE4Editor-Engine.dll!UnknownFunction []
[2020.09.03-12.24.23:146][600]LogWindows: Error: [Callstack] 0x00007ffb57235127 UE4Editor-Engine.dll!UnknownFunction []
[2020.09.03-12.24.23:146][600]LogWindows: Error: [Callstack] 0x00007ffb4759c7bd UE4Editor-Persona.dll!UnknownFunction []
[2020.09.03-12.24.23:146][600]LogWindows: Error: [Callstack] 0x00007ffb59b486fd UE4Editor-UnrealEd.dll!UnknownFunction []
[2020.09.03-12.24.23:146][600]LogWindows: Error: [Callstack] 0x00007ffb59ef9fcd UE4Editor-UnrealEd.dll!UnknownFunction []
[2020.09.03-12.24.23:146][600]LogWindows: Error: [Callstack] 0x00007ffb5a75e476 UE4Editor-UnrealEd.dll!UnknownFunction []
[2020.09.03-12.24.23:147][600]LogWindows: Error: [Callstack] 0x00007ff6ff997f62 UE4Editor.exe!UnknownFunction []
[2020.09.03-12.24.23:147][600]LogWindows: Error: [Callstack] 0x00007ff6ff9ac3ec UE4Editor.exe!UnknownFunction []
[2020.09.03-12.24.23:147][600]LogWindows: Error: [Callstack] 0x00007ff6ff9ac4ca UE4Editor.exe!UnknownFunction []
[2020.09.03-12.24.23:147][600]LogWindows: Error: [Callstack] 0x00007ff6ff9bceae UE4Editor.exe!UnknownFunction []
[2020.09.03-12.24.23:147][600]LogWindows: Error: [Callstack] 0x00007ff6ff9bfcbe UE4Editor.exe!UnknownFunction []
[2020.09.03-12.24.23:147][600]LogWindows: Error: [Callstack] 0x00007ffbbeec6fd4 KERNEL32.DLL!UnknownFunction []
[2020.09.03-12.24.23:147][600]LogWindows: Error: [Callstack] 0x00007ffbbfc3cec1 ntdll.dll!UnknownFunction []
[2020.09.03-12.24.23:147][600]LogWindows: Error: 
[2020.09.03-12.24.23:155][600]LogExit: Executing StaticShutdownAfterError
[2020.09.03-12.24.23:157][600]LogWindows: FPlatformMisc::RequestExit(1)
[2020.09.03-12.24.23:157][600]LogCore: Engine exit requested (reason: Win RequestExit)
[2020.09.03-12.24.23:160][600]Log file closed, 09/03/20 07:24:23
