Log file open, 08/24/20 16:21:16
LogWindows: Failed to load 'aqProf.dll' (GetLastError=126)
LogWindows: File 'aqProf.dll' does not exist
LogWindows: Failed to load 'VtuneApi.dll' (GetLastError=126)
LogWindows: File 'VtuneApi.dll' does not exist
LogWindows: Failed to load 'VtuneApi32e.dll' (GetLastError=126)
LogWindows: File 'VtuneApi32e.dll' does not exist
LogConsoleResponse: Display: Failed to find resolution value strings in scalability ini. Falling back to default.
LogInit: Display: Running engine for game: UltimateShooterKit
LogPlatformFile: Not using cached read wrapper
LogTaskGraph: Started task graph with 5 named threads and 14 total threads with 3 sets of task threads.
LogStats: Stats thread started at 0.069720
LogD3D11RHI: Loaded GFSDK_Aftermath_Lib.x64.dll
LogICUInternationalization: ICU TimeZone Detection - Raw Offset: -6:00, Platform Override: ''
LogPluginManager: Mounting plugin Paper2D
LogPluginManager: Mounting plugin AISupport
LogPluginManager: Mounting plugin LightPropagationVolume
LogPluginManager: Mounting plugin ActorLayerUtilities
LogPluginManager: Mounting plugin AnimationSharing
LogPluginManager: Mounting plugin CLionSourceCodeAccess
LogPluginManager: Mounting plugin CodeLiteSourceCodeAccess
LogPluginManager: Mounting plugin GitSourceControl
LogPluginManager: Mounting plugin KDevelopSourceCodeAccess
LogPluginManager: Mounting plugin NullSourceCodeAccess
LogPluginManager: Mounting plugin PerforceSourceControl
LogPluginManager: Mounting plugin PlasticSourceControl
LogPluginManager: Mounting plugin SubversionSourceControl
LogPluginManager: Mounting plugin UObjectPlugin
LogPluginManager: Mounting plugin VisualStudioCodeSourceCodeAccess
LogPluginManager: Mounting plugin VisualStudioSourceCodeAccess
LogPluginManager: Mounting plugin XCodeSourceCodeAccess
LogPluginManager: Mounting plugin AssetManagerEditor
LogPluginManager: Mounting plugin CryptoKeys
LogPluginManager: Mounting plugin CurveEditorTools
LogPluginManager: Mounting plugin DataValidation
LogPluginManager: Mounting plugin FacialAnimation
LogPluginManager: Mounting plugin GameplayTagsEditor
LogPluginManager: Mounting plugin MacGraphicsSwitching
LogPluginManager: Mounting plugin MaterialAnalyzer
LogPluginManager: Mounting plugin MobileLauncherProfileWizard
LogPluginManager: Mounting plugin PluginBrowser
LogPluginManager: Mounting plugin SpeedTreeImporter
LogPluginManager: Mounting plugin DatasmithContent
LogPluginManager: Mounting plugin VariantManagerContent
LogPluginManager: Mounting plugin AlembicImporter
LogPluginManager: Mounting plugin AutomationUtils
LogPluginManager: Mounting plugin BackChannel
LogPluginManager: Mounting plugin CharacterAI
LogPluginManager: Mounting plugin GeometryCache
LogPluginManager: Mounting plugin PlatformCrypto
LogPluginManager: Mounting plugin ProxyLODPlugin
LogPluginManager: Mounting plugin SkeletalReduction
LogPluginManager: Mounting plugin MagicLeap
LogPluginManager: Mounting plugin MagicLeapMedia
LogPluginManager: Mounting plugin MLSDK
LogPluginManager: Mounting plugin AndroidMedia
LogPluginManager: Mounting plugin AvfMedia
LogPluginManager: Mounting plugin ImgMedia
LogPluginManager: Mounting plugin MediaCompositing
LogPluginManager: Mounting plugin MediaPlayerEditor
LogPluginManager: Mounting plugin WebMMedia
LogPluginManager: Mounting plugin WmfMedia
LogPluginManager: Mounting plugin TcpMessaging
LogPluginManager: Mounting plugin UdpMessaging
LogPluginManager: Mounting plugin ActorSequence
LogPluginManager: Mounting plugin LevelSequenceEditor
LogPluginManager: Mounting plugin MatineeToLevelSequence
LogPluginManager: Mounting plugin NetcodeUnitTest
LogPluginManager: Mounting plugin NUTUnrealEngine4
LogPluginManager: Mounting plugin OnlineSubsystemGooglePlay
LogPluginManager: Mounting plugin OnlineSubsystemIOS
LogPluginManager: Mounting plugin OnlineSubsystem
LogPluginManager: Mounting plugin OnlineSubsystemNull
LogPluginManager: Mounting plugin OnlineSubsystemUtils
LogPluginManager: Mounting plugin LauncherChunkInstaller
LogPluginManager: Mounting plugin AndroidDeviceProfileSelector
LogPluginManager: Mounting plugin AndroidMoviePlayer
LogPluginManager: Mounting plugin AndroidPermission
LogPluginManager: Mounting plugin AppleImageUtils
LogPluginManager: Mounting plugin AppleMoviePlayer
LogPluginManager: Mounting plugin ArchVisCharacter
LogPluginManager: Mounting plugin AssetTags
LogPluginManager: Mounting plugin AudioCapture
LogPluginManager: Mounting plugin CableComponent
LogPluginManager: Mounting plugin CustomMeshComponent
LogPluginManager: Mounting plugin EditableMesh
LogPluginManager: Mounting plugin ExampleDeviceProfileSelector
LogPluginManager: Mounting plugin GoogleCloudMessaging
LogPluginManager: Mounting plugin IOSDeviceProfileSelector
LogPluginManager: Mounting plugin LinuxDeviceProfileSelector
LogPluginManager: Mounting plugin LocationServicesBPLibrary
LogPluginManager: Mounting plugin MobilePatchingUtils
LogPluginManager: Mounting plugin OculusVR
LogPluginManager: Mounting plugin PhysXVehicles
LogPluginManager: Mounting plugin PostSplashScreen
LogPluginManager: Mounting plugin ProceduralMeshComponent
LogPluginManager: Mounting plugin RuntimePhysXCooking
LogPluginManager: Mounting plugin SignificanceManager
LogPluginManager: Mounting plugin SteamVR
LogPluginManager: Mounting plugin WebMMoviePlayer
LogPluginManager: Mounting plugin WindowsMoviePlayer
LogPluginManager: Mounting plugin ScreenshotTools
LogInit: Using libcurl 7.55.1-DEV
LogInit:  - built for x86_64-pc-win32
LogInit:  - supports SSL with OpenSSL/1.1.1
LogInit:  - supports HTTP deflate (compression) using libz 1.2.8
LogInit:  - other features:
LogInit:      CURL_VERSION_SSL
LogInit:      CURL_VERSION_LIBZ
LogInit:      CURL_VERSION_IPV6
LogInit:      CURL_VERSION_ASYNCHDNS
LogInit:      CURL_VERSION_LARGEFILE
LogInit:      CURL_VERSION_IDN
LogInit:  CurlRequestOptions (configurable via config and command line):
LogInit:  - bVerifyPeer = true  - Libcurl will verify peer certificate
LogInit:  - bUseHttpProxy = false  - Libcurl will NOT use HTTP proxy
LogInit:  - bDontReuseConnections = false  - Libcurl will reuse connections
LogInit:  - MaxHostConnections = 16  - Libcurl will limit the number of connections to a host
LogInit:  - LocalHostAddr = Default
LogInit:  - BufferSize = 65536
LogOnline: OSS: Creating online subsystem instance for: NULL
LogInit: WinSock: version 1.1 (2.2), MaxSocks=32767, MaxUdp=65467
LogOnline: OSS: TryLoadSubsystemAndSetDefault: Loaded subsystem for module [NULL]
LogInit: Build: ++UE4+Release-4.24-CL-11590370
LogInit: Engine Version: 4.24.3-11590370+++UE4+Release-4.24
LogInit: Compatible Engine Version: 4.24.0-10570792+++UE4+Release-4.24
LogInit: Net CL: 10570792
LogInit: OS: Windows 10 (Release 2004) (), CPU: Intel(R) Core(TM) i5-4590 CPU @ 3.30GHz, GPU: AMD Radeon(TM) R5 240
LogInit: Compiled (64-bit): Feb 24 2020 15:39:18
LogInit: Compiled with Visual C++: 19.16.27032.01
LogInit: Build Configuration: Development
LogInit: Branch Name: ++UE4+Release-4.24
LogInit: Command Line: 
LogInit: Base Directory: C:/Program Files/Epic Games/UE_4.24/Engine/Binaries/Win64/
LogInit: Installed Engine Build: 1
LogDevObjectVersion: Number of dev versions registered: 25
LogDevObjectVersion:   Dev-Blueprints (B0D832E4-1F89-4F0D-ACCF-7EB736FD4AA2): 10
LogDevObjectVersion:   Dev-Build (E1C64328-A22C-4D53-A36C-8E866417BD8C): 0
LogDevObjectVersion:   Dev-Core (375EC13C-06E4-48FB-B500-84F0262A717E): 3
LogDevObjectVersion:   Dev-Editor (E4B068ED-F494-42E9-A231-DA0B2E46BB41): 37
LogDevObjectVersion:   Dev-Framework (CFFC743F-43B0-4480-9391-14DF171D2073): 36
LogDevObjectVersion:   Dev-Mobile (B02B49B5-BB20-44E9-A304-32B752E40360): 2
LogDevObjectVersion:   Dev-Networking (A4E4105C-59A1-49B5-A7C5-40C4547EDFEE): 0
LogDevObjectVersion:   Dev-Online (39C831C9-5AE6-47DC-9A44-9C173E1C8E7C): 0
LogDevObjectVersion:   Dev-Physics (78F01B33-EBEA-4F98-B9B4-84EACCB95AA2): 2
LogDevObjectVersion:   Dev-Platform (6631380F-2D4D-43E0-8009-CF276956A95A): 0
LogDevObjectVersion:   Dev-Rendering (12F88B9F-8875-4AFC-A67C-D90C383ABD29): 36
LogDevObjectVersion:   Dev-Sequencer (7B5AE74C-D270-4C10-A958-57980B212A5A): 11
LogDevObjectVersion:   Dev-VR (D7296918-1DD6-4BDD-9DE2-64A83CC13884): 2
LogDevObjectVersion:   Dev-LoadTimes (C2A15278-BFE7-4AFE-6C17-90FF531DF755): 1
LogDevObjectVersion:   Private-Geometry (6EACA3D4-40EC-4CC1-B786-8BED09428FC5): 3
LogDevObjectVersion:   Dev-AnimPhys (29E575DD-E0A3-4627-9D10-D276232CDCEA): 17
LogDevObjectVersion:   Dev-Anim (AF43A65D-7FD3-4947-9873-3E8ED9C1BB05): 2
LogDevObjectVersion:   Dev-ReflectionCapture (6B266CEC-1EC7-4B8F-A30B-E4D90942FC07): 1
LogDevObjectVersion:   Dev-Automation (0DF73D61-A23F-47EA-B727-89E90C41499A): 1
LogDevObjectVersion:   FortniteMain (601D1886-AC64-4F84-AA16-D3DE0DEAC7D6): 31
LogDevObjectVersion:   Dev-Enterprise (9DFFBCD6-494F-0158-E221-12823C92A888): 8
LogDevObjectVersion:   Dev-Niagara (F2AED0AC-9AFE-416F-8664-AA7FFA26D6FC): 1
LogDevObjectVersion:   Dev-Destruction (174F1F0B-B4C6-45A5-B13F-2EE8D0FB917D): 9
LogDevObjectVersion:   Dev-Physics-Ext (35F94A83-E258-406C-A318-09F59610247C): 8
LogDevObjectVersion:   Dev-CineCamera (B2E18506-4273-CFC2-A54E-F4BB758BBA07): 1
LogInit: Presizing for max 25165824 objects, including 0 objects not considered by GC, pre-allocating 0 bytes for permanent pool.
LogInit: Object subsystem initialized
LogConfig: Setting CVar [[con.DebugEarlyDefault:1]]
LogConfig: Setting CVar [[r.setres:1280x720]]
[2020.08.24-21.21.16:279][  0]LogConfig: Setting CVar [[r.VSync:0]]
[2020.08.24-21.21.16:279][  0]LogConfig: Setting CVar [[r.RHICmdBypass:0]]
[2020.08.24-21.21.16:279][  0]LogConfig: Applying CVar settings from Section [/Script/Engine.RendererSettings] File [C:/Users/fsn/Documents/GitHub/RGS_Upgrade/Saved/Config/Windows/Engine.ini]
[2020.08.24-21.21.16:279][  0]LogConfig: Setting CVar [[r.GPUCrashDebugging:0]]
[2020.08.24-21.21.16:279][  0]LogConfig: Setting CVar [[r.DefaultFeature.MotionBlur:0]]
[2020.08.24-21.21.16:279][  0]LogConfig: Setting CVar [[r.DefaultFeature.AntiAliasing:2]]
[2020.08.24-21.21.16:279][  0]LogConfig: Applying CVar settings from Section [/Script/Engine.RendererOverrideSettings] File [C:/Users/fsn/Documents/GitHub/RGS_Upgrade/Saved/Config/Windows/Engine.ini]
[2020.08.24-21.21.16:279][  0]LogConfig: Applying CVar settings from Section [/Script/Engine.StreamingSettings] File [C:/Users/fsn/Documents/GitHub/RGS_Upgrade/Saved/Config/Windows/Engine.ini]
[2020.08.24-21.21.16:279][  0]LogConfig: Setting CVar [[s.MinBulkDataSizeForAsyncLoading:131072]]
[2020.08.24-21.21.16:279][  0]LogConfig: Setting CVar [[s.AsyncLoadingThreadEnabled:0]]
[2020.08.24-21.21.16:279][  0]LogConfig: Setting CVar [[s.EventDrivenLoaderEnabled:1]]
[2020.08.24-21.21.16:279][  0]LogConfig: Setting CVar [[s.WarnIfTimeLimitExceeded:0]]
[2020.08.24-21.21.16:279][  0]LogConfig: Setting CVar [[s.TimeLimitExceededMultiplier:1.5]]
[2020.08.24-21.21.16:279][  0]LogConfig: Setting CVar [[s.TimeLimitExceededMinTime:0.005]]
[2020.08.24-21.21.16:279][  0]LogConfig: Setting CVar [[s.UseBackgroundLevelStreaming:1]]
[2020.08.24-21.21.16:279][  0]LogConfig: Setting CVar [[s.PriorityAsyncLoadingExtraTime:15.0]]
[2020.08.24-21.21.16:279][  0]LogConfig: Setting CVar [[s.LevelStreamingActorsUpdateTimeLimit:5.0]]
[2020.08.24-21.21.16:279][  0]LogConfig: Setting CVar [[s.PriorityLevelStreamingActorsUpdateExtraTime:5.0]]
[2020.08.24-21.21.16:279][  0]LogConfig: Setting CVar [[s.LevelStreamingComponentsRegistrationGranularity:10]]
[2020.08.24-21.21.16:279][  0]LogConfig: Setting CVar [[s.UnregisterComponentsTimeLimit:1.0]]
[2020.08.24-21.21.16:279][  0]LogConfig: Setting CVar [[s.LevelStreamingComponentsUnregistrationGranularity:5]]
[2020.08.24-21.21.16:279][  0]LogConfig: Setting CVar [[s.FlushStreamingOnExit:1]]
[2020.08.24-21.21.16:279][  0]LogConfig: Applying CVar settings from Section [/Script/Engine.GarbageCollectionSettings] File [C:/Users/fsn/Documents/GitHub/RGS_Upgrade/Saved/Config/Windows/Engine.ini]
[2020.08.24-21.21.16:279][  0]LogConfig: Setting CVar [[gc.MaxObjectsNotConsideredByGC:1]]
[2020.08.24-21.21.16:279][  0]LogConfig: Setting CVar [[gc.SizeOfPermanentObjectPool:0]]
[2020.08.24-21.21.16:279][  0]LogConfig: Setting CVar [[gc.FlushStreamingOnGC:0]]
[2020.08.24-21.21.16:279][  0]LogConfig: Setting CVar [[gc.NumRetriesBeforeForcingGC:10]]
[2020.08.24-21.21.16:279][  0]LogConfig: Setting CVar [[gc.AllowParallelGC:1]]
[2020.08.24-21.21.16:279][  0]LogConfig: Setting CVar [[gc.TimeBetweenPurgingPendingKillObjects:61.1]]
[2020.08.24-21.21.16:279][  0]LogConfig: Setting CVar [[gc.MaxObjectsInEditor:25165824]]
[2020.08.24-21.21.16:279][  0]LogConfig: Setting CVar [[gc.IncrementalBeginDestroyEnabled:1]]
[2020.08.24-21.21.16:279][  0]LogConfig: Setting CVar [[gc.CreateGCClusters:1]]
[2020.08.24-21.21.16:279][  0]LogConfig: Setting CVar [[gc.MinGCClusterSize:5]]
[2020.08.24-21.21.16:279][  0]LogConfig: Setting CVar [[gc.ActorClusteringEnabled:0]]
[2020.08.24-21.21.16:279][  0]LogConfig: Setting CVar [[gc.BlueprintClusteringEnabled:0]]
[2020.08.24-21.21.16:279][  0]LogConfig: Setting CVar [[gc.UseDisregardForGCOnDedicatedServers:0]]
[2020.08.24-21.21.16:279][  0]LogConfig: Applying CVar settings from Section [/Script/Engine.NetworkSettings] File [C:/Users/fsn/Documents/GitHub/RGS_Upgrade/Saved/Config/Windows/Engine.ini]
[2020.08.24-21.21.16:279][  0]LogConfig: Applying CVar settings from Section [/Script/UnrealEd.CookerSettings] File [C:/Users/fsn/Documents/GitHub/RGS_Upgrade/Saved/Config/Windows/Engine.ini]
[2020.08.24-21.21.16:287][  0]LogConfig: Applying CVar settings from Section [ViewDistanceQuality@3] File [C:/Users/fsn/Documents/GitHub/RGS_Upgrade/Saved/Config/Windows/Scalability.ini]
[2020.08.24-21.21.16:287][  0]LogConfig: Setting CVar [[r.SkeletalMeshLODBias:0]]
[2020.08.24-21.21.16:287][  0]LogConfig: Setting CVar [[r.ViewDistanceScale:1.0]]
[2020.08.24-21.21.16:287][  0]LogConfig: Applying CVar settings from Section [AntiAliasingQuality@3] File [C:/Users/fsn/Documents/GitHub/RGS_Upgrade/Saved/Config/Windows/Scalability.ini]
[2020.08.24-21.21.16:287][  0]LogConfig: Setting CVar [[r.PostProcessAAQuality:4]]
[2020.08.24-21.21.16:288][  0]LogConfig: Applying CVar settings from Section [ShadowQuality@3] File [C:/Users/fsn/Documents/GitHub/RGS_Upgrade/Saved/Config/Windows/Scalability.ini]
[2020.08.24-21.21.16:288][  0]LogConfig: Setting CVar [[r.LightFunctionQuality:1]]
[2020.08.24-21.21.16:288][  0]LogConfig: Setting CVar [[r.ShadowQuality:5]]
[2020.08.24-21.21.16:288][  0]LogConfig: Setting CVar [[r.Shadow.CSM.MaxCascades:10]]
[2020.08.24-21.21.16:288][  0]LogConfig: Setting CVar [[r.Shadow.MaxResolution:2048]]
[2020.08.24-21.21.16:288][  0]LogConfig: Setting CVar [[r.Shadow.MaxCSMResolution:2048]]
[2020.08.24-21.21.16:288][  0]LogConfig: Setting CVar [[r.Shadow.RadiusThreshold:0.01]]
[2020.08.24-21.21.16:288][  0]LogConfig: Setting CVar [[r.Shadow.DistanceScale:1.0]]
[2020.08.24-21.21.16:288][  0]LogConfig: Setting CVar [[r.Shadow.CSM.TransitionScale:1.0]]
[2020.08.24-21.21.16:288][  0]LogConfig: Setting CVar [[r.Shadow.PreShadowResolutionFactor:1.0]]
[2020.08.24-21.21.16:288][  0]LogConfig: Setting CVar [[r.DistanceFieldShadowing:1]]
[2020.08.24-21.21.16:288][  0]LogConfig: Setting CVar [[r.DistanceFieldAO:1]]
[2020.08.24-21.21.16:288][  0]LogConfig: Setting CVar [[r.AOQuality:2]]
[2020.08.24-21.21.16:288][  0]LogConfig: Setting CVar [[r.VolumetricFog:1]]
[2020.08.24-21.21.16:288][  0]LogConfig: Setting CVar [[r.VolumetricFog.GridPixelSize:8]]
[2020.08.24-21.21.16:288][  0]LogConfig: Setting CVar [[r.VolumetricFog.GridSizeZ:128]]
[2020.08.24-21.21.16:288][  0]LogConfig: Setting CVar [[r.VolumetricFog.HistoryMissSupersampleCount:4]]
[2020.08.24-21.21.16:288][  0]LogConfig: Setting CVar [[r.LightMaxDrawDistanceScale:1]]
[2020.08.24-21.21.16:288][  0]LogConfig: Setting CVar [[r.CapsuleShadows:1]]
[2020.08.24-21.21.16:288][  0]LogConfig: Applying CVar settings from Section [PostProcessQuality@3] File [C:/Users/fsn/Documents/GitHub/RGS_Upgrade/Saved/Config/Windows/Scalability.ini]
[2020.08.24-21.21.16:288][  0]LogConfig: Setting CVar [[r.MotionBlurQuality:4]]
[2020.08.24-21.21.16:288][  0]LogConfig: Setting CVar [[r.AmbientOcclusionMipLevelFactor:0.4]]
[2020.08.24-21.21.16:288][  0]LogConfig: Setting CVar [[r.AmbientOcclusionMaxQuality:100]]
[2020.08.24-21.21.16:288][  0]LogConfig: Setting CVar [[r.AmbientOcclusionLevels:-1]]
[2020.08.24-21.21.16:288][  0]LogConfig: Setting CVar [[r.AmbientOcclusionRadiusScale:1.0]]
[2020.08.24-21.21.16:288][  0]LogConfig: Setting CVar [[r.DepthOfFieldQuality:2]]
[2020.08.24-21.21.16:288][  0]LogConfig: Setting CVar [[r.RenderTargetPoolMin:400]]
[2020.08.24-21.21.16:288][  0]LogConfig: Setting CVar [[r.LensFlareQuality:2]]
[2020.08.24-21.21.16:288][  0]LogConfig: Setting CVar [[r.SceneColorFringeQuality:1]]
[2020.08.24-21.21.16:288][  0]LogConfig: Setting CVar [[r.EyeAdaptationQuality:2]]
[2020.08.24-21.21.16:288][  0]LogConfig: Setting CVar [[r.BloomQuality:5]]
[2020.08.24-21.21.16:288][  0]LogConfig: Setting CVar [[r.FastBlurThreshold:100]]
[2020.08.24-21.21.16:288][  0]LogConfig: Setting CVar [[r.Upscale.Quality:3]]
[2020.08.24-21.21.16:288][  0]LogConfig: Setting CVar [[r.Tonemapper.GrainQuantization:1]]
[2020.08.24-21.21.16:288][  0]LogConfig: Setting CVar [[r.LightShaftQuality:1]]
[2020.08.24-21.21.16:288][  0]LogConfig: Setting CVar [[r.Filter.SizeScale:1]]
[2020.08.24-21.21.16:288][  0]LogConfig: Setting CVar [[r.Tonemapper.Quality:5]]
[2020.08.24-21.21.16:288][  0]LogConfig: Setting CVar [[r.DOF.Gather.AccumulatorQuality:1        ; higher gathering accumulator quality]]
[2020.08.24-21.21.16:288][  0]LogConfig: Setting CVar [[r.DOF.Gather.PostfilterMethod:1          ; Median3x3 postfilering method]]
[2020.08.24-21.21.16:288][  0]LogConfig: Setting CVar [[r.DOF.Gather.EnableBokehSettings:0       ; no bokeh simulation when gathering]]
[2020.08.24-21.21.16:288][  0]LogConfig: Setting CVar [[r.DOF.Gather.RingCount:4                 ; medium number of samples when gathering]]
[2020.08.24-21.21.16:288][  0]LogConfig: Setting CVar [[r.DOF.Scatter.ForegroundCompositing:1    ; additive foreground scattering]]
[2020.08.24-21.21.16:288][  0]LogConfig: Setting CVar [[r.DOF.Scatter.BackgroundCompositing:2    ; additive background scattering]]
[2020.08.24-21.21.16:288][  0]LogConfig: Setting CVar [[r.DOF.Scatter.EnableBokehSettings:1      ; bokeh simulation when scattering]]
[2020.08.24-21.21.16:288][  0]LogConfig: Setting CVar [[r.DOF.Scatter.MaxSpriteRatio:0.1         ; only a maximum of 10% of scattered bokeh]]
[2020.08.24-21.21.16:288][  0]LogConfig: Setting CVar [[r.DOF.Recombine.Quality:1                ; cheap slight out of focus]]
[2020.08.24-21.21.16:288][  0]LogConfig: Setting CVar [[r.DOF.Recombine.EnableBokehSettings:0    ; no bokeh simulation on slight out of focus]]
[2020.08.24-21.21.16:288][  0]LogConfig: Setting CVar [[r.DOF.TemporalAAQuality:1                ; more stable temporal accumulation]]
[2020.08.24-21.21.16:288][  0]LogConfig: Setting CVar [[r.DOF.Kernel.MaxForegroundRadius:0.025]]
[2020.08.24-21.21.16:288][  0]LogConfig: Setting CVar [[r.DOF.Kernel.MaxBackgroundRadius:0.025]]
[2020.08.24-21.21.16:288][  0]LogConfig: Applying CVar settings from Section [TextureQuality@3] File [C:/Users/fsn/Documents/GitHub/RGS_Upgrade/Saved/Config/Windows/Scalability.ini]
[2020.08.24-21.21.16:288][  0]LogConfig: Setting CVar [[r.Streaming.MipBias:0]]
[2020.08.24-21.21.16:288][  0]LogConfig: Setting CVar [[r.Streaming.AmortizeCPUToGPUCopy:0]]
[2020.08.24-21.21.16:288][  0]LogConfig: Setting CVar [[r.Streaming.MaxNumTexturesToStreamPerFrame:0]]
[2020.08.24-21.21.16:288][  0]LogConfig: Setting CVar [[r.Streaming.Boost:1]]
[2020.08.24-21.21.16:288][  0]LogConfig: Setting CVar [[r.MaxAnisotropy:8]]
[2020.08.24-21.21.16:288][  0]LogConfig: Setting CVar [[r.VT.MaxAnisotropy:8]]
[2020.08.24-21.21.16:288][  0]LogConfig: Setting CVar [[r.Streaming.LimitPoolSizeToVRAM:0]]
[2020.08.24-21.21.16:288][  0]LogConfig: Setting CVar [[r.Streaming.PoolSize:1000]]
[2020.08.24-21.21.16:288][  0]LogConfig: Setting CVar [[r.Streaming.MaxEffectiveScreenSize:0]]
[2020.08.24-21.21.16:288][  0]LogConfig: Applying CVar settings from Section [EffectsQuality@3] File [C:/Users/fsn/Documents/GitHub/RGS_Upgrade/Saved/Config/Windows/Scalability.ini]
[2020.08.24-21.21.16:288][  0]LogConfig: Setting CVar [[r.TranslucencyLightingVolumeDim:64]]
[2020.08.24-21.21.16:288][  0]LogConfig: Setting CVar [[r.RefractionQuality:2]]
[2020.08.24-21.21.16:288][  0]LogConfig: Setting CVar [[r.SSR.Quality:3]]
[2020.08.24-21.21.16:288][  0]LogConfig: Setting CVar [[r.SSR.HalfResSceneColor:0]]
[2020.08.24-21.21.16:288][  0]LogConfig: Setting CVar [[r.SceneColorFormat:4]]
[2020.08.24-21.21.16:288][  0]LogConfig: Setting CVar [[r.DetailMode:2]]
[2020.08.24-21.21.16:288][  0]LogConfig: Setting CVar [[r.TranslucencyVolumeBlur:1]]
[2020.08.24-21.21.16:288][  0]LogConfig: Setting CVar [[r.MaterialQualityLevel:1 ; High quality]]
[2020.08.24-21.21.16:288][  0]LogConfig: Setting CVar [[r.SSS.Scale:1]]
[2020.08.24-21.21.16:288][  0]LogConfig: Setting CVar [[r.SSS.SampleSet:2]]
[2020.08.24-21.21.16:288][  0]LogConfig: Setting CVar [[r.SSS.Quality:1]]
[2020.08.24-21.21.16:288][  0]LogConfig: Setting CVar [[r.SSS.HalfRes:1]]
[2020.08.24-21.21.16:288][  0]LogConfig: Setting CVar [[r.SSGI.Quality:3]]
[2020.08.24-21.21.16:288][  0]LogConfig: Setting CVar [[r.EmitterSpawnRateScale:1.0]]
[2020.08.24-21.21.16:288][  0]LogConfig: Setting CVar [[r.ParticleLightQuality:2]]
[2020.08.24-21.21.16:288][  0]LogConfig: Setting CVar [[r.SkyAtmosphere.AerialPerspectiveLUT.FastApplyOnOpaque:1 ; Always have FastSkyLUT 1 in this case to avoid wrong sky]]
[2020.08.24-21.21.16:288][  0]LogConfig: Setting CVar [[r.SkyAtmosphere.AerialPerspectiveLUT.SampleCountPerSlice:1]]
[2020.08.24-21.21.16:288][  0]LogConfig: Setting CVar [[r.SkyAtmosphere.AerialPerspectiveLUT.DepthResolution:16.0]]
[2020.08.24-21.21.16:288][  0]LogConfig: Setting CVar [[r.SkyAtmosphere.FastSkyLUT:1]]
[2020.08.24-21.21.16:289][  0]LogConfig: Setting CVar [[r.SkyAtmosphere.FastSkyLUT.SampleCountMin:4.0]]
[2020.08.24-21.21.16:289][  0]LogConfig: Setting CVar [[r.SkyAtmosphere.FastSkyLUT.SampleCountMax:32.0]]
[2020.08.24-21.21.16:289][  0]LogConfig: Setting CVar [[r.SkyAtmosphere.SampleCountMin:4.0]]
[2020.08.24-21.21.16:289][  0]LogConfig: Setting CVar [[r.SkyAtmosphere.SampleCountMax:32.0]]
[2020.08.24-21.21.16:289][  0]LogConfig: Setting CVar [[r.SkyAtmosphere.TransmittanceLUT.UseSmallFormat:0]]
[2020.08.24-21.21.16:289][  0]LogConfig: Setting CVar [[r.SkyAtmosphere.TransmittanceLUT.SampleCount:10.0]]
[2020.08.24-21.21.16:289][  0]LogConfig: Setting CVar [[r.SkyAtmosphere.MultiScatteringLUT.SampleCount:15.0]]
[2020.08.24-21.21.16:289][  0]LogConfig: Applying CVar settings from Section [FoliageQuality@3] File [C:/Users/fsn/Documents/GitHub/RGS_Upgrade/Saved/Config/Windows/Scalability.ini]
[2020.08.24-21.21.16:289][  0]LogConfig: Setting CVar [[foliage.DensityScale:1.0]]
[2020.08.24-21.21.16:289][  0]LogConfig: Setting CVar [[grass.DensityScale:1.0]]
[2020.08.24-21.21.16:289][  0]LogConfig: Applying CVar settings from Section [ShadingQuality@3] File [C:/Users/fsn/Documents/GitHub/RGS_Upgrade/Saved/Config/Windows/Scalability.ini]
[2020.08.24-21.21.16:289][  0]LogConfig: Setting CVar [[r.HairStrands.SkyLighting.SampleCount:16]]
[2020.08.24-21.21.16:289][  0]LogConfig: Setting CVar [[r.HairStrands.SkyLighting.JitterIntegration:0]]
[2020.08.24-21.21.16:289][  0]LogConfig: Setting CVar [[r.HairStrands.SkyAO.SampleCount:16]]
[2020.08.24-21.21.16:289][  0]LogInit: Selected Device Profile: [Windows]
[2020.08.24-21.21.16:289][  0]LogInit: Applying CVar settings loaded from the selected device profile: [Windows]
[2020.08.24-21.21.16:292][  0]LogHAL: Display: Platform has ~ 12 GB [12769857536 / 17179869184 / 12], which maps to Larger [LargestMinGB=32, LargerMinGB=12, DefaultMinGB=8, SmallerMinGB=6, SmallestMinGB=0)
[2020.08.24-21.21.16:292][  0]LogInit: Going up to parent DeviceProfile []
[2020.08.24-21.21.16:292][  0]LogConfig: Applying CVar settings from Section [ViewDistanceQuality@0] File [C:/Users/fsn/Documents/GitHub/RGS_Upgrade/Saved/Config/Windows/Scalability.ini]
[2020.08.24-21.21.16:292][  0]LogConfig: Setting CVar [[r.SkeletalMeshLODBias:2]]
[2020.08.24-21.21.16:292][  0]LogConfig: Setting CVar [[r.ViewDistanceScale:0.4]]
[2020.08.24-21.21.16:292][  0]LogConfig: Applying CVar settings from Section [AntiAliasingQuality@0] File [C:/Users/fsn/Documents/GitHub/RGS_Upgrade/Saved/Config/Windows/Scalability.ini]
[2020.08.24-21.21.16:292][  0]LogConfig: Setting CVar [[r.PostProcessAAQuality:0]]
[2020.08.24-21.21.16:292][  0]LogConfig: Applying CVar settings from Section [ShadowQuality@0] File [C:/Users/fsn/Documents/GitHub/RGS_Upgrade/Saved/Config/Windows/Scalability.ini]
[2020.08.24-21.21.16:292][  0]LogConfig: Setting CVar [[r.LightFunctionQuality:0]]
[2020.08.24-21.21.16:292][  0]LogConfig: Setting CVar [[r.ShadowQuality:0]]
[2020.08.24-21.21.16:292][  0]LogConfig: Setting CVar [[r.Shadow.CSM.MaxCascades:1]]
[2020.08.24-21.21.16:292][  0]LogConfig: Setting CVar [[r.Shadow.MaxResolution:512]]
[2020.08.24-21.21.16:292][  0]LogConfig: Setting CVar [[r.Shadow.MaxCSMResolution:512]]
[2020.08.24-21.21.16:292][  0]LogConfig: Setting CVar [[r.Shadow.RadiusThreshold:0.06]]
[2020.08.24-21.21.16:292][  0]LogConfig: Setting CVar [[r.Shadow.DistanceScale:0.6]]
[2020.08.24-21.21.16:292][  0]LogConfig: Setting CVar [[r.Shadow.CSM.TransitionScale:0]]
[2020.08.24-21.21.16:292][  0]LogConfig: Setting CVar [[r.Shadow.PreShadowResolutionFactor:0.5]]
[2020.08.24-21.21.16:292][  0]LogConfig: Setting CVar [[r.DistanceFieldShadowing:0]]
[2020.08.24-21.21.16:292][  0]LogConfig: Setting CVar [[r.DistanceFieldAO:0]]
[2020.08.24-21.21.16:292][  0]LogConfig: Setting CVar [[r.VolumetricFog:0]]
[2020.08.24-21.21.16:292][  0]LogConfig: Setting CVar [[r.LightMaxDrawDistanceScale:0]]
[2020.08.24-21.21.16:292][  0]LogConfig: Setting CVar [[r.CapsuleShadows:0]]
[2020.08.24-21.21.16:292][  0]LogConfig: Applying CVar settings from Section [PostProcessQuality@0] File [C:/Users/fsn/Documents/GitHub/RGS_Upgrade/Saved/Config/Windows/Scalability.ini]
[2020.08.24-21.21.16:292][  0]LogConfig: Setting CVar [[r.MotionBlurQuality:0]]
[2020.08.24-21.21.16:292][  0]LogConfig: Setting CVar [[r.AmbientOcclusionMipLevelFactor:1.0]]
[2020.08.24-21.21.16:292][  0]LogConfig: Setting CVar [[r.AmbientOcclusionMaxQuality:0]]
[2020.08.24-21.21.16:292][  0]LogConfig: Setting CVar [[r.AmbientOcclusionLevels:0]]
[2020.08.24-21.21.16:292][  0]LogConfig: Setting CVar [[r.AmbientOcclusionRadiusScale:1.2]]
[2020.08.24-21.21.16:292][  0]LogConfig: Setting CVar [[r.DepthOfFieldQuality:0]]
[2020.08.24-21.21.16:292][  0]LogConfig: Setting CVar [[r.RenderTargetPoolMin:300]]
[2020.08.24-21.21.16:292][  0]LogConfig: Setting CVar [[r.LensFlareQuality:0]]
[2020.08.24-21.21.16:292][  0]LogConfig: Setting CVar [[r.SceneColorFringeQuality:0]]
[2020.08.24-21.21.16:292][  0]LogConfig: Setting CVar [[r.EyeAdaptationQuality:0]]
[2020.08.24-21.21.16:292][  0]LogConfig: Setting CVar [[r.BloomQuality:4]]
[2020.08.24-21.21.16:292][  0]LogConfig: Setting CVar [[r.FastBlurThreshold:0]]
[2020.08.24-21.21.16:292][  0]LogConfig: Setting CVar [[r.Upscale.Quality:1]]
[2020.08.24-21.21.16:292][  0]LogConfig: Setting CVar [[r.Tonemapper.GrainQuantization:0]]
[2020.08.24-21.21.16:292][  0]LogConfig: Setting CVar [[r.LightShaftQuality:0]]
[2020.08.24-21.21.16:292][  0]LogConfig: Setting CVar [[r.Filter.SizeScale:0.6]]
[2020.08.24-21.21.16:292][  0]LogConfig: Setting CVar [[r.Tonemapper.Quality:0]]
[2020.08.24-21.21.16:292][  0]LogConfig: Applying CVar settings from Section [TextureQuality@0] File [C:/Users/fsn/Documents/GitHub/RGS_Upgrade/Saved/Config/Windows/Scalability.ini]
[2020.08.24-21.21.16:292][  0]LogConfig: Setting CVar [[r.Streaming.MipBias:16]]
[2020.08.24-21.21.16:292][  0]LogConfig: Setting CVar [[r.Streaming.AmortizeCPUToGPUCopy:1]]
[2020.08.24-21.21.16:292][  0]LogConfig: Setting CVar [[r.Streaming.MaxNumTexturesToStreamPerFrame:1]]
[2020.08.24-21.21.16:292][  0]LogConfig: Setting CVar [[r.Streaming.Boost:0.3]]
[2020.08.24-21.21.16:292][  0]LogConfig: Setting CVar [[r.MaxAnisotropy:0]]
[2020.08.24-21.21.16:292][  0]LogConfig: Setting CVar [[r.VT.MaxAnisotropy:4]]
[2020.08.24-21.21.16:292][  0]LogConfig: Setting CVar [[r.Streaming.LimitPoolSizeToVRAM:1]]
[2020.08.24-21.21.16:292][  0]LogConfig: Setting CVar [[r.Streaming.PoolSize:400]]
[2020.08.24-21.21.16:292][  0]LogConfig: Setting CVar [[r.Streaming.MaxEffectiveScreenSize:0]]
[2020.08.24-21.21.16:292][  0]LogConfig: Applying CVar settings from Section [EffectsQuality@0] File [C:/Users/fsn/Documents/GitHub/RGS_Upgrade/Saved/Config/Windows/Scalability.ini]
[2020.08.24-21.21.16:292][  0]LogConfig: Setting CVar [[r.TranslucencyLightingVolumeDim:24]]
[2020.08.24-21.21.16:292][  0]LogConfig: Setting CVar [[r.RefractionQuality:0]]
[2020.08.24-21.21.16:292][  0]LogConfig: Setting CVar [[r.SSR.Quality:0]]
[2020.08.24-21.21.16:292][  0]LogConfig: Setting CVar [[r.SSR.HalfResSceneColor:1]]
[2020.08.24-21.21.16:292][  0]LogConfig: Setting CVar [[r.SceneColorFormat:3]]
[2020.08.24-21.21.16:292][  0]LogConfig: Setting CVar [[r.DetailMode:0]]
[2020.08.24-21.21.16:292][  0]LogConfig: Setting CVar [[r.TranslucencyVolumeBlur:0]]
[2020.08.24-21.21.16:292][  0]LogConfig: Setting CVar [[r.MaterialQualityLevel:0 ; Low quality]]
[2020.08.24-21.21.16:292][  0]LogConfig: Setting CVar [[r.SSS.Scale:0]]
[2020.08.24-21.21.16:293][  0]LogConfig: Setting CVar [[r.SSS.SampleSet:0]]
[2020.08.24-21.21.16:293][  0]LogConfig: Setting CVar [[r.SSS.Quality:0]]
[2020.08.24-21.21.16:293][  0]LogConfig: Setting CVar [[r.SSS.HalfRes:1]]
[2020.08.24-21.21.16:293][  0]LogConfig: Setting CVar [[r.SSGI.Quality:0]]
[2020.08.24-21.21.16:293][  0]LogConfig: Setting CVar [[r.EmitterSpawnRateScale:0.125]]
[2020.08.24-21.21.16:293][  0]LogConfig: Setting CVar [[r.ParticleLightQuality:0]]
[2020.08.24-21.21.16:293][  0]LogConfig: Setting CVar [[r.SkyAtmosphere.AerialPerspectiveLUT.FastApplyOnOpaque:1 ; Always have FastSkyLUT 1 in this case to avoid wrong sky]]
[2020.08.24-21.21.16:293][  0]LogConfig: Setting CVar [[r.SkyAtmosphere.AerialPerspectiveLUT.SampleCountPerSlice:1]]
[2020.08.24-21.21.16:293][  0]LogConfig: Setting CVar [[r.SkyAtmosphere.AerialPerspectiveLUT.DepthResolution:8.0]]
[2020.08.24-21.21.16:293][  0]LogConfig: Setting CVar [[r.SkyAtmosphere.FastSkyLUT:1]]
[2020.08.24-21.21.16:293][  0]LogConfig: Setting CVar [[r.SkyAtmosphere.FastSkyLUT.SampleCountMin:2.0]]
[2020.08.24-21.21.16:293][  0]LogConfig: Setting CVar [[r.SkyAtmosphere.FastSkyLUT.SampleCountMax:16.0]]
[2020.08.24-21.21.16:293][  0]LogConfig: Setting CVar [[r.SkyAtmosphere.SampleCountMin:2.0]]
[2020.08.24-21.21.16:293][  0]LogConfig: Setting CVar [[r.SkyAtmosphere.SampleCountMax:16.0]]
[2020.08.24-21.21.16:293][  0]LogConfig: Setting CVar [[r.SkyAtmosphere.TransmittanceLUT.UseSmallFormat:1]]
[2020.08.24-21.21.16:293][  0]LogConfig: Setting CVar [[r.SkyAtmosphere.TransmittanceLUT.SampleCount:10.0]]
[2020.08.24-21.21.16:293][  0]LogConfig: Setting CVar [[r.SkyAtmosphere.MultiScatteringLUT.SampleCount:15.0]]
[2020.08.24-21.21.16:293][  0]LogConfig: Applying CVar settings from Section [FoliageQuality@0] File [C:/Users/fsn/Documents/GitHub/RGS_Upgrade/Saved/Config/Windows/Scalability.ini]
[2020.08.24-21.21.16:293][  0]LogConfig: Setting CVar [[foliage.DensityScale:0]]
[2020.08.24-21.21.16:293][  0]LogConfig: Setting CVar [[grass.DensityScale:0]]
[2020.08.24-21.21.16:293][  0]LogConfig: Applying CVar settings from Section [ShadingQuality@0] File [C:/Users/fsn/Documents/GitHub/RGS_Upgrade/Saved/Config/Windows/Scalability.ini]
[2020.08.24-21.21.16:293][  0]LogConfig: Setting CVar [[r.HairStrands.SkyLighting.SampleCount:8]]
[2020.08.24-21.21.16:293][  0]LogConfig: Setting CVar [[r.HairStrands.SkyLighting.JitterIntegration:0]]
[2020.08.24-21.21.16:293][  0]LogConfig: Setting CVar [[r.HairStrands.SkyAO.SampleCount:8]]
[2020.08.24-21.21.16:293][  0]LogConfig: Applying CVar settings from Section [Startup] File [../../../Engine/Config/ConsoleVariables.ini]
[2020.08.24-21.21.16:293][  0]LogConfig: Setting CVar [[net.UseAdaptiveNetUpdateFrequency:0]]
[2020.08.24-21.21.16:293][  0]LogConfig: Setting CVar [[p.chaos.AllowCreatePhysxBodies:1]]
[2020.08.24-21.21.16:293][  0]LogConfig: Applying CVar settings from Section [ConsoleVariables] File [C:/Users/fsn/Documents/GitHub/RGS_Upgrade/Saved/Config/Windows/Engine.ini]
[2020.08.24-21.21.16:293][  0]LogInit: Computer: FSN
[2020.08.24-21.21.16:293][  0]LogInit: User: fsn
[2020.08.24-21.21.16:293][  0]LogInit: CPU Page size=4096, Cores=4
[2020.08.24-21.21.16:293][  0]LogInit: High frequency timer resolution =10.000000 MHz
[2020.08.24-21.21.16:293][  0]LogMemory: Memory total: Physical=11.9GB (12GB approx)
[2020.08.24-21.21.16:293][  0]LogMemory: Platform Memory Stats for Windows
[2020.08.24-21.21.16:293][  0]LogMemory: Process Physical Memory: 105.10 MB used, 105.10 MB peak
[2020.08.24-21.21.16:293][  0]LogMemory: Process Virtual Memory: 100.17 MB used, 100.17 MB peak
[2020.08.24-21.21.16:293][  0]LogMemory: Physical Memory: 6674.96 MB used,  5503.32 MB free, 12178.29 MB total
[2020.08.24-21.21.16:294][  0]LogMemory: Virtual Memory: 5123.06 MB used,  134212608.00 MB free, 134217728.00 MB total
[2020.08.24-21.21.16:297][  0]LogWindows: WindowsPlatformFeatures enabled
[2020.08.24-21.21.16:313][  0]LogInit: Using OS detected language (en-US).
[2020.08.24-21.21.16:313][  0]LogInit: Using OS detected locale (en-US).
[2020.08.24-21.21.16:314][  0]LogTextLocalizationManager: No specific localization for 'en-US' exists, so the 'en' localization will be used.
[2020.08.24-21.21.16:535][  0]LogInit: Setting process to per monitor DPI aware
[2020.08.24-21.21.16:563][  0]LogSlate: New Slate User Created.  User Index 0, Is Virtual User: 0
[2020.08.24-21.21.16:563][  0]LogSlate: Slate User Registered.  User Index 0, Is Virtual User: 0
[2020.08.24-21.21.16:708][  0]LogHMD: Failed to initialize OpenVR with code 110
[2020.08.24-21.21.16:708][  0]LogD3D11RHI: D3D11 min allowed feature level: 11_0
[2020.08.24-21.21.16:708][  0]LogD3D11RHI: D3D11 max allowed feature level: 11_0
[2020.08.24-21.21.16:708][  0]LogD3D11RHI: D3D11 adapters:
[2020.08.24-21.21.16:729][  0]LogD3D11RHI:    0. 'AMD Radeon(TM) R5 240' (Feature Level 11_0)
[2020.08.24-21.21.16:729][  0]LogD3D11RHI:       1004/0/6089 MB DedicatedVideo/DedicatedSystem/SharedSystem, Outputs:2, VendorId:0x1002
[2020.08.24-21.21.16:737][  0]LogD3D11RHI:    1. 'Intel(R) HD Graphics 4600' (Feature Level 11_0)
[2020.08.24-21.21.16:737][  0]LogD3D11RHI:       112/0/2048 MB DedicatedVideo/DedicatedSystem/SharedSystem, Outputs:0, VendorId:0x8086
[2020.08.24-21.21.16:739][  0]LogD3D11RHI:    2. 'Microsoft Basic Render Driver' (Feature Level 11_0)
[2020.08.24-21.21.16:739][  0]LogD3D11RHI:       0/0/6089 MB DedicatedVideo/DedicatedSystem/SharedSystem, Outputs:0, VendorId:0x1414
[2020.08.24-21.21.16:739][  0]LogD3D11RHI: Chosen D3D11 Adapter: 0
[2020.08.24-21.21.16:748][  0]LogD3D11RHI: Creating new Direct3DDevice
[2020.08.24-21.21.16:748][  0]LogD3D11RHI:     GPU DeviceId: 0x6611 (for the marketing name, search the web for "GPU Device Id")
[2020.08.24-21.21.16:748][  0]LogWindows: EnumDisplayDevices:
[2020.08.24-21.21.16:748][  0]LogWindows:    0. 'AMD Radeon(TM) R5 240' (P:0 D:1)
[2020.08.24-21.21.16:749][  0]LogWindows:    1. 'AMD Radeon(TM) R5 240' (P:1 D:1)
[2020.08.24-21.21.16:749][  0]LogWindows:    2. 'AMD Radeon(TM) R5 240' (P:0 D:0)
[2020.08.24-21.21.16:749][  0]LogWindows:    3. 'AMD Radeon(TM) R5 240' (P:0 D:0)
[2020.08.24-21.21.16:750][  0]LogWindows:    4. 'Intel(R) HD Graphics 4600' (P:0 D:0)
[2020.08.24-21.21.16:750][  0]LogWindows:    5. 'Intel(R) HD Graphics 4600' (P:0 D:0)
[2020.08.24-21.21.16:751][  0]LogWindows:    6. 'Intel(R) HD Graphics 4600' (P:0 D:0)
[2020.08.24-21.21.16:752][  0]LogWindows: DebugString: PrimaryIsNotTheChoosenAdapter PrimaryIsNotTheChoosenAdapter PrimaryIsNotTheChoosenAdapter FoundDriverCount:4 
[2020.08.24-21.21.16:752][  0]LogD3D11RHI:     Adapter Name: AMD Radeon(TM) R5 240
[2020.08.24-21.21.16:752][  0]LogD3D11RHI:   Driver Version: Adrenalin 2019 19.7.5 (internal:26.20.13001.25001, unified:26.20.13001.25001)
[2020.08.24-21.21.16:752][  0]LogD3D11RHI:      Driver Date: 7-30-2019
[2020.08.24-21.21.16:752][  0]LogRHI: Texture pool is 703 MB (70% of 1004 MB)
[2020.08.24-21.21.16:784][  0]LogD3D11RHI: RHI does not have support for 64 bit atomics
[2020.08.24-21.21.16:784][  0]LogD3D11RHI: Async texture creation enabled
[2020.08.24-21.21.16:795][  0]LogD3D11RHI: GPU Timing Frequency: 27.000000 (Debug: 2 1)
[2020.08.24-21.21.17:082][  0]LogTargetPlatformManager: Display: Loaded TargetPlatform 'AllDesktop'
[2020.08.24-21.21.17:118][  0]LogTargetPlatformManager: Display: Loaded TargetPlatform 'Android'
[2020.08.24-21.21.17:118][  0]LogTargetPlatformManager: Display: Loaded TargetPlatform 'Android_ASTC'
[2020.08.24-21.21.17:118][  0]LogTargetPlatformManager: Display: Loaded TargetPlatform 'Android_ATC'
[2020.08.24-21.21.17:118][  0]LogTargetPlatformManager: Display: Loaded TargetPlatform 'Android_DXT'
[2020.08.24-21.21.17:118][  0]LogTargetPlatformManager: Display: Loaded TargetPlatform 'Android_ETC1'
[2020.08.24-21.21.17:118][  0]LogTargetPlatformManager: Display: Loaded TargetPlatform 'Android_ETC1a'
[2020.08.24-21.21.17:118][  0]LogTargetPlatformManager: Display: Loaded TargetPlatform 'Android_ETC2'
[2020.08.24-21.21.17:118][  0]LogTargetPlatformManager: Display: Loaded TargetPlatform 'Android_PVRTC'
[2020.08.24-21.21.17:118][  0]LogTargetPlatformManager: Display: Loaded TargetPlatform 'AndroidClient'
[2020.08.24-21.21.17:118][  0]LogTargetPlatformManager: Display: Loaded TargetPlatform 'Android_ASTCClient'
[2020.08.24-21.21.17:118][  0]LogTargetPlatformManager: Display: Loaded TargetPlatform 'Android_ATCClient'
[2020.08.24-21.21.17:118][  0]LogTargetPlatformManager: Display: Loaded TargetPlatform 'Android_DXTClient'
[2020.08.24-21.21.17:118][  0]LogTargetPlatformManager: Display: Loaded TargetPlatform 'Android_ETC1Client'
[2020.08.24-21.21.17:118][  0]LogTargetPlatformManager: Display: Loaded TargetPlatform 'Android_ETC1aClient'
[2020.08.24-21.21.17:118][  0]LogTargetPlatformManager: Display: Loaded TargetPlatform 'Android_ETC2Client'
[2020.08.24-21.21.17:118][  0]LogTargetPlatformManager: Display: Loaded TargetPlatform 'Android_PVRTCClient'
[2020.08.24-21.21.17:118][  0]LogTargetPlatformManager: Display: Loaded TargetPlatform 'Android_Multi'
[2020.08.24-21.21.17:118][  0]LogTargetPlatformManager: Display: Loaded TargetPlatform 'Android_MultiClient'
[2020.08.24-21.21.17:139][  0]LogTargetPlatformManager: Display: Loaded TargetPlatform 'IOSClient'
[2020.08.24-21.21.17:139][  0]LogTargetPlatformManager: Display: Loaded TargetPlatform 'IOS'
[2020.08.24-21.21.17:147][  0]LogTargetPlatformManager: Display: Loaded TargetPlatform 'LinuxNoEditor'
[2020.08.24-21.21.17:155][  0]LogTargetPlatformManager: Display: Loaded TargetPlatform 'LinuxClient'
[2020.08.24-21.21.17:163][  0]LogTargetPlatformManager: Display: Loaded TargetPlatform 'LinuxServer'
[2020.08.24-21.21.17:171][  0]LogTargetPlatformManager: Display: Loaded TargetPlatform 'LinuxAArch64NoEditor'
[2020.08.24-21.21.17:179][  0]LogTargetPlatformManager: Display: Loaded TargetPlatform 'LinuxAArch64Client'
[2020.08.24-21.21.17:187][  0]LogTargetPlatformManager: Display: Loaded TargetPlatform 'LinuxAArch64Server'
[2020.08.24-21.21.17:217][  0]LogTargetPlatformManager: Display: Loaded TargetPlatform 'Lumin'
[2020.08.24-21.21.17:217][  0]LogTargetPlatformManager: Display: Loaded TargetPlatform 'LuminClient'
[2020.08.24-21.21.17:234][  0]LogTargetPlatformManager: Display: Loaded TargetPlatform 'TVOSClient'
[2020.08.24-21.21.17:234][  0]LogTargetPlatformManager: Display: Loaded TargetPlatform 'TVOS'
[2020.08.24-21.21.17:242][  0]LogTargetPlatformManager: Display: Loaded TargetPlatform 'WindowsNoEditor'
[2020.08.24-21.21.17:252][  0]LogTargetPlatformManager: Display: Loaded TargetPlatform 'Windows'
[2020.08.24-21.21.17:261][  0]LogTargetPlatformManager: Display: Loaded TargetPlatform 'WindowsClient'
[2020.08.24-21.21.17:269][  0]LogTargetPlatformManager: Display: Loaded TargetPlatform 'WindowsServer'
[2020.08.24-21.21.17:269][  0]LogTargetPlatformManager: Display: Building Assets For Windows
[2020.08.24-21.21.17:273][  0]LogAudioDebug: Display: Lib vorbis DLL was dynamically loaded.
[2020.08.24-21.21.17:299][  0]LogShaderCompilers: Guid format shader working directory is -11 characters bigger than the processId version (../../../../../../Users/fsn/Documents/GitHub/RGS_Upgrade/Intermediate/Shaders/WorkingDirectory/256/).
[2020.08.24-21.21.17:299][  0]LogShaderCompilers: Cleaned the shader compiler working directory 'C:/Users/fsn/AppData/Local/Temp/UnrealShaderWorkingDir/54ADCDFE454B79355B4900ACB7866902/'.
[2020.08.24-21.21.17:300][  0]LogXGEController: Cleaning working directory: C:/Users/fsn/AppData/Local/Temp/UnrealXGEWorkingDir/
[2020.08.24-21.21.17:300][  0]LogXGEController: Cannot use XGE Controller as Incredibuild is not installed on this machine.
[2020.08.24-21.21.17:300][  0]LogShaderCompilers: Cannot use XGE Shader Compiler as Incredibuild is not installed on this machine.
[2020.08.24-21.21.17:300][  0]LogShaderCompilers: Display: Using Local Shader Compiler.
[2020.08.24-21.21.18:116][  0]LogDerivedDataCache: Display: Max Cache Size: 512 MB
[2020.08.24-21.21.18:178][  0]LogDerivedDataCache: Loaded boot cache 0.06s 78MB C:/Users/fsn/AppData/Local/UnrealEngine/4.24/DerivedDataCache/Boot.ddc.
[2020.08.24-21.21.18:178][  0]LogDerivedDataCache: Display: Loaded Boot cache: C:/Users/fsn/AppData/Local/UnrealEngine/4.24/DerivedDataCache/Boot.ddc
[2020.08.24-21.21.18:178][  0]LogDerivedDataCache: FDerivedDataBackendGraph:  Pak pak cache file ../../../../../../Users/fsn/Documents/GitHub/RGS_Upgrade/DerivedDataCache/DDC.ddp not found, will not use a pak cache.
[2020.08.24-21.21.18:178][  0]LogDerivedDataCache: Unable to find inner node Pak for hierarchical cache Hierarchy.
[2020.08.24-21.21.18:178][  0]LogDerivedDataCache: FDerivedDataBackendGraph:  CompressedPak pak cache file ../../../../../../Users/fsn/Documents/GitHub/RGS_Upgrade/DerivedDataCache/Compressed.ddp not found, will not use a pak cache.
[2020.08.24-21.21.18:178][  0]LogDerivedDataCache: Unable to find inner node CompressedPak for hierarchical cache Hierarchy.
[2020.08.24-21.21.18:188][  0]LogDerivedDataCache: Display: Pak cache opened for reading ../../../Engine/DerivedDataCache/Compressed.ddp.
[2020.08.24-21.21.18:188][  0]LogDerivedDataCache: FDerivedDataBackendGraph:  EnterprisePak pak cache file ../../../Enterprise/DerivedDataCache/Compressed.ddp not found, will not use a pak cache.
[2020.08.24-21.21.18:188][  0]LogDerivedDataCache: Unable to find inner node EnterprisePak for hierarchical cache Hierarchy.
[2020.08.24-21.21.18:190][  0]LogDerivedDataCache: Using Local data cache path C:/Users/fsn/AppData/Local/UnrealEngine/Common/DerivedDataCache: Writable
[2020.08.24-21.21.18:190][  0]LogDerivedDataCache: Shared data cache path not found in *engine.ini, will not use an Shared cache.
[2020.08.24-21.21.18:190][  0]LogDerivedDataCache: Unable to find inner node Shared for hierarchical cache Hierarchy.
[2020.08.24-21.21.18:216][  0]LogMaterial: Verifying Global Shaders for PCD3D_SM5
[2020.08.24-21.21.18:218][  0]LogSlate: Using FreeType 2.10.0
[2020.08.24-21.21.18:219][  0]LogSlate: SlateFontServices - WITH_FREETYPE: 1, WITH_HARFBUZZ: 1
[2020.08.24-21.21.18:266][  0]LogAssetRegistry: FAssetRegistry took 0.0028 seconds to start up
[2020.08.24-21.21.18:571][  0]LogInit: Selected Device Profile: [Windows]
[2020.08.24-21.21.18:731][  0]LogMeshReduction: Using QuadricMeshReduction for automatic static mesh reduction
[2020.08.24-21.21.18:731][  0]LogMeshReduction: Using SimplygonMeshReduction for automatic skeletal mesh reduction
[2020.08.24-21.21.18:731][  0]LogMeshReduction: Using ProxyLODMeshReduction for automatic mesh merging
[2020.08.24-21.21.18:731][  0]LogMeshReduction: No distributed automatic mesh merging module available
[2020.08.24-21.21.18:731][  0]LogMeshMerging: No distributed automatic mesh merging module available
[2020.08.24-21.21.18:745][  0]LogNetVersion: UltimateShooterKit 1.0.0, NetCL: 10570792, EngineNetVer: 13, GameNetVer: 0 (Checksum: 2231880095)
[2020.08.24-21.21.19:766][  0]LogPackageLocalizationCache: Processed 10 localized package path(s) for 1 prioritized culture(s) in 0.046851 seconds
[2020.08.24-21.21.19:774][  0]LogUObjectArray: 46750 objects as part of root set at end of initial load.
[2020.08.24-21.21.19:774][  0]LogUObjectAllocator: 8137160 out of 0 bytes used by permanent object pool.
[2020.08.24-21.21.19:775][  0]LogUObjectArray: CloseDisregardForGC: 0/0 objects in disregard for GC pool
[2020.08.24-21.21.20:205][  0]LogTcpMessaging: Initializing TcpMessaging bridge
[2020.08.24-21.21.20:208][  0]LogUdpMessaging: Initializing bridge on interface 0.0.0.0:0 to multicast group 230.0.0.1:6666.
[2020.08.24-21.21.20:261][  0]SourceControl: Source control is disabled
[2020.08.24-21.21.20:261][  0]SourceControl: Source control is disabled
[2020.08.24-21.21.20:262][  0]SourceControl: Source control is disabled
[2020.08.24-21.21.20:263][  0]SourceControl: Source control is disabled
[2020.08.24-21.21.20:264][  0]SourceControl: Source control is disabled
[2020.08.24-21.21.20:272][  0]LogVSAccessor: Display: Unable to create Visual Studio setup instance: 80040154
[2020.08.24-21.21.20:272][  0]LogVSAccessor: Display: Unable to create Visual Studio setup instance: 80040154
[2020.08.24-21.21.20:348][  0]LogAndroidPermission: UAndroidPermissionCallbackProxy::GetInstance
[2020.08.24-21.21.20:359][  0]LogAudioCaptureCore: Display: No Audio Capture implementations found. Audio input will be silent.
[2020.08.24-21.21.20:359][  0]LogAudioCaptureCore: Display: No Audio Capture implementations found. Audio input will be silent.
[2020.08.24-21.21.20:445][  0]LogOcInput: OculusInput pre-init called
[2020.08.24-21.21.20:454][  0]LogWindows: Failed to load 'OVRPlugin.dll' (GetLastError=126)
[2020.08.24-21.21.20:454][  0]LogWindows: File 'OVRPlugin.dll' does not exist
[2020.08.24-21.21.20:525][  0]LogEngine: Initializing Engine...
[2020.08.24-21.21.20:526][  0]LogHMD: Failed to initialize OpenVR with code 110
[2020.08.24-21.21.20:526][  0]LogStats: UGameplayTagsManager::InitializeManager -  0.000 s
[2020.08.24-21.21.20:882][  0]LogInit: Initializing FReadOnlyCVARCache
[2020.08.24-21.21.20:889][  0]LogAIModule: Creating AISystem for world Untitled
[2020.08.24-21.21.20:910][  0]LogAudioMixer: Display: Audio Mixer Platform Settings:
[2020.08.24-21.21.20:910][  0]LogAudioMixer: Display: 	Sample Rate:						  48000
[2020.08.24-21.21.20:910][  0]LogAudioMixer: Display: 	Callback Buffer Frame Size Requested: 1024
[2020.08.24-21.21.20:910][  0]LogAudioMixer: Display: 	Callback Buffer Frame Size To Use:	  1024
[2020.08.24-21.21.20:910][  0]LogAudioMixer: Display: 	Number of buffers to queue:			  2
[2020.08.24-21.21.20:910][  0]LogAudioMixer: Display: 	Max Channels (voices):				  32
[2020.08.24-21.21.20:910][  0]LogAudioMixer: Display: 	Number of Async Source Workers:		  0
[2020.08.24-21.21.20:910][  0]LogAudio: Display: AudioDevice MaxSources: 32
[2020.08.24-21.21.20:911][  0]LogAudio: Display: Using built-in audio occlusion.
[2020.08.24-21.21.20:911][  0]LogAudioMixer: Display: Initializing audio mixer.
[2020.08.24-21.21.20:938][  0]LogAudioMixer: Display: Audio Device Output Speaker Info:
[2020.08.24-21.21.20:938][  0]LogAudioMixer: Display: Name: Speakers (Realtek High Definition Audio)
[2020.08.24-21.21.20:938][  0]LogAudioMixer: Display: Is Default: Yes
[2020.08.24-21.21.20:938][  0]LogAudioMixer: Display: Sample Rate: 48000
[2020.08.24-21.21.20:938][  0]LogAudioMixer: Display: Channel Count Used: 2
[2020.08.24-21.21.20:938][  0]LogAudioMixer: Display: Device Channel Count: 2
[2020.08.24-21.21.20:938][  0]LogAudioMixer: Display: Channel Order:
[2020.08.24-21.21.20:938][  0]LogAudioMixer: Display: 0: FrontLeft
[2020.08.24-21.21.20:938][  0]LogAudioMixer: Display: 1: FrontRight
[2020.08.24-21.21.20:969][  0]LogAudioMixer: Display: Using Audio Device Speakers (Realtek High Definition Audio)
[2020.08.24-21.21.20:975][  0]LogInit: FAudioDevice initialized.
[2020.08.24-21.21.20:975][  0]LogNetVersion: Set ProjectVersion to 1.0.0.0. Version Checksum will be recalculated on next use.
[2020.08.24-21.21.21:073][  0]LogDerivedDataCache: Saved boot cache 0.10s 78MB C:/Users/fsn/AppData/Local/UnrealEngine/4.24/DerivedDataCache/Boot.ddc.
[2020.08.24-21.21.21:081][  0]LogInit: Texture streaming: Enabled
[2020.08.24-21.21.21:092][  0]LogEngineSessionManager: EngineSessionManager initialized
[2020.08.24-21.21.21:092][  0]LogEditorSessionSummary: Verbose: Initializing EditorSessionSummaryWriter for editor session tracking
[2020.08.24-21.21.21:093][  0]LogEditorSessionSummary: EditorSessionSummaryWriter initialized
[2020.08.24-21.21.21:148][  0]LogInit: Transaction tracking system initialized
[2020.08.24-21.21.21:158][  0]BlueprintLog: New page: Editor Load
[2020.08.24-21.21.21:192][  0]LocalizationService: Localization service is disabled
[2020.08.24-21.21.22:140][  0]LogVSAccessor: Display: Unable to create Visual Studio setup instance: 80040154
[2020.08.24-21.21.22:141][  0]LogVSAccessor: Display: Unable to create Visual Studio setup instance: 80040154
[2020.08.24-21.21.22:358][  0]LogFileCache: Scanning file cache for directory 'C:/Users/fsn/Documents/GitHub/RGS_Upgrade/Content/' took 0.01s
[2020.08.24-21.21.22:358][  0]LogCook: Display: Max memory allowance for cook 16384mb min free memory 0mb
[2020.08.24-21.21.22:358][  0]LogCook: Display: Mobile HDR setting 1
[2020.08.24-21.21.22:971][  0]SourceControl: Source control is disabled
[2020.08.24-21.21.22:971][  0]Cmd: MAP LOAD FILE="../../../../../../Users/fsn/Documents/GitHub/RGS_Upgrade/Content/UltimateShooterKit/Environment/Maps/TestLevel.umap" TEMPLATE=0 SHOWPROGRESS=1 FEATURELEVEL=3
[2020.08.24-21.21.22:972][  0]LightingResults: New page: Lighting Build
[2020.08.24-21.21.22:972][  0]LogWorld: UWorld::CleanupWorld for Untitled, bSessionEnded=true, bCleanupResources=true
[2020.08.24-21.21.22:973][  0]LogSlate: InvalidateAllWidgets triggered.  All widgets were invalidated
[2020.08.24-21.21.22:973][  0]MapCheck: New page: Map Check
[2020.08.24-21.21.22:973][  0]LightingResults: New page: Lighting Build
[2020.08.24-21.21.22:999][  0]LogUObjectHash: Compacting FUObjectHashTables data took   1.88ms
[2020.08.24-21.21.26:258][  0]LogBlueprint: Warning: Node '/Game/MilitaryWeapSilver/Sound/SniperRifle/Cues/SniperRifleA_Fire_Cue.SniperRifleA_Fire_Cue:SoundCueGraph_69.EdGraphNode_Comment_1' missing NodeGuid because of upgrade from old package version, this can cause deterministic cooking issues please resave package.
[2020.08.24-21.21.26:258][  0]LogBlueprint: Warning: Node '/Game/MilitaryWeapSilver/Sound/SniperRifle/Cues/SniperRifleA_Fire_Cue.SniperRifleA_Fire_Cue:SoundCueGraph_69.EdGraphNode_Comment_3' missing NodeGuid because of upgrade from old package version, this can cause deterministic cooking issues please resave package.
[2020.08.24-21.21.26:258][  0]LogBlueprint: Warning: Node '/Game/MilitaryWeapSilver/Sound/SniperRifle/Cues/SniperRifleA_Fire_Cue.SniperRifleA_Fire_Cue:SoundCueGraph_69.SoundCueGraphNode_258' missing NodeGuid because of upgrade from old package version, this can cause deterministic cooking issues please resave package.
[2020.08.24-21.21.26:258][  0]LogBlueprint: Warning: Node '/Game/MilitaryWeapSilver/Sound/SniperRifle/Cues/SniperRifleA_Fire_Cue.SniperRifleA_Fire_Cue:SoundCueGraph_69.SoundCueGraphNode_259' missing NodeGuid because of upgrade from old package version, this can cause deterministic cooking issues please resave package.
[2020.08.24-21.21.26:258][  0]LogBlueprint: Warning: Node '/Game/MilitaryWeapSilver/Sound/SniperRifle/Cues/SniperRifleA_Fire_Cue.SniperRifleA_Fire_Cue:SoundCueGraph_69.SoundCueGraphNode_260' missing NodeGuid because of upgrade from old package version, this can cause deterministic cooking issues please resave package.
[2020.08.24-21.21.26:258][  0]LogBlueprint: Warning: Node '/Game/MilitaryWeapSilver/Sound/SniperRifle/Cues/SniperRifleA_Fire_Cue.SniperRifleA_Fire_Cue:SoundCueGraph_69.SoundCueGraphNode_261' missing NodeGuid because of upgrade from old package version, this can cause deterministic cooking issues please resave package.
[2020.08.24-21.21.26:258][  0]LogBlueprint: Warning: Node '/Game/MilitaryWeapSilver/Sound/SniperRifle/Cues/SniperRifleA_Fire_Cue.SniperRifleA_Fire_Cue:SoundCueGraph_69.SoundCueGraphNode_262' missing NodeGuid because of upgrade from old package version, this can cause deterministic cooking issues please resave package.
[2020.08.24-21.21.26:258][  0]LogBlueprint: Warning: Node '/Game/MilitaryWeapSilver/Sound/SniperRifle/Cues/SniperRifleA_Fire_Cue.SniperRifleA_Fire_Cue:SoundCueGraph_69.SoundCueGraphNode_263' missing NodeGuid because of upgrade from old package version, this can cause deterministic cooking issues please resave package.
[2020.08.24-21.21.26:258][  0]LogBlueprint: Warning: Node '/Game/MilitaryWeapSilver/Sound/SniperRifle/Cues/SniperRifleA_Fire_Cue.SniperRifleA_Fire_Cue:SoundCueGraph_69.SoundCueGraphNode_264' missing NodeGuid because of upgrade from old package version, this can cause deterministic cooking issues please resave package.
[2020.08.24-21.21.26:259][  0]LogBlueprint: Warning: Node '/Game/MilitaryWeapSilver/Sound/SniperRifle/Cues/SniperRifleA_Fire_Cue.SniperRifleA_Fire_Cue:SoundCueGraph_69.SoundCueGraphNode_265' missing NodeGuid because of upgrade from old package version, this can cause deterministic cooking issues please resave package.
[2020.08.24-21.21.26:259][  0]LogBlueprint: Warning: Node '/Game/MilitaryWeapSilver/Sound/SniperRifle/Cues/SniperRifleA_Fire_Cue.SniperRifleA_Fire_Cue:SoundCueGraph_69.SoundCueGraphNode_266' missing NodeGuid because of upgrade from old package version, this can cause deterministic cooking issues please resave package.
[2020.08.24-21.21.26:259][  0]LogBlueprint: Warning: Node '/Game/MilitaryWeapSilver/Sound/SniperRifle/Cues/SniperRifleA_Fire_Cue.SniperRifleA_Fire_Cue:SoundCueGraph_69.SoundCueGraphNode_267' missing NodeGuid because of upgrade from old package version, this can cause deterministic cooking issues please resave package.
[2020.08.24-21.21.26:259][  0]LogBlueprint: Warning: Node '/Game/MilitaryWeapSilver/Sound/SniperRifle/Cues/SniperRifleA_Fire_Cue.SniperRifleA_Fire_Cue:SoundCueGraph_69.SoundCueGraphNode_3' missing NodeGuid because of upgrade from old package version, this can cause deterministic cooking issues please resave package.
[2020.08.24-21.21.26:259][  0]LogBlueprint: Warning: Node '/Game/MilitaryWeapSilver/Sound/SniperRifle/Cues/SniperRifleA_Fire_Cue.SniperRifleA_Fire_Cue:SoundCueGraph_69.SoundCueGraphNode_90' missing NodeGuid because of upgrade from old package version, this can cause deterministic cooking issues please resave package.
[2020.08.24-21.21.26:259][  0]LogBlueprint: Warning: Node '/Game/MilitaryWeapSilver/Sound/SniperRifle/Cues/SniperRifleA_Fire_Cue.SniperRifleA_Fire_Cue:SoundCueGraph_69.SoundCueGraphNode_Root_69' missing NodeGuid because of upgrade from old package version, this can cause deterministic cooking issues please resave package.
[2020.08.24-21.21.26:463][  0]LogBlueprint: Warning: Node '/Game/MilitaryWeapSilver/Sound/Shotgun/Cues/ShotgunA_Fire_Cue.ShotgunA_Fire_Cue:SoundCueGraph_59.EdGraphNode_Comment_1' missing NodeGuid because of upgrade from old package version, this can cause deterministic cooking issues please resave package.
[2020.08.24-21.21.26:463][  0]LogBlueprint: Warning: Node '/Game/MilitaryWeapSilver/Sound/Shotgun/Cues/ShotgunA_Fire_Cue.ShotgunA_Fire_Cue:SoundCueGraph_59.EdGraphNode_Comment_3' missing NodeGuid because of upgrade from old package version, this can cause deterministic cooking issues please resave package.
[2020.08.24-21.21.26:463][  0]LogBlueprint: Warning: Node '/Game/MilitaryWeapSilver/Sound/Shotgun/Cues/ShotgunA_Fire_Cue.ShotgunA_Fire_Cue:SoundCueGraph_59.SoundCueGraphNode_278' missing NodeGuid because of upgrade from old package version, this can cause deterministic cooking issues please resave package.
[2020.08.24-21.21.26:463][  0]LogBlueprint: Warning: Node '/Game/MilitaryWeapSilver/Sound/Shotgun/Cues/ShotgunA_Fire_Cue.ShotgunA_Fire_Cue:SoundCueGraph_59.SoundCueGraphNode_279' missing NodeGuid because of upgrade from old package version, this can cause deterministic cooking issues please resave package.
[2020.08.24-21.21.26:463][  0]LogBlueprint: Warning: Node '/Game/MilitaryWeapSilver/Sound/Shotgun/Cues/ShotgunA_Fire_Cue.ShotgunA_Fire_Cue:SoundCueGraph_59.SoundCueGraphNode_280' missing NodeGuid because of upgrade from old package version, this can cause deterministic cooking issues please resave package.
[2020.08.24-21.21.26:463][  0]LogBlueprint: Warning: Node '/Game/MilitaryWeapSilver/Sound/Shotgun/Cues/ShotgunA_Fire_Cue.ShotgunA_Fire_Cue:SoundCueGraph_59.SoundCueGraphNode_281' missing NodeGuid because of upgrade from old package version, this can cause deterministic cooking issues please resave package.
[2020.08.24-21.21.26:463][  0]LogBlueprint: Warning: Node '/Game/MilitaryWeapSilver/Sound/Shotgun/Cues/ShotgunA_Fire_Cue.ShotgunA_Fire_Cue:SoundCueGraph_59.SoundCueGraphNode_282' missing NodeGuid because of upgrade from old package version, this can cause deterministic cooking issues please resave package.
[2020.08.24-21.21.26:463][  0]LogBlueprint: Warning: Node '/Game/MilitaryWeapSilver/Sound/Shotgun/Cues/ShotgunA_Fire_Cue.ShotgunA_Fire_Cue:SoundCueGraph_59.SoundCueGraphNode_283' missing NodeGuid because of upgrade from old package version, this can cause deterministic cooking issues please resave package.
[2020.08.24-21.21.26:463][  0]LogBlueprint: Warning: Node '/Game/MilitaryWeapSilver/Sound/Shotgun/Cues/ShotgunA_Fire_Cue.ShotgunA_Fire_Cue:SoundCueGraph_59.SoundCueGraphNode_284' missing NodeGuid because of upgrade from old package version, this can cause deterministic cooking issues please resave package.
[2020.08.24-21.21.26:463][  0]LogBlueprint: Warning: Node '/Game/MilitaryWeapSilver/Sound/Shotgun/Cues/ShotgunA_Fire_Cue.ShotgunA_Fire_Cue:SoundCueGraph_59.SoundCueGraphNode_285' missing NodeGuid because of upgrade from old package version, this can cause deterministic cooking issues please resave package.
[2020.08.24-21.21.26:463][  0]LogBlueprint: Warning: Node '/Game/MilitaryWeapSilver/Sound/Shotgun/Cues/ShotgunA_Fire_Cue.ShotgunA_Fire_Cue:SoundCueGraph_59.SoundCueGraphNode_286' missing NodeGuid because of upgrade from old package version, this can cause deterministic cooking issues please resave package.
[2020.08.24-21.21.26:463][  0]LogBlueprint: Warning: Node '/Game/MilitaryWeapSilver/Sound/Shotgun/Cues/ShotgunA_Fire_Cue.ShotgunA_Fire_Cue:SoundCueGraph_59.SoundCueGraphNode_287' missing NodeGuid because of upgrade from old package version, this can cause deterministic cooking issues please resave package.
[2020.08.24-21.21.26:463][  0]LogBlueprint: Warning: Node '/Game/MilitaryWeapSilver/Sound/Shotgun/Cues/ShotgunA_Fire_Cue.ShotgunA_Fire_Cue:SoundCueGraph_59.SoundCueGraphNode_3' missing NodeGuid because of upgrade from old package version, this can cause deterministic cooking issues please resave package.
[2020.08.24-21.21.26:463][  0]LogBlueprint: Warning: Node '/Game/MilitaryWeapSilver/Sound/Shotgun/Cues/ShotgunA_Fire_Cue.ShotgunA_Fire_Cue:SoundCueGraph_59.SoundCueGraphNode_90' missing NodeGuid because of upgrade from old package version, this can cause deterministic cooking issues please resave package.
[2020.08.24-21.21.26:463][  0]LogBlueprint: Warning: Node '/Game/MilitaryWeapSilver/Sound/Shotgun/Cues/ShotgunA_Fire_Cue.ShotgunA_Fire_Cue:SoundCueGraph_59.SoundCueGraphNode_Root_59' missing NodeGuid because of upgrade from old package version, this can cause deterministic cooking issues please resave package.
[2020.08.24-21.21.26:504][  0]LogBlueprint: Warning: Node '/Game/MilitaryWeapSilver/Sound/Shotgun/Cues/Shotgun_ImpactSurface_Cue.Shotgun_ImpactSurface_Cue:SoundCueGraph_54.SoundCueGraphNode_138' missing NodeGuid because of upgrade from old package version, this can cause deterministic cooking issues please resave package.
[2020.08.24-21.21.26:504][  0]LogBlueprint: Warning: Node '/Game/MilitaryWeapSilver/Sound/Shotgun/Cues/Shotgun_ImpactSurface_Cue.Shotgun_ImpactSurface_Cue:SoundCueGraph_54.SoundCueGraphNode_139' missing NodeGuid because of upgrade from old package version, this can cause deterministic cooking issues please resave package.
[2020.08.24-21.21.26:504][  0]LogBlueprint: Warning: Node '/Game/MilitaryWeapSilver/Sound/Shotgun/Cues/Shotgun_ImpactSurface_Cue.Shotgun_ImpactSurface_Cue:SoundCueGraph_54.SoundCueGraphNode_140' missing NodeGuid because of upgrade from old package version, this can cause deterministic cooking issues please resave package.
[2020.08.24-21.21.26:504][  0]LogBlueprint: Warning: Node '/Game/MilitaryWeapSilver/Sound/Shotgun/Cues/Shotgun_ImpactSurface_Cue.Shotgun_ImpactSurface_Cue:SoundCueGraph_54.SoundCueGraphNode_141' missing NodeGuid because of upgrade from old package version, this can cause deterministic cooking issues please resave package.
[2020.08.24-21.21.26:504][  0]LogBlueprint: Warning: Node '/Game/MilitaryWeapSilver/Sound/Shotgun/Cues/Shotgun_ImpactSurface_Cue.Shotgun_ImpactSurface_Cue:SoundCueGraph_54.SoundCueGraphNode_142' missing NodeGuid because of upgrade from old package version, this can cause deterministic cooking issues please resave package.
[2020.08.24-21.21.26:504][  0]LogBlueprint: Warning: Node '/Game/MilitaryWeapSilver/Sound/Shotgun/Cues/Shotgun_ImpactSurface_Cue.Shotgun_ImpactSurface_Cue:SoundCueGraph_54.SoundCueGraphNode_143' missing NodeGuid because of upgrade from old package version, this can cause deterministic cooking issues please resave package.
[2020.08.24-21.21.26:504][  0]LogBlueprint: Warning: Node '/Game/MilitaryWeapSilver/Sound/Shotgun/Cues/Shotgun_ImpactSurface_Cue.Shotgun_ImpactSurface_Cue:SoundCueGraph_54.SoundCueGraphNode_Root_54' missing NodeGuid because of upgrade from old package version, this can cause deterministic cooking issues please resave package.
[2020.08.24-21.21.26:505][  0]LogBlueprint: Warning: Node '/Game/MilitaryWeapSilver/Sound/Shotgun/Cues/Shotgun_ImpactBody_Cue.Shotgun_ImpactBody_Cue:SoundCueGraph_55.SoundCueGraphNode_144' missing NodeGuid because of upgrade from old package version, this can cause deterministic cooking issues please resave package.
[2020.08.24-21.21.26:505][  0]LogBlueprint: Warning: Node '/Game/MilitaryWeapSilver/Sound/Shotgun/Cues/Shotgun_ImpactBody_Cue.Shotgun_ImpactBody_Cue:SoundCueGraph_55.SoundCueGraphNode_145' missing NodeGuid because of upgrade from old package version, this can cause deterministic cooking issues please resave package.
[2020.08.24-21.21.26:505][  0]LogBlueprint: Warning: Node '/Game/MilitaryWeapSilver/Sound/Shotgun/Cues/Shotgun_ImpactBody_Cue.Shotgun_ImpactBody_Cue:SoundCueGraph_55.SoundCueGraphNode_146' missing NodeGuid because of upgrade from old package version, this can cause deterministic cooking issues please resave package.
[2020.08.24-21.21.26:505][  0]LogBlueprint: Warning: Node '/Game/MilitaryWeapSilver/Sound/Shotgun/Cues/Shotgun_ImpactBody_Cue.Shotgun_ImpactBody_Cue:SoundCueGraph_55.SoundCueGraphNode_147' missing NodeGuid because of upgrade from old package version, this can cause deterministic cooking issues please resave package.
[2020.08.24-21.21.26:505][  0]LogBlueprint: Warning: Node '/Game/MilitaryWeapSilver/Sound/Shotgun/Cues/Shotgun_ImpactBody_Cue.Shotgun_ImpactBody_Cue:SoundCueGraph_55.SoundCueGraphNode_148' missing NodeGuid because of upgrade from old package version, this can cause deterministic cooking issues please resave package.
[2020.08.24-21.21.26:505][  0]LogBlueprint: Warning: Node '/Game/MilitaryWeapSilver/Sound/Shotgun/Cues/Shotgun_ImpactBody_Cue.Shotgun_ImpactBody_Cue:SoundCueGraph_55.SoundCueGraphNode_149' missing NodeGuid because of upgrade from old package version, this can cause deterministic cooking issues please resave package.
[2020.08.24-21.21.26:505][  0]LogBlueprint: Warning: Node '/Game/MilitaryWeapSilver/Sound/Shotgun/Cues/Shotgun_ImpactBody_Cue.Shotgun_ImpactBody_Cue:SoundCueGraph_55.SoundCueGraphNode_Root_55' missing NodeGuid because of upgrade from old package version, this can cause deterministic cooking issues please resave package.
[2020.08.24-21.21.26:646][  0]LogBlueprint: Warning: Node '/Game/MilitaryWeapSilver/Sound/Rifle/Cues/Rifle_ImpactBody_Cue.Rifle_ImpactBody_Cue:SoundCueGraph_5.SoundCueGraphNode_113' missing NodeGuid because of upgrade from old package version, this can cause deterministic cooking issues please resave package.
[2020.08.24-21.21.26:646][  0]LogBlueprint: Warning: Node '/Game/MilitaryWeapSilver/Sound/Rifle/Cues/Rifle_ImpactBody_Cue.Rifle_ImpactBody_Cue:SoundCueGraph_5.SoundCueGraphNode_114' missing NodeGuid because of upgrade from old package version, this can cause deterministic cooking issues please resave package.
[2020.08.24-21.21.26:646][  0]LogBlueprint: Warning: Node '/Game/MilitaryWeapSilver/Sound/Rifle/Cues/Rifle_ImpactBody_Cue.Rifle_ImpactBody_Cue:SoundCueGraph_5.SoundCueGraphNode_115' missing NodeGuid because of upgrade from old package version, this can cause deterministic cooking issues please resave package.
[2020.08.24-21.21.26:646][  0]LogBlueprint: Warning: Node '/Game/MilitaryWeapSilver/Sound/Rifle/Cues/Rifle_ImpactBody_Cue.Rifle_ImpactBody_Cue:SoundCueGraph_5.SoundCueGraphNode_116' missing NodeGuid because of upgrade from old package version, this can cause deterministic cooking issues please resave package.
[2020.08.24-21.21.26:646][  0]LogBlueprint: Warning: Node '/Game/MilitaryWeapSilver/Sound/Rifle/Cues/Rifle_ImpactBody_Cue.Rifle_ImpactBody_Cue:SoundCueGraph_5.SoundCueGraphNode_117' missing NodeGuid because of upgrade from old package version, this can cause deterministic cooking issues please resave package.
[2020.08.24-21.21.26:646][  0]LogBlueprint: Warning: Node '/Game/MilitaryWeapSilver/Sound/Rifle/Cues/Rifle_ImpactBody_Cue.Rifle_ImpactBody_Cue:SoundCueGraph_5.SoundCueGraphNode_118' missing NodeGuid because of upgrade from old package version, this can cause deterministic cooking issues please resave package.
[2020.08.24-21.21.26:646][  0]LogBlueprint: Warning: Node '/Game/MilitaryWeapSilver/Sound/Rifle/Cues/Rifle_ImpactBody_Cue.Rifle_ImpactBody_Cue:SoundCueGraph_5.SoundCueGraphNode_119' missing NodeGuid because of upgrade from old package version, this can cause deterministic cooking issues please resave package.
[2020.08.24-21.21.26:646][  0]LogBlueprint: Warning: Node '/Game/MilitaryWeapSilver/Sound/Rifle/Cues/Rifle_ImpactBody_Cue.Rifle_ImpactBody_Cue:SoundCueGraph_5.SoundCueGraphNode_138' missing NodeGuid because of upgrade from old package version, this can cause deterministic cooking issues please resave package.
[2020.08.24-21.21.26:646][  0]LogBlueprint: Warning: Node '/Game/MilitaryWeapSilver/Sound/Rifle/Cues/Rifle_ImpactBody_Cue.Rifle_ImpactBody_Cue:SoundCueGraph_5.SoundCueGraphNode_Root_5' missing NodeGuid because of upgrade from old package version, this can cause deterministic cooking issues please resave package.
[2020.08.24-21.21.26:817][  0]LogBlueprint: Warning: Node '/Game/MilitaryWeapSilver/Sound/Rifle/Cues/Rifle_ImpactSurface_Cue.Rifle_ImpactSurface_Cue:SoundCueGraph_6.SoundCueGraphNode_106' missing NodeGuid because of upgrade from old package version, this can cause deterministic cooking issues please resave package.
[2020.08.24-21.21.26:817][  0]LogBlueprint: Warning: Node '/Game/MilitaryWeapSilver/Sound/Rifle/Cues/Rifle_ImpactSurface_Cue.Rifle_ImpactSurface_Cue:SoundCueGraph_6.SoundCueGraphNode_107' missing NodeGuid because of upgrade from old package version, this can cause deterministic cooking issues please resave package.
[2020.08.24-21.21.26:817][  0]LogBlueprint: Warning: Node '/Game/MilitaryWeapSilver/Sound/Rifle/Cues/Rifle_ImpactSurface_Cue.Rifle_ImpactSurface_Cue:SoundCueGraph_6.SoundCueGraphNode_108' missing NodeGuid because of upgrade from old package version, this can cause deterministic cooking issues please resave package.
[2020.08.24-21.21.26:817][  0]LogBlueprint: Warning: Node '/Game/MilitaryWeapSilver/Sound/Rifle/Cues/Rifle_ImpactSurface_Cue.Rifle_ImpactSurface_Cue:SoundCueGraph_6.SoundCueGraphNode_109' missing NodeGuid because of upgrade from old package version, this can cause deterministic cooking issues please resave package.
[2020.08.24-21.21.26:817][  0]LogBlueprint: Warning: Node '/Game/MilitaryWeapSilver/Sound/Rifle/Cues/Rifle_ImpactSurface_Cue.Rifle_ImpactSurface_Cue:SoundCueGraph_6.SoundCueGraphNode_110' missing NodeGuid because of upgrade from old package version, this can cause deterministic cooking issues please resave package.
[2020.08.24-21.21.26:817][  0]LogBlueprint: Warning: Node '/Game/MilitaryWeapSilver/Sound/Rifle/Cues/Rifle_ImpactSurface_Cue.Rifle_ImpactSurface_Cue:SoundCueGraph_6.SoundCueGraphNode_111' missing NodeGuid because of upgrade from old package version, this can cause deterministic cooking issues please resave package.
[2020.08.24-21.21.26:817][  0]LogBlueprint: Warning: Node '/Game/MilitaryWeapSilver/Sound/Rifle/Cues/Rifle_ImpactSurface_Cue.Rifle_ImpactSurface_Cue:SoundCueGraph_6.SoundCueGraphNode_112' missing NodeGuid because of upgrade from old package version, this can cause deterministic cooking issues please resave package.
[2020.08.24-21.21.26:817][  0]LogBlueprint: Warning: Node '/Game/MilitaryWeapSilver/Sound/Rifle/Cues/Rifle_ImpactSurface_Cue.Rifle_ImpactSurface_Cue:SoundCueGraph_6.SoundCueGraphNode_131' missing NodeGuid because of upgrade from old package version, this can cause deterministic cooking issues please resave package.
[2020.08.24-21.21.26:817][  0]LogBlueprint: Warning: Node '/Game/MilitaryWeapSilver/Sound/Rifle/Cues/Rifle_ImpactSurface_Cue.Rifle_ImpactSurface_Cue:SoundCueGraph_6.SoundCueGraphNode_Root_6' missing NodeGuid because of upgrade from old package version, this can cause deterministic cooking issues please resave package.
[2020.08.24-21.21.26:819][  0]LogBlueprint: Warning: Node '/Game/MilitaryWeapSilver/Sound/Rifle/Cues/RifleA_Fire_Cue.RifleA_Fire_Cue:SoundCueGraph_11.EdGraphNode_Comment_1' missing NodeGuid because of upgrade from old package version, this can cause deterministic cooking issues please resave package.
[2020.08.24-21.21.26:819][  0]LogBlueprint: Warning: Node '/Game/MilitaryWeapSilver/Sound/Rifle/Cues/RifleA_Fire_Cue.RifleA_Fire_Cue:SoundCueGraph_11.EdGraphNode_Comment_3' missing NodeGuid because of upgrade from old package version, this can cause deterministic cooking issues please resave package.
[2020.08.24-21.21.26:820][  0]LogBlueprint: Warning: Node '/Game/MilitaryWeapSilver/Sound/Rifle/Cues/RifleA_Fire_Cue.RifleA_Fire_Cue:SoundCueGraph_11.SoundCueGraphNode_3' missing NodeGuid because of upgrade from old package version, this can cause deterministic cooking issues please resave package.
[2020.08.24-21.21.26:820][  0]LogBlueprint: Warning: Node '/Game/MilitaryWeapSilver/Sound/Rifle/Cues/RifleA_Fire_Cue.RifleA_Fire_Cue:SoundCueGraph_11.SoundCueGraphNode_80' missing NodeGuid because of upgrade from old package version, this can cause deterministic cooking issues please resave package.
[2020.08.24-21.21.26:820][  0]LogBlueprint: Warning: Node '/Game/MilitaryWeapSilver/Sound/Rifle/Cues/RifleA_Fire_Cue.RifleA_Fire_Cue:SoundCueGraph_11.SoundCueGraphNode_81' missing NodeGuid because of upgrade from old package version, this can cause deterministic cooking issues please resave package.
[2020.08.24-21.21.26:820][  0]LogBlueprint: Warning: Node '/Game/MilitaryWeapSilver/Sound/Rifle/Cues/RifleA_Fire_Cue.RifleA_Fire_Cue:SoundCueGraph_11.SoundCueGraphNode_82' missing NodeGuid because of upgrade from old package version, this can cause deterministic cooking issues please resave package.
[2020.08.24-21.21.26:820][  0]LogBlueprint: Warning: Node '/Game/MilitaryWeapSilver/Sound/Rifle/Cues/RifleA_Fire_Cue.RifleA_Fire_Cue:SoundCueGraph_11.SoundCueGraphNode_83' missing NodeGuid because of upgrade from old package version, this can cause deterministic cooking issues please resave package.
[2020.08.24-21.21.26:820][  0]LogBlueprint: Warning: Node '/Game/MilitaryWeapSilver/Sound/Rifle/Cues/RifleA_Fire_Cue.RifleA_Fire_Cue:SoundCueGraph_11.SoundCueGraphNode_84' missing NodeGuid because of upgrade from old package version, this can cause deterministic cooking issues please resave package.
[2020.08.24-21.21.26:820][  0]LogBlueprint: Warning: Node '/Game/MilitaryWeapSilver/Sound/Rifle/Cues/RifleA_Fire_Cue.RifleA_Fire_Cue:SoundCueGraph_11.SoundCueGraphNode_85' missing NodeGuid because of upgrade from old package version, this can cause deterministic cooking issues please resave package.
[2020.08.24-21.21.26:820][  0]LogBlueprint: Warning: Node '/Game/MilitaryWeapSilver/Sound/Rifle/Cues/RifleA_Fire_Cue.RifleA_Fire_Cue:SoundCueGraph_11.SoundCueGraphNode_86' missing NodeGuid because of upgrade from old package version, this can cause deterministic cooking issues please resave package.
[2020.08.24-21.21.26:820][  0]LogBlueprint: Warning: Node '/Game/MilitaryWeapSilver/Sound/Rifle/Cues/RifleA_Fire_Cue.RifleA_Fire_Cue:SoundCueGraph_11.SoundCueGraphNode_87' missing NodeGuid because of upgrade from old package version, this can cause deterministic cooking issues please resave package.
[2020.08.24-21.21.26:820][  0]LogBlueprint: Warning: Node '/Game/MilitaryWeapSilver/Sound/Rifle/Cues/RifleA_Fire_Cue.RifleA_Fire_Cue:SoundCueGraph_11.SoundCueGraphNode_88' missing NodeGuid because of upgrade from old package version, this can cause deterministic cooking issues please resave package.
[2020.08.24-21.21.26:820][  0]LogBlueprint: Warning: Node '/Game/MilitaryWeapSilver/Sound/Rifle/Cues/RifleA_Fire_Cue.RifleA_Fire_Cue:SoundCueGraph_11.SoundCueGraphNode_89' missing NodeGuid because of upgrade from old package version, this can cause deterministic cooking issues please resave package.
[2020.08.24-21.21.26:820][  0]LogBlueprint: Warning: Node '/Game/MilitaryWeapSilver/Sound/Rifle/Cues/RifleA_Fire_Cue.RifleA_Fire_Cue:SoundCueGraph_11.SoundCueGraphNode_90' missing NodeGuid because of upgrade from old package version, this can cause deterministic cooking issues please resave package.
[2020.08.24-21.21.26:820][  0]LogBlueprint: Warning: Node '/Game/MilitaryWeapSilver/Sound/Rifle/Cues/RifleA_Fire_Cue.RifleA_Fire_Cue:SoundCueGraph_11.SoundCueGraphNode_91' missing NodeGuid because of upgrade from old package version, this can cause deterministic cooking issues please resave package.
[2020.08.24-21.21.26:820][  0]LogBlueprint: Warning: Node '/Game/MilitaryWeapSilver/Sound/Rifle/Cues/RifleA_Fire_Cue.RifleA_Fire_Cue:SoundCueGraph_11.SoundCueGraphNode_92' missing NodeGuid because of upgrade from old package version, this can cause deterministic cooking issues please resave package.
[2020.08.24-21.21.26:820][  0]LogBlueprint: Warning: Node '/Game/MilitaryWeapSilver/Sound/Rifle/Cues/RifleA_Fire_Cue.RifleA_Fire_Cue:SoundCueGraph_11.SoundCueGraphNode_93' missing NodeGuid because of upgrade from old package version, this can cause deterministic cooking issues please resave package.
[2020.08.24-21.21.26:820][  0]LogBlueprint: Warning: Node '/Game/MilitaryWeapSilver/Sound/Rifle/Cues/RifleA_Fire_Cue.RifleA_Fire_Cue:SoundCueGraph_11.SoundCueGraphNode_94' missing NodeGuid because of upgrade from old package version, this can cause deterministic cooking issues please resave package.
[2020.08.24-21.21.26:820][  0]LogBlueprint: Warning: Node '/Game/MilitaryWeapSilver/Sound/Rifle/Cues/RifleA_Fire_Cue.RifleA_Fire_Cue:SoundCueGraph_11.SoundCueGraphNode_Root_11' missing NodeGuid because of upgrade from old package version, this can cause deterministic cooking issues please resave package.
[2020.08.24-21.21.27:226][  0]LogAIModule: Creating AISystem for world TestLevel
[2020.08.24-21.21.27:278][  0]LogEditorServer: Finished looking for orphan Actors (0.000 secs)
[2020.08.24-21.21.27:347][  0]LogUObjectHash: Compacting FUObjectHashTables data took   5.01ms
[2020.08.24-21.21.27:349][  0]Cmd: MAP CHECKDEP NOCLEARLOG
[2020.08.24-21.21.27:349][  0]MapCheck: Map check complete: 0 Error(s), 0 Warning(s), took 0.21ms to complete.
[2020.08.24-21.21.27:349][  0]LogFileHelpers: Loading map 'TestLevel' took 4.377
[2020.08.24-21.21.27:492][  0]LogSlate: Updating window title bar state: overlay mode, drag disabled, window buttons hidden, title bar hidden
[2020.08.24-21.21.27:498][  0]LogSlate: Updating window title bar state: overlay mode, drag disabled, window buttons hidden, title bar hidden
[2020.08.24-21.21.27:505][  0]LogSlate: Updating window title bar state: overlay mode, drag disabled, window buttons hidden, title bar hidden
[2020.08.24-21.21.27:512][  0]LogSlate: Updating window title bar state: overlay mode, drag disabled, window buttons hidden, title bar hidden
[2020.08.24-21.21.27:517][  0]LogCollectionManager: Loaded 0 collections in 0.001667 seconds
[2020.08.24-21.21.27:530][  0]LogFileCache: Scanning file cache for directory 'C:/Users/fsn/Documents/GitHub/RGS_Upgrade/Saved/Collections/' took 0.00s
[2020.08.24-21.21.27:530][  0]LogFileCache: Scanning file cache for directory 'C:/Users/fsn/Documents/GitHub/RGS_Upgrade/Content/Developers/fsn/Collections/' took 0.00s
[2020.08.24-21.21.27:530][  0]LogFileCache: Scanning file cache for directory 'C:/Users/fsn/Documents/GitHub/RGS_Upgrade/Content/Collections/' took 0.00s
[2020.08.24-21.21.27:530][  0]LogContentBrowser: Native class hierarchy populated in 0.0091 seconds. Added 3015 classes and 717 folders.
[2020.08.24-21.21.27:535][  0]LogContentBrowser: Native class hierarchy updated for 'WidgetCarousel' in 0.0003 seconds. Added 0 classes and 0 folders.
[2020.08.24-21.21.27:538][  0]LogContentBrowser: Native class hierarchy updated for 'AddContentDialog' in 0.0002 seconds. Added 0 classes and 0 folders.
[2020.08.24-21.21.27:543][  0]LogContentBrowser: Native class hierarchy updated for 'SceneOutliner' in 0.0003 seconds. Added 2 classes and 3 folders.
[2020.08.24-21.21.27:592][  0]LogSlate: Took 0.000201 seconds to synchronously load lazily loaded font '../../../Engine/Content/Slate/Fonts/Roboto-Regular.ttf' (155K)
[2020.08.24-21.21.27:593][  0]LogSlate: Took 0.000136 seconds to synchronously load lazily loaded font '../../../Engine/Content/Slate/Fonts/Roboto-Bold.ttf' (160K)
[2020.08.24-21.21.27:597][  0]LogSlate: Took 0.000117 seconds to synchronously load lazily loaded font '../../../Engine/Content/Editor/Slate/Fonts/FontAwesome.ttf' (139K)
[2020.08.24-21.21.27:676][  0]LogRenderer: Reallocating scene render targets to support 992x596 Format 9 NumSamples 1 (Frame:1).
[2020.08.24-21.21.27:799][  0]LogContentBrowser: Native class hierarchy updated for 'HierarchicalLODOutliner' in 0.0003 seconds. Added 0 classes and 0 folders.
[2020.08.24-21.21.27:799][  0]LogLoad: (Engine Initialization) Total time: 12.53 seconds
[2020.08.24-21.21.27:799][  0]LogLoad: (Engine Initialization) Total Blueprint compile time: 0.00 seconds
[2020.08.24-21.21.27:858][  0]LogAssetRegistry: Asset discovery search completed in 9.5922 seconds
[2020.08.24-21.21.27:863][  0]LogCollectionManager: Fixed up redirectors for 0 collections in 0.000011 seconds (updated 0 objects)
[2020.08.24-21.21.27:864][  0]LogContentStreaming: Texture pool size now 400 MB
[2020.08.24-21.21.27:895][  0]LogSlate: Took 0.000139 seconds to synchronously load lazily loaded font '../../../Engine/Content/Slate/Fonts/Roboto-Light.ttf' (167K)
[2020.08.24-21.21.33:566][196]LogSlate: Took 0.000175 seconds to synchronously load lazily loaded font '../../../Engine/Content/Slate/Fonts/Roboto-Light.ttf' (167K)
[2020.08.24-21.21.33:589][196]LogAssetEditorSubsystem: Opening Asset editor for DataTable /Game/UltimateShooterKit/Blueprints/DataTables/DT_AllItems.DT_AllItems
[2020.08.24-21.21.34:607][268]LogAssetEditorSubsystem: Opening Asset editor for DataTable /Game/UltimateShooterKit/Blueprints/DataTables/DT_Weapons.DT_Weapons
[2020.08.24-21.23.11:679][196]LogAudioDerivedData: Display: Building compressed audio format OGG hash OGG10025600-1-1-1-1-1 wave SniperRifle_ImpactSurface01...
[2020.08.24-21.23.11:679][196]LogAudioDerivedData: Display: Compression Quality for SoundWave /Game/MilitaryWeapSilver/Sound/SniperRifle/Wavs/SniperRifle_ImpactSurface01.SniperRifle_ImpactSurface01 will be modified from 80 to 80.
[2020.08.24-21.23.11:693][196]LogAudioDerivedData: Display: Updated SoundWave->RawPCMDataSize from 0 to 22488 while cooking SoundWave /Game/MilitaryWeapSilver/Sound/SniperRifle/Wavs/SniperRifle_ImpactSurface01.SniperRifle_ImpactSurface01.
[2020.08.24-21.23.11:693][196]LogBlueprint: Warning: Node '/Game/MilitaryWeapSilver/Sound/SniperRifle/Cues/SniperRifle_ImpactSurface_Cue.SniperRifle_ImpactSurface_Cue:SoundCueGraph_63.SoundCueGraphNode_62' missing NodeGuid because of upgrade from old package version, this can cause deterministic cooking issues please resave package.
[2020.08.24-21.23.11:693][196]LogBlueprint: Warning: Node '/Game/MilitaryWeapSilver/Sound/SniperRifle/Cues/SniperRifle_ImpactSurface_Cue.SniperRifle_ImpactSurface_Cue:SoundCueGraph_63.SoundCueGraphNode_Root_63' missing NodeGuid because of upgrade from old package version, this can cause deterministic cooking issues please resave package.
[2020.08.24-21.23.37:377][ 19]LogBlueprint: Warning: Node '/Game/MilitaryWeapSilver/Sound/SniperRifle/Cues/SniperRifle_ImpactBody_Cue.SniperRifle_ImpactBody_Cue:SoundCueGraph_62.SoundCueGraphNode_19' missing NodeGuid because of upgrade from old package version, this can cause deterministic cooking issues please resave package.
[2020.08.24-21.23.37:377][ 19]LogBlueprint: Warning: Node '/Game/MilitaryWeapSilver/Sound/SniperRifle/Cues/SniperRifle_ImpactBody_Cue.SniperRifle_ImpactBody_Cue:SoundCueGraph_62.SoundCueGraphNode_20' missing NodeGuid because of upgrade from old package version, this can cause deterministic cooking issues please resave package.
[2020.08.24-21.23.37:377][ 19]LogBlueprint: Warning: Node '/Game/MilitaryWeapSilver/Sound/SniperRifle/Cues/SniperRifle_ImpactBody_Cue.SniperRifle_ImpactBody_Cue:SoundCueGraph_62.SoundCueGraphNode_21' missing NodeGuid because of upgrade from old package version, this can cause deterministic cooking issues please resave package.
[2020.08.24-21.23.37:377][ 19]LogBlueprint: Warning: Node '/Game/MilitaryWeapSilver/Sound/SniperRifle/Cues/SniperRifle_ImpactBody_Cue.SniperRifle_ImpactBody_Cue:SoundCueGraph_62.SoundCueGraphNode_22' missing NodeGuid because of upgrade from old package version, this can cause deterministic cooking issues please resave package.
[2020.08.24-21.23.37:377][ 19]LogBlueprint: Warning: Node '/Game/MilitaryWeapSilver/Sound/SniperRifle/Cues/SniperRifle_ImpactBody_Cue.SniperRifle_ImpactBody_Cue:SoundCueGraph_62.SoundCueGraphNode_23' missing NodeGuid because of upgrade from old package version, this can cause deterministic cooking issues please resave package.
[2020.08.24-21.23.37:377][ 19]LogBlueprint: Warning: Node '/Game/MilitaryWeapSilver/Sound/SniperRifle/Cues/SniperRifle_ImpactBody_Cue.SniperRifle_ImpactBody_Cue:SoundCueGraph_62.SoundCueGraphNode_24' missing NodeGuid because of upgrade from old package version, this can cause deterministic cooking issues please resave package.
[2020.08.24-21.23.37:377][ 19]LogBlueprint: Warning: Node '/Game/MilitaryWeapSilver/Sound/SniperRifle/Cues/SniperRifle_ImpactBody_Cue.SniperRifle_ImpactBody_Cue:SoundCueGraph_62.SoundCueGraphNode_Root_62' missing NodeGuid because of upgrade from old package version, this can cause deterministic cooking issues please resave package.
[2020.08.24-21.24.21:979][373]LogSavePackage: Moving '../../../../../../Users/fsn/Documents/GitHub/RGS_Upgrade/Saved/DT_WeaponsB01FEC874BE4B4E43C37AB93A27A2018.tmp' to '../../../../../../Users/fsn/Documents/GitHub/RGS_Upgrade/Content/UltimateShooterKit/Blueprints/DataTables/DT_Weapons.uasset'
[2020.08.24-21.24.21:999][373]AssetCheck: New page: Asset Save: DT_Weapons
[2020.08.24-21.24.22:000][373]LogContentValidation: Display: Validating DataTable /Game/UltimateShooterKit/Blueprints/DataTables/DT_Weapons.DT_Weapons
[2020.08.24-21.24.38:765][104]LogSavePackage: Moving '../../../../../../Users/fsn/Documents/GitHub/RGS_Upgrade/Saved/DT_AllItems70EBD5B642000EC8D071CDBA452E88F5.tmp' to '../../../../../../Users/fsn/Documents/GitHub/RGS_Upgrade/Content/UltimateShooterKit/Blueprints/DataTables/DT_AllItems.uasset'
[2020.08.24-21.24.38:781][104]AssetCheck: New page: Asset Save: DT_AllItems
[2020.08.24-21.24.38:781][104]LogContentValidation: Display: Validating DataTable /Game/UltimateShooterKit/Blueprints/DataTables/DT_AllItems.DT_AllItems
[2020.08.24-21.24.46:943][572]LogEditorViewport: Clicking on Actor (LMB): BP_BaseItem_C (BP_BaseItem75)
[2020.08.24-21.28.48:364][646]LogTemp: Repeating last play command: Selected Viewport
[2020.08.24-21.28.48:377][646]LogPlayLevel: PlayLevel: No blueprints needed recompiling
[2020.08.24-21.28.48:378][646]PIE: New page: PIE session: TestLevel (Aug 24, 2020, 11:28:48 AM)
[2020.08.24-21.28.48:379][646]LogOnline: OSS: Creating online subsystem instance for: NULL
[2020.08.24-21.28.48:380][646]LogOnline: OSS: TryLoadSubsystemAndSetDefault: Loaded subsystem for module [NULL]
[2020.08.24-21.28.48:380][646]LogLinker: Warning: Failed to load '/Game/UltimateShooterKit/Framework/BP_ShooterGameInstance': Can't find file.
[2020.08.24-21.28.48:380][646]LogLinker: Warning: Failed to load '/Game/UltimateShooterKit/Framework/BP_ShooterGameInstance': Can't find file.
[2020.08.24-21.28.48:380][646]LogUObjectGlobals: Warning: Failed to find object 'Class /Game/UltimateShooterKit/Framework/BP_ShooterGameInstance.BP_ShooterGameInstance_C'
[2020.08.24-21.28.48:380][646]LogPlayLevel: Creating play world package: /Game/UltimateShooterKit/Environment/Maps/UEDPIE_0_TestLevel
[2020.08.24-21.28.48:402][646]LogPlayLevel: PIE: StaticDuplicateObject took: (0.021845s)
[2020.08.24-21.28.48:404][646]LogAIModule: Creating AISystem for world TestLevel
[2020.08.24-21.28.48:404][646]LogPlayLevel: PIE: World Init took: (0.001445s)
[2020.08.24-21.28.48:404][646]LogPlayLevel: PIE: Created PIE world by copying editor world from /Game/UltimateShooterKit/Environment/Maps/TestLevel.TestLevel to /Game/UltimateShooterKit/Environment/Maps/UEDPIE_0_TestLevel.TestLevel (0.023590s)
[2020.08.24-21.28.48:432][646]LogUObjectHash: Compacting FUObjectHashTables data took   2.52ms
[2020.08.24-21.28.48:436][646]LogAudioMixer: Display: Audio Mixer Platform Settings:
[2020.08.24-21.28.48:436][646]LogAudioMixer: Display: 	Sample Rate:						  48000
[2020.08.24-21.28.48:436][646]LogAudioMixer: Display: 	Callback Buffer Frame Size Requested: 1024
[2020.08.24-21.28.48:436][646]LogAudioMixer: Display: 	Callback Buffer Frame Size To Use:	  1024
[2020.08.24-21.28.48:436][646]LogAudioMixer: Display: 	Number of buffers to queue:			  2
[2020.08.24-21.28.48:436][646]LogAudioMixer: Display: 	Max Channels (voices):				  32
[2020.08.24-21.28.48:436][646]LogAudioMixer: Display: 	Number of Async Source Workers:		  0
[2020.08.24-21.28.48:436][646]LogAudio: Display: AudioDevice MaxSources: 32
[2020.08.24-21.28.48:437][646]LogAudio: Display: Using built-in audio occlusion.
[2020.08.24-21.28.48:437][646]LogAudioMixer: Display: Initializing audio mixer.
[2020.08.24-21.28.48:449][646]LogAudioMixer: Display: Audio Device Output Speaker Info:
[2020.08.24-21.28.48:449][646]LogAudioMixer: Display: Name: Speakers (Realtek High Definition Audio)
[2020.08.24-21.28.48:449][646]LogAudioMixer: Display: Is Default: Yes
[2020.08.24-21.28.48:449][646]LogAudioMixer: Display: Sample Rate: 48000
[2020.08.24-21.28.48:449][646]LogAudioMixer: Display: Channel Count Used: 2
[2020.08.24-21.28.48:449][646]LogAudioMixer: Display: Device Channel Count: 2
[2020.08.24-21.28.48:449][646]LogAudioMixer: Display: Channel Order:
[2020.08.24-21.28.48:449][646]LogAudioMixer: Display: 0: FrontLeft
[2020.08.24-21.28.48:449][646]LogAudioMixer: Display: 1: FrontRight
[2020.08.24-21.28.48:473][646]LogAudioMixer: Display: Using Audio Device Speakers (Realtek High Definition Audio)
[2020.08.24-21.28.48:475][646]LogInit: FAudioDevice initialized.
[2020.08.24-21.28.48:485][646]LogLoad: Game class is 'BP_ShooterGameMode_C'
[2020.08.24-21.28.48:491][646]LogWorld: Bringing World /Game/UltimateShooterKit/Environment/Maps/UEDPIE_0_TestLevel.TestLevel up for play (max tick rate 0) at 2020.08.24-16.28.48
[2020.08.24-21.28.48:491][646]LogWorld: Bringing up level for play took: 0.005696
[2020.08.24-21.28.48:492][646]LogOnline: OSS: Creating online subsystem instance for: :Context_3
[2020.08.24-21.28.48:495][646]LogContentBrowser: Native class hierarchy updated for 'MovieSceneCapture' in 0.0004 seconds. Added 20 classes and 0 folders.
[2020.08.24-21.28.48:566][646]PIE: Play in editor start time for /Game/UltimateShooterKit/Environment/Maps/UEDPIE_0_TestLevel 0.052
[2020.08.24-21.28.52:757][ 10]LogAudioMixer: Display: No commands were queued while flushing the source manager.
[2020.08.24-21.28.52:758][ 10]LogAudioMixer: Display: No commands were queued while flushing the source manager.
[2020.08.24-21.28.52:758][ 10]LogSlate: Updating window title bar state: overlay mode, drag disabled, window buttons hidden, title bar hidden
[2020.08.24-21.28.52:758][ 10]LogWorld: BeginTearingDown for /Game/UltimateShooterKit/Environment/Maps/UEDPIE_0_TestLevel
[2020.08.24-21.28.52:758][ 10]LogAudioMixer: Display: No commands were queued while flushing the source manager.
[2020.08.24-21.28.52:759][ 10]LogWorld: UWorld::CleanupWorld for TestLevel, bSessionEnded=true, bCleanupResources=true
[2020.08.24-21.28.52:759][ 10]LogSlate: InvalidateAllWidgets triggered.  All widgets were invalidated
[2020.08.24-21.28.52:785][ 10]LogPlayLevel: Display: Shutting down PIE online subsystems
[2020.08.24-21.28.52:790][ 10]LogSlate: InvalidateAllWidgets triggered.  All widgets were invalidated
[2020.08.24-21.28.52:817][ 10]LogAudioMixer: Display: No commands were queued while flushing the source manager.
[2020.08.24-21.28.52:835][ 10]LogSlate: Updating window title bar state: overlay mode, drag disabled, window buttons hidden, title bar hidden
[2020.08.24-21.28.52:841][ 10]LogUObjectHash: Compacting FUObjectHashTables data took   2.45ms
[2020.08.24-21.28.52:862][ 11]LogPlayLevel: Display: Destroying online subsystem :Context_3
[2020.08.24-21.29.00:679][298]LogSavePackage: Moving '../../../../../../Users/fsn/Documents/GitHub/RGS_Upgrade/Saved/DT_WeaponsD732482B4D160F268FED8A880E734A62.tmp' to '../../../../../../Users/fsn/Documents/GitHub/RGS_Upgrade/Content/UltimateShooterKit/Blueprints/DataTables/DT_Weapons.uasset'
[2020.08.24-21.29.00:693][298]AssetCheck: New page: Asset Save: DT_Weapons
[2020.08.24-21.29.00:693][298]LogContentValidation: Display: Validating DataTable /Game/UltimateShooterKit/Blueprints/DataTables/DT_Weapons.DT_Weapons
[2020.08.24-21.29.02:394][367]LogEditorViewport: Clicking on Actor (LMB): BP_BaseItem_C (BP_BaseItem75)
[2020.08.24-21.29.23:477][168]LogAssetEditorSubsystem: Opening Asset editor for SkeletalMesh /Game/MilitaryWeapSilver/Weapons/Sniper_Rifle_A.Sniper_Rifle_A
[2020.08.24-21.29.23:481][168]LogContentBrowser: Native class hierarchy updated for 'SkeletonEditor' in 0.0003 seconds. Added 1 classes and 2 folders.
[2020.08.24-21.29.23:671][168]LogActorComponent: RegisterComponentWithWorld: (/Engine/Transient.World_3:PersistentLevel.AnimationEditorPreviewActor_0.DebugSkelMeshComponent_0) Already registered. Aborting.
[2020.08.24-21.29.23:672][168]LogContentBrowser: Native class hierarchy updated for 'PinnedCommandList' in 0.0003 seconds. Added 1 classes and 0 folders.
[2020.08.24-21.29.23:729][168]LogSkeletalMesh: USkeletalMeshComponent::InitArticulated : Bodies already created (/Engine/Transient.World_3:PersistentLevel.AnimationEditorPreviewActor_0.DebugSkelMeshComponent_0) - call TermArticulated first.
[2020.08.24-21.29.23:979][169]LogRenderer: Reallocating scene render targets to support 992x864 Format 9 NumSamples 1 (Frame:1).
[2020.08.24-21.29.28:226][268]LogRenderer: Reallocating scene render targets to support 1144x884 Format 9 NumSamples 1 (Frame:133).
[2020.08.24-21.29.49:140][645]LogEditorFactories: Performing atomic reimport of [C:/Users/fsn/Documents/GitHub/RGS_Upgrade/Content/Sniper_Rifle_A.FBX]
[2020.08.24-21.29.49:181][645]LogFbx: Loading FBX Scene from C:/Users/fsn/Documents/GitHub/RGS_Upgrade/Content/Sniper_Rifle_A.FBX
[2020.08.24-21.29.49:194][645]LogFbx: FBX Scene Loaded Succesfully
[2020.08.24-21.29.49:217][645]LogFbx: Valid bind pose for Pose (Sniper_Rifle_A) - Sniper_Rifle_A.001
[2020.08.24-21.29.49:225][645]LogFbx: Warning: Bones digested - 7  Depth of hierarchy - 4
[2020.08.24-21.29.49:325][645]LogSkeletalMesh: Section 0: 4478 vertices, 4 active bones
[2020.08.24-21.29.49:326][645]LogSkeletalMesh: Section 0: Material=0, 4945 triangles
[2020.08.24-21.29.49:336][645]LogEditorFactories: -- imported successfully
[2020.08.24-21.29.49:339][645]FBXImport: Warning: No smoothing group information was found in this FBX scene.  Please make sure to enable the 'Export Smoothing Groups' option in the FBX Exporter plug-in before exporting the file.  Even for tools that don't support smoothing groups, the FBX Exporter will generate appropriate smoothing data at export-time so that correct vertex normals can be inferred while importing. 
[2020.08.24-21.29.49:346][645]LogSkeletalMesh: Building Skeletal Mesh Sniper_Rifle_A...
[2020.08.24-21.29.49:548][645]LogSkeletalMesh: Section 0: 4478 vertices, 4 active bones
[2020.08.24-21.29.49:548][645]LogSkeletalMesh: Section 0: Material=0, 4945 triangles
[2020.08.24-21.29.49:614][645]LogOutputDevice: Warning: 

Script Stack (0 frames):

[2020.08.24-21.29.49:615][645]LogWindows: Windows GetLastError: The operation completed successfully. (0)
